Load Train Cost:6.470000s
Create Vocab Cost:3.320000s
TF Cost:8.360000s
23374
百货店
郑重
扭头
5555555
少许
丢掉
大声
中心
白眼
褪色
自助餐
LATTE
脸面
270
六分
275
276
278
鼻涕
更改
工作状态
不得已
写照
开工
收费
菜鹅
泡泡糖
绿野
建立
宣传画
kids
9日
4點
八十五
byebye
大众化
响起
45
乐事
正题
条条
着急
胳膊
music
费时
形象
食性
呈现
自始至终
班长
40
块头
Le
wang
La
反馈
ichido
want
情节
LG
LD
音响效果
LA
白领
LV
争
LS
LP
自豪
LZ
票据
二
二十一
随处
惊吓
绿豆
荣幸
最後
酿酒
趣味
发亮
有
月
朋
服
毛头
最
會
疾病
望
朝
甜品
朔
朗
木
末
未
札
本
术
侮辱
朦
杭州
机
点到为止
长途跋涉
朱
朵
朴
这种
角度
HIGH
赶早
赞同
亦
竹
小時
砸
包飯
此次
破
代替
390
399
398
残骸
芝麻酱
黑豆
XXXX
砚
燈光
研
砖
砌
亲
细雨
size
码
砂
啥子
荷兰
CHEESE
鸡蛋壳
雞肉
鼓浪屿
亿
感恩
素斋
密度
观望
kfc
校外
骨头
长阳
service
洗礼
⊙o⊙
凯德龙
荒凉
肉麻
礼服
102
一去不复返
代购
折算
上档次
feeling
乐队
男
流通
訂位
外人
科技馆
俗称
偶尔
第4
陈设
疑惑
笨拙
They
Brunch
膻气
小青年
放假
牙缝
收购
欺压
坑坑洼洼
去世
次比较
扫帚
黑斑
点名
辣手
找回
禁不住
實惠
竞
厂房
than
慢走
LIVE
彩色
切忌
签字
rice
签子
永康
拂袖而去
劳斯莱斯
依舊
同等
店堂
座无虚席
远在
讲明
浏览
lots
无可厚非
小宝宝
因为
播放
号称
少有
其中
油漆
竽
松子
稀稀拉拉
大马
+10
拒收
其三
失眠
书橱
差错
资产
红豆
维权
伎俩
少女
桌面
兔子
其次
评论
.
毛发
餐椅
乌参
强迫症
深刻
原版
思量
压抑
速决
速冻
噎住
惹事
酒会
对方
罢休
黏住
外星人
热带
留给
烹制
皮子
嚓
嚎
火苗
嚇
美貌
嚼
友情
衛生
打仗
嚷
洗涤剂
嚯
作响
判若两人
汤水里
事儿
桶
独此一家
米兰
桨
桩
sunflour
桢
档
压根儿
更何况
桥
桑
荷包
桔
案
年纪
桌
桂
桃
一面
框
陷阱
年级
食量
原委
如若
清爽
马相
ham
hao
失而复得
had
女皇
结帐
间断
has
民宅
马来
12:30
仔鸡
慎
难能可贵
每况愈下
慌
兴高采烈
悠久
芳香
无意间
五月
窝火
分明
静悄悄
慕
当面
盘旋
熘
取缔
步入
角落处
愈发
干涩
满身
越南
心跳
後來
感谢
美酒
干涉
金碧辉煌
水费
动
快快
技能
信仰
签到
怀石
怒气
泪流满面
懒惰
菠蘿
昨晚
加油
沪西
香水
下车
假冒
可悲
25年
黄浦
酷爱
奸商
酒量
6分钟
太阳
楼上上
危害
试管
糖汁
恶劣
刁难
安抚
微风
E
轻
脑筋
华夏
湿润
东西部
习俗
华夫
旋转
海鲜
不凡
要麼
音樂
忙不迭
贼船
經營
不准
代表性
随心所欲
独家
物品
这家
choice
经常性
庆祝
质量
鲜奶
坐下
嵌
成问题
依稀
发觉
每张
300
取回
刀切
势
皇冠
Mc
卑鄙
O
Mr
玛丽
上调
My
ME
MD
MC
MM
MT
MV
MS
MR
灭火
图书
MY
祸害
碰到
纯粹
乞丐
香香
忘记
夜景
合用
夜晚
缓和
3块
算术
茶碗
30%
699
海宁
石器
图画
石泉
天下第一
中国人
5：30
再不
发红
眉毛
玩乐
如出一辙
电烤
数数
外界
必勝
粟米
卡通
布满
送别
绝对性
送到
新派
神色
牛利
应有尽有
照镜子
辐射
情人节
将军
初四
行列
隧道
分布
供應
上等
绝大部分
落荒而逃
桃仁
mango
怎么
高檔
绝大多数
LJ
炸酱
劲
气质
秀气
女友
一次性
商量
不论
愧对
PASTA
无效
不许
无敌
\
无故
24.8
保养
半圆形
答非所问
各种各样
didn
顶点
加热
臭豆腐
M
蹩脚
玫瑰花
小街
799
798
看到
念念不忘
出手
遮住
即使
劈
JG
在于
缝隙
群体
变
丝都
星期
趴
定制
手表
中间
和善
就此
暴力
one
望而却步
茶道
拙劣
愤愤
果粉
聚齐
定期
同济
手忙脚乱
理亏
男性
小屋
称呼
好看
小山
细小
末班车
显而易见
贵重
安信
安保
透明
伴侣
开花
初步
民众
buffet
杂乱
区分
成为
实验室
帮腔
成上
經典
接口
区别
工薪
Willy
连体
晒台
合物
开眼
容纳
茶水
苍蝇
服务员
3
轻易
心醉
破产
不够
伦哥
功德
台历
必备
花生豆
原料
哪边
期
暗黑
红枣
吼叫
黄金
麻烦
来头
好使
凉快
五彩缤纷
气呼呼
口舌
新增
学院
丰腴
隆兴
年会
抵抗力
唯利是图
厚度
对话
一对
s
对证
时值
后期
缓解
468
21：00
雪龙
页面
亲眼
差距
上个月
过多
修饰
过夜
太和
photos
乘机
怪不得
排斥
过失
过头
宴请
星期一
禾禄
偏差
肌肉
瞧见
前期
满天飞
就是说
处女
不能不
看不起
銀
好找
余额
好手
只限
蓬蒿
笔记
第八
磨合
桔子
℃
兰生
火力
蓝天
苗条
冰片
桃酥
成立
十二月
基本点
冒雨
细语
细说
英语角
叹气
棒冰
中药材
孔雀
划分
迸发
半吊子
奔波
参半
戏剧性
兴冲冲
艘
艇
world
头皮
拉丝
色
艳
服务人员
艷
艹
艺
艾
￥58
拉丁
良
文蛤
爷爷
难点
偷偷
灯光
灯具
空口
主义
出來
将来
未来
傻
烟雾
欺负
飘
当家的
华润
室外
接下来
疲倦
比起
帳
披萨里
合算
No
识别
社会主义
宗教
圆球
不仅
NN
NO
勉勉强强
NB
NC
並且
砰
鼎
咸鱼
精明
以免
with
悬挂
豆腐块
有望
真个
巴不得
CAKE
乃至
亲身
灯火
异样
cream
中餐馆
总算
幽幽
池子
朦胧
收藏
鸭掌
芝士和
难办
肯德基
报道
不可理喻
茶几
发展
外籍
认认真真
烧锅
一个个
话音
巧妙
住店
通路
崇明
右侧
2：
white
巴克
储值卡
狠心
铲子
快速
最最
想见
万般
条理
改换
small
蠕动
票根
魂
199
198
195
194
196
191
身份
魏
192
魔
pass
魚
少不了
魯
温顺
冲天
好说歹说
full
填报
扩大
的确
提神
樱花
旁人
七百
撕开
２０
蛋白质
稍后
片面
感冒
说不上
获取
大盘
保留
油麦
冬日
随着
冷点
形状
大盤
more
為主
變
讓
素食者
结局
讚
狂热
计
订
认
让
讨
讪
训
议
记
讲
刘海兰
许
饱餐
论
访
设
改善
占据
厚薄
濃郁
后来
舍友
短发
欠
茉莉花
11.8
豐富
高級
坚称
气人
负面
磁
身着
大嫂
信佛
sauce
宫廷
首選
在线
奔驰
品质
擁擠
表演
颜料
荸荠
兼具
长期
靠背
一代
开口
预期
祝福
杏仁茶
电源插座
产地
血汗钱
开发
失踪
面包片
此间
拉手
烧鹅
例假
出入
渗水
加速
出具
外皮
贵州
动心
12.30
横行
各项
矜持
路人
骗局
乏味
被告
挤满
迎面
老化
英寸
笔筒
专员
尽管如此
点缀
晕乎乎
偌大
雪亮
墨汁
高尔夫
可笑
菜羊
头发
3日
设计师
落差
Food
备用
also
改善服务
鲜鱼
乌龙茶
无声
误会
风雨
名品
解决办法
节后
太白
蜻蜓点水
OTL
围裙
風味
早先
OTZ
福州
额度
风雅
热风
愣
榨菜
85°
力度
认得
杂乱无章
愿
愁
耍赖
葫芦
哈根达斯
愈
意
捲
愛
愚
感
娴熟
Wifi
甘泉
自信
机关
自修
深度
318
ddp
310
熊熊
够呛
廚師
侧面
268
专修
宁肯
出示
欧
豪华
居民楼
磨洋工
稀
税
程
汤碗
last
稱
稳
稽
稿
扣款
稠
稣
種
回单
大于
传染
大事
等等
精简
热水瓶
大人
距离
紫色
楼道
份数
一抢而空
零星
呵斥
特别
特別
绝望
花露水
飞过
特制
时而
32
一小撮
可耻
定义
出席
11：40
酒菜
清秀
文房四宝
锁骨
桑拿
冒失
洋溢
本人
妈妈
互相
胶质
滋味
异地
全场
白嫩
耽误
疲惫
欣然
愉快
夫妇
夸奖
加重
加里
把酒
晚餐
杜月笙
狡猾
亚于
故意
定座
哭丧
泄愤
Ok
Oh
设计
couple
置评
速率
昏暗
ON
OK
OH
分辨
东川
赶超
OR
奈何
发券
自制
构思
错事
熬汤
开销
开锅
屏幕
独树一帜
瞎说
微醺
判断
失礼
哇塞
拾一
橘
橙
機
橋
迟到
机上
吹冷风
二三十分
颜面
淅淅沥沥
捣乱
旧
富裕
天衣无缝
招手
转转
整改
极大
刀削面
小伙子
目的
咱
咳
咽
咾
咸
咦
咣
咬
咯
咩
咪
咔
咕
咖
忠告
咒
地位
咚
咀
咂
和
完全
繁忙
颠覆
咋
浦西
0.5
琉球
圣代
渗出
减肥
虹口区
收尾
前进
線
野味
挂牌
下雪
芳斋
节目
欲罢不能
緻
抹黑
当前
脆弱
强壮
蒙古包
经验
中华
协议
師傅
盐粒
版面
梅赛德斯
一般性
辛辛苦苦
清理
可亲
毛病
送来
永嘉路
摄像头
雇员
彭于晏
599
598
衡量
胡同
游离
动物
四四
致
缓慢
PS：
洋楼
德行
餐饮部
5年
内蒙
气候
足球
吊灯
呼朋唤友
平凡
鱼子酱
五六年
懒觉
委实
平凉
桃江
八宝菜
操守
锦庭
流汗
保密
next
茂名
金钱
隐瞒
闵行
月色
rich
臟
源源不断
成就感
極度
欢送
baby
customer
往后
原址
驻
查看
作法
浮躁
刁钻
戒指
安顿
趟
顺路
大脑
4分
六七
何乐而不为
西班牙
臊
：日
绵绵
正经
采访
败笔
袋子
宽广
正统
照明
圈套
家当
One
双人
借助
情形
沃
色拉油
眺望
沉
沈
数不胜数
大西北
沌
沓
沒
沐
沖
沙
沟
加薪
perfect
没
沧
沥
沫
沪
河
低热
刘一
豆腐衣
治
油
沸
沿
沾
沽
卡哇伊
胡说
不及
朴素
刮卡
攒动
不只
不可
大叔
纪念品
立足
卤
卧
卦
卡
占
卢
厉害
通病
紫藤
各有所好
笔直
卵
却
卷
印
即
卿
卸
卻
本意
升
富翁
十
區
'
整治
华
午
半
单
南
卖
卑
卓
翠华
卜
两三点
博
企业
打包

-10
节奏
呶
精益求精
could
WIFI
白沫
加入
预定
赔
高于
spaghetti
强制
門
天使
电脑前
多少
年年
会长
任意
呦
熙熙攘攘
长江
洲际
粉条
庆幸
将心比心
巴黎
果子
3元
遮掩
实行
呜
韓
周年
伊犁
呐
信息
去火
按捺不住
柠檬
有方
饱和
dishes
呈
告
正确
J
白醋
呀
主题
加料
响应
盛名
绝无仅有
6：00
不甘
服务器
蟹肉
平民
皱眉头
超贵
木炭
侵犯
修理
不由
换成
长廊
2日
不用
原样
留待
列举
列为
叹为观止
成群结队
良莠不齐
东南
咸菜
无权
插座
实体
22日
iPad
Ps
置若罔闻
棍子
大衣
会议
常常
八拐
制止
五点一
PS
PP
海虹
PC
PK
大街
PL
Kitchen
就算
驻足
揭穿
牢骚
出摊
簡直
失真
悦目
名菜
honey
爵士
主厨
問題
画蛇添足
不尽
元老
肉牛
不少
识货
喳喳
大大小小
闪耀
hotel
肉片
不對
>
小道
先端
琴声
狗肉
韩国
再说
灰尘
暖气
猜想
腌制
平时
同步
娟
创业
85°c
网站
娘
娇
娅
娃
威
商场
極點
85°C
里拉
專門
壮观
象山
香干
狭长
想当然
涂层
溧阳
鴛鴦
平日
off
雍福会
桌椅
部份
仁慈
晶晶
瑞士
赞许
花坛
忽视
1千
表扬
記得
￥15
亲娘
難怪

pier
席间
八点
辞职
檔
碧玉
假钞
艺术品
差不多
物业
岳
鲮鱼
傻眼
风车
牛奶
持卡人
PANCAKE
短短的
檔次
视听
中和
【
】
〒
〕
饼子
〗
〈
〉
《
》
「
」
补补
　
、
。

々
普洱茶
白木耳
醒悟
沙滩
通电话
冲突
一百五十
痛心
脑门
總的來說
集聚
much
门票
外行
用作
过场
诗意
马兰
碧云
03年
一百二十
必須
论坛
应急
邨
邪
圖片
邮
那
邦
华侨
呼叫
邱
它們
大和
邵
邊
三湖
邀
還
好評
美名
肥美
邑
邓
美轮美奂
汉堡
甘心
U
坦白
采用
舞
及时
信赖
及早
好恶
简陋
不惜
國內
孕妇
新品种
游泳池
平价
worth
看板
聽
用于
聲
看来
聊
聋
职
負責
聘
聚
聞
演员
联
美人
质疑
白白
不依不饶
路旁
面包店
蔡澜
大出血
皇帝
冰激凌
588
家住
开火
符合
极点
裝潢
乌黑
韩罗苑
省略
次服务
剪刀
20:30
蹊跷
绅士
赚取
酒器
大唐
扔下
老练
嚐
台塑
冠军
嚒
途经
手气
风光
之前
超级
椅背
豆芽菜
按理说
商家
整天
像
佳品
花椰菜
青豆
精打细算
式样
供给
新华
翻来覆去
种类
硬性
茶叶
克勒
耳边风
万科
一度
装潢
带入
新人
井井有条
多亏
多于
滚烫
高明
紅燒肉
加快
一起
焦香
12.5
空落落
亲热
12.8
方式
节日
挂钩
枣阳
三峡
神乎其神
椰蓉
预感
张罗
静静地
僧
coffee
细致入微
标杆
鸡尾酒
裙子
这次
11日
斜对面
l
门道
久留
reasonable
ェ
中国式
真爽
光亮
饕
圆子
高峰
挑拣
饺
饼
饿
饱
饰
饵
怀念
饶
饨
理应
饭
饮
饥
总机
巴子
调制
歇业
农工商
充斥
黑钱
块装
偏离
帕尔玛
人道
索要
制服
起來
@@
天经地义
單子
相扑
强悍
番茄酱
柔韧
烟雾弥漫
剥夺
十八
十六
科学
john
来来往往
羔羊
3.15
大腿
見
規
要
白衣
SHIT
覆
龍蝦
水流
传达
贝壳
親
jepson
会心
声称
磨蹭
小米粥
草鱼
8點
抢走
走人
变化很大
通宵
闲暇
肥肉
西西
娘家
同事
网路
QQ
智慧
媽媽
菲菲
肥肠
五十分
惦念
老远
PAD
唯一一点
HUT
钿
服务客户
一览无遗
台式
一点..
二来
之上
消息
单页
咸香
细沙
服气
黄浦区
返工
王法
七七八八点
退化
第十
万能
比例
away
失调
水饺
Happy
涌动
面色
触
投票
钟头
祖祖
kitchen
正比
中兴
苦大仇深
办事
鸡蛋糕
美的
发牢骚
拉卡
享受
维萨
营业额
立体
重视
预报
轻快
嘉里城
螺蛳
隐性
低人一等
态度
周浦
告终
大意
墩子
承诺
19日
亲朋好友
鸟
煞风景
地段
提高
鸭
水乡
鸡
鸦
鸿
鸽
毫升
永乐
不良
雾蒙蒙
江桥
野人
不得了
毫不客气
尽责
盛夏
搬进
麻花
管理者
打開
挑剔
挻
挺
隔板
位子
品尝
倒扣
挨
娃娃
挪
振
挡
挠
挣
挥
挤
大拉皮
可乐
挞
挑
挖
按
营造
身子
持
挂
圣诞树
指
車
Restaurant
世博会
軟
封闭
样样
交融
鹅蛋
垃圾
雞湯
night
全景
工作人员
姥姥
被迫
出笼
黑漆漆
1點
路桥
各自
市场价
電話
核算
比拟
口才
汉源
琼
硬盘
表現
琴
餐饮店
這家
琳
半截
理
球
转让
灰色
黑衣
单独
琐
当天
作為
莲藕
干杯
SOSO
标识
当头
京味
興趣
那么
语气
骰子
康
标语
当夜
唐山
扬州
2.点
恭維
请客
走路
鱼冻
极其
渔港
中小
石头
常德
转嫁
宝马
消暑
公干
楚楚园
衣着
薄薄的
难怪
走狗
碰面
控诉
开席
六八
南麓
闸北
聪明
個人
四海
放
硕大
鳜鱼
有钱
}
无与伦比
必需
果留仙
爵
换算
金鱼
过期
红宝石
淮海
紧俏
扫兴
国语
爿
恍若
鸡蛋
苍天
洗刷
終於
手纸
杂质
钓
辛勤
天鹅
今日
春秋
cost
恰恰
勇敢
隔离
心路
谈谈
外来妹
当班
母校
牛仔裤
构成
李宁
管子
无尽
慰
English
大院
倒下
大陆
摩
黄花鱼
extra
日食
摧
前脚
摸
选项
以内
爽口
摊
豪迈
用具
摁
摆
摇
摘
素来
摞
渔
摒
SIZE
摔
纯正
修车
渐
冷菜
浓汤
扎实
凭借
公务
人头费
did
阿哥
本土
Pizza
常识
典范
lounge
专家
股子
共有
满头
翘
翔
畅快
卡布奇诺
翅
翁
温情
游
翼
麦芽
翻
穿越
翰
你们
渴
装饰
翠
当做
大西洋
侠气
渣子
泗
海蜇头
精细
RP
紧密
卖弄
一如既往
RB
多哈
not
泥
奖金
⊙b
浦东
Latina
试探
yeah
fu
没有
休闲
屈臣
手势
而已
分成
暖和
老太婆
泻
泼
沉闷
之类
无耻
八宝饭
圈子
雪糕
精髓
色调
a
造福
宜人
微波
品红
家乐福
显得
平台
过往
根毛
电话号码
没完
汇源
想来
诧异
健身房
告訴
络绎不绝
松江
攀
有种
不规则
径直
少于
+6
egg
贴
安福
宝贝
大鼓
叉子
法國
7:30
溜
源
傲气
事前
溏
溃
満
溅
雾腾腾
4年
溫
一成不变
玩弄
鲑
溢
海藻
中环
鲔
准确
伺候
小憩
破破烂烂
侥幸
粉量
海产品
肉感
似的
西面
鲍
兽
兼
兹
典
养
兵
兴
具
棒棒糖
共
兰
关
注明
六
公
三十分
鸵鸟
全
八
內
店铺
差价
兜
党
兔
琥珀
兑
从不
搀扶
免
光
先
克
充
从业
兇
兆
house
元
隐形
3cm
上半年
红灯笼
不折不扣
天时地利
軟軟
Team
哄抢
水灵灵
碎片
感激
谈笑
明胶
具体情况
上网
八仙桌
150
火烧
三鲜汤
1039
情理之中
鲭
芭乐
统共
粉嫩
pinyin
八五
路面
共鸣
4点
说来
鲤
品性
匀
进口
相像
缘故
粤菜
要价
阳伞
亮亮的
谩骂
洋菜
毛衣
进取
质问
猴子
15.
家門口
操作
世博
匝
28分
届时
柴油
康师傅
魚片
阿山
举报
价廉
蒙骗
這樣
他人
taxi
家宅
Service
ps:
爷们
自言自语
家家
家宴
开价
现金
drink
宠物
費用
甜水
口号
热烈
领带
药味
社交
伦次
苦笑
天桥
热热
天色
海湾
教训
进食
滥竽充数
方便面
西洋
北海道
污染
朴实
死心
引入
金色
香山
罗勒
宁静
室友
为此
踪影
旧时
瑞金
渠道
奶茶
汇聚
温热
肝火
不肯
棒子
再见
目的地
知情
呸
退出
卤菜
600
堤
柳州
堡
60%
啊呀
起身
八年
場
堵
东张西望
60+
节省时间
堂
poor
响当当
心寒
莎拉
笑臉
厨师
较真
计算机
杯子
变卦
无人
人員
原装
彻底
阴沉
死死的
推托
顾虑
遍地开花
允许
昏迷
誰
生就
极了
上瘾
汤底
招牌
规划
规则
仅仅
雞翅
正式
推销
实质
机械
韩品
国际化
0分
理想
注视
杂面
呲
用心
回荡
应酬
煤气
莴笋
尽管
归纳
绵白糖
誓
高价
998
呷
幽会
做到
牛舍
侍应
支支吾吾
ask
数一数二
电动
构造
分类
电力
迎接
奇观
辨识
干瘪瘪
石河子
雨伞
付清
So
氛圍
禾
屋里
片儿
SH
SO
SB
和蔼可亲
1年
烟囱
留下来
相加
梦寐以求
稻田
黑鱼
恶行
I
好象
中途
神经
说话
表述
真菌
不满
突击队
说说
德
月份
應該
重量
先见之明
频繁
老奶奶
干菜
静安区
starbucks
再者
礼盒
古代
當然
包皮
cute
狠狠
商德
细点
heavy
散伙
公共场合
隐隐
微
7
申明
仙境
料台
低于
外形
仰慕
房产
座落
戏剧
调情
敦实
青木
simply
大世界
Tiramisu
扑克
枣糕
秘诀
人体
为什么
难度
瞄准
茶树
320
拉肚子
阻碍
中放
待
地震
汤姆
有的是
调理
大地
≦
≧
给定
湖南路
口香糖
神话
880
889
888
车费
减掉
88.
面子
面孔
浴缸
青少年
乡土气息
人文
细嫩
级差
否則
沒什麼
看中
看上
蜇
后来人
不要脸
台阶
场子
拉客
上品
香格里拉
上班族
带卡
个别
上乘
交头接耳
人行
French
青稞
醒来
从未
一天到晚
湿漉漉
茶会
爆炒
跟进
星球
爆炸
1100
无比
溃疡
分量
缺乏
靠
面
革
紧贴
龙华
靓
青
虎皮
静
靜
非
传递
弹性
靈
精品
庞大
电话费
拖拖拉拉
冰点
铁板
携带
缺憾
百事可乐
灌
老头子
不料
排行
结论
宰杀
调味
麦乳精
盐水
计算器
不断
留下
涉嫌
螺丝钉
项目
螺
别样
不过如此
灵光
带鱼
樟茶
刷新
为数不多
螃
融
玫瑰露
连忙
比喻
德国
處理
鸡汤
便宜
豪享
视线
灬
火
算
XDJM
pizzahut
003
002
晨光
007
006
005
008
伤口
7月
休息日
上钩
桌布
High
红萝卜
老汤
老酒
脆
闹心
看見
一声不吭
扶手
寓意
腻味
宁愿
条凳
干瘪
老爷
老爹
大廳
颤抖
亢奋
轮番
迈
致命
宝石
搬迁
粉色
关心
简朴
腿脚
抵消
麻酱
诠释
花生
闲人
豆包
容忍
摔跤
张杨
中毒
大寿
开裂
大白菜
管事
19:00
客观
人力
烧着
清清爽爽
管理组
豆浆
旺季
辉映
萝卜
茶油
老弟
老式
糖衣
ordered
东东
音译
来不及
To
品脱
精到
养殖
精制
不虚此行
窄小
TT
TM
TG
TB
TA
兑换
１
２
３
10点
５
T8
７
８
９
：
；
＜
＝
＞
？
遍布
＂
＃
＆
＇
（
）
＊
＋
，
－
．
／
e
官方
责怪
臭烘烘
［
＼
］
＾
江湖
＠
采纳
Ｎ
举起
70分
整整齐齐
總共
瘦
瘩
瘪
瘫
Not
每日
瘾
friendly
賣
質
酸辣汤
尚且
購
看法
誉为
河海
病假
賞
翅膀
相信
退款
花糕
国营
会务
沸腾
迟钝
欢迎
寄予
遭遇
曉得
蒙牛
外出
缺口
直视
僵持
直观
钻
直觉
豆腐皮
多数
更是
名目
矛盾
慌乱
默
齐全
整體
點評
小孩子
橡胶
湛江
用语
确保
海螺
大妈
稀有
彬彬有礼
搜寻
甜糯
水产
聊天
精油
花枝招展
嘴硬
违反
铁盆
确信
10:30
解气
巴贝隆
自给自足
品質
bowl
问卷
栗子
厌恶
王云珍
喧宾夺主
油料
+芝
蛋糕
开封
绰绰有余
六十
-------------------------------------
强迫
有趣
一气之下
等于
哪个
地下室
-T
喝酒
了结
大道
裸露
意見
白开水
异物
饺子皮
葡萄
热量
情况
归还
絲襪
够本
四处
乡土
加工费
停車
条纹
潦草
主持
条约
面面俱到
鸡胸
附近
针对
內容
金鹰
|
青鱼
恶梦
与众不同
杜绝
成品
富人
粮食
迎宾
条件
纸袋
忘却
尽职
每份
早就
刹那
嚷嚷
回笼
杂牌
自嘲
信服
適合
游客
张大
times
油豆腐
屋内
地图
世间
女伴
材料
慈善
减去
soso
瞅
聊聊
门牌号
个把
時
晃
晋
下手
晒
晓
晕
晚
联谊
晤
晨
晩
普
景
晶
晴
智
晾
杂物
恰到好处
屏风
金沙江
外贸
肯定
歉意
曝光
忙活
点烟
会员
大师
pretty
量较少
舍得
山羊肉
五花肉
点烧
东江
参与
sh
薄弱
潍坊
指正
批
称
抠门
移
肇周
秤
秦
积
好坏
科
秒
2300
租
瞥
秘
外国人
考虑
私
秀
秃
种
秉
秋
罂粟
当年
求
灶台
相片
直白
苗圃
年底
especially
招商
身边
修好
礼貌
绿豆糕
村夫
黄鳝
散开
瞎话
消毒
若干
親愛
逐渐
烦躁
品味
各个
续
性情
山区
相处
屡教不改
柜子
难过
世家
手
诱惑力
略去
Burger
电话录音
书架
其余
政策
定心
笼罩
炒菜
关切
有喜
西米
豆
园子
陈皮
饮用水
足够
無奈
贿赂
银耳
5日
乡下人
翻版
悠闲
鹿角菜
滚动
当真
14.5
细细的
弄虚作假
抵制
认定
伊秀
小河
如实
承受
party
信口开河
总结
总统
眼皮
反复
白送
象
免費
走走
棺材
大餐
47
梳
明媚
陌生
遭殃
梦
乡间
梨
梯
梭
清澈
饭菜
梗
24点
颠簸
繁荣
條
减轻
梆
梅
哪怕
意料
就是
隆重
本领
罗宾
留学生
落叶
富丽
批量
更上一层楼
无数
火辣辣
小炒
小亭
小人
home
富临
管理模式
徒手
产品质量
奉劝
演义
小事
小于
姓
膀子
阿妈
姑
母亲节
块
坑
坐
玫瑰
坛
坚
均
心动
址
坂
坍
坏
坊
土特产
许可证
UU
UP
完蛋
坡
打伞
坯
坨
开进
收摊
质地
问道
飞奔
天窗
有目共睹
私藏
单一
奉陪
卡里面
高血压
濃湯
发火
川江
carpaccio
龙珠
作怪
对手
得不偿失
6：
大庭广众
COLD
粗心大意
骨子里
深受
姗姗来迟
star
草草
難以
不在少数
8000
角色
深思
服务部
失去
发起
人工
饰物
15-20
上下班
能否
偏远
增
球台
sorry
脑海
咯吱咯吱
出色
花花
待遇
东坡
茅根竹
体检
ロ
内容
レ
平常
不然
ＬＧ
无烟
问津
岁月
举措
蜗居
皿
附带
独享
甘
有理
塑化剂
大豆
申悦
中秋节
打车
点选择
打转
果不其然
接待
42
打算
嘟哝
主管
换气
甘蓝
迈泰
清楚
第七
第一
第三
痞子
起见
ト
公开
纳闷
组
room
没落
海鱼
宝来纳
涂抹
杠子
丹麦
——————
可恨
可恶
发大财
自身
昆明
心机
鱼腥味
闲钱
amazing
结束
保存
帆
帅
市
布
币
希
堕落
怀孕
师
唷
帖
帕
帐
唤醒
留神
帘
漂浮
带
帥
五香粉
阿麟
席
帶
面直接
688
帽
680
常
怕
油膩
花卷
永远
没出息
火龙
对路
慢条斯理
before
10.1
10.8
怒
感人
窝心
客家
川北
民警
血块
翻新
客官
试验
都城
佰
进步
火柴
鱼花
助长
毛毛雨
鲜汤
生态
佷
生怕
概括
红烧肉
该死
喜欢
依照
city
细则
设置
蓉西
回扣
愤愤不平
空中
杨浦区
实足
息事宁人
休息
15分
岳母
松花蛋
在乎
充满
急
梭子蟹
十分之一
名贵
超过
红花
慰劳
南翔
佐
询问
经营者
冰场
体
制度
长处
灵感
面盆
姊妹
气象
上海滩
马子
评理
奇迹
长大
仆
仇
仄
仅
温文尔雅
什
仁
从
仍
今
他
仗
仔
仕
仓
酒宴
酒家
付
仙
令
以
代
们
穷人
仨
件
价
佃
仲
邮箱
仰
仿
蒜泥
份
圆柱
审美
拒绝
烤鴨
热呼呼
掩饰
有滋有味
位
内外
幸福
行走
王朝
话把
怨声载道
搅拌均匀
香气扑鼻
工艺品
督导
周五
鲜艳
碳酸
不法
钞票
暴光
不好
纯属
伸手
领子
久仰
告一段落
已然
6分
上边
整个
omg
velo
十有八九
挽留
过硬
流量
高脚杯
陌生人
推荐
厨子
出息
只怕
列入
赶回
爆米花
体验
激励
整個
不难
香阁
汹涌
唐朝
浦东新区
左
寻找
轻松
橡皮筋
正品
凑数
对半
09年
赔本
小弟
5：
与世隔绝
实习生
亚龙
特殊
包廂
12分
10日
铁丝
抢劫
悲剧
差點
80%
干净利落
800
亮点
嘉年华
威士忌
yen
实现
放空
竹子
信誉
上图
非常适合
yes
06年
轰轰
平方
涨幅
啪啪
调换
上回
和尚
强买强卖
女孩
小聪明
祖
电器
100年
女子
保佑
炸雞
文艺
上月
压迫
发生
钟点
deal
赞助
声讨
堆积
圆形
视力
查询
引诱
索迪斯
专门
附上
叫喊
哇啦
盘算
行人
镇
呼应
镜
抑制
麻辣燙
美女
绿洲
特例
烂漫
美好
afternoon
慎重
原封不动
手臂
推推
長
镶
组长
down
飘逸
目睹
价廉物美
宣传
调剂
未果
山间
婷婷
第
从而
放过
山羊
身后
单单
送礼
变形
3.
27分
姐夫
建筑群
通用
缺斤短两
诸多
高潮
斟酌
学习
2500
茴香
壮实
熱情
问问
250g
钓鱼岛
燕麦
五六
替换
陆家嘴
目中无人
歌舞
茶杯
生肉
难受
小学生
士人
油烟
0
鼓足
发面
新装
芝士玉
那天
那大
老话
直勾勾
點餐
不便
直到
洗衣粉
海兴
薏
阿婆
飘飘然
薄
薛
观众
力求
前门
嗡嗡
薪
改行
接着
薯
薡
水烟
摆饰
人情
暂停
顾客自己
宝燕
中外
适意
相继
boy
赤膊
实地
难保
买家
实在
30分
闻闻
瘦高
表叔
人和
奶糖
配搭
三月
visit
吃重
脱
干粉
裙带
站台
办理
原理
消遣
第六
生疏
品茶
暗自
洗手
匹配
转型
银座
封口
效果
大洋
146
147
144
145
142
140
141
烏冬
148
149
交友
板块
祖宗
江面
还要
斩钉截铁
噜
星期日
低档
说法
贪污
收入
枪毙
椅子
group
轮胎
作恶
直说
色拉
1.8
以来
lunch
用布
宝兴
保护
形容
身影
生平
請
周岁
談
书店
充值卡
详情
趴下
毋庸置疑
钙
块儿
软和
DPER
应当
菜豆
排气
平心而论
漆黑
G
满员
黄河
白糖
注意力
黄油
菜單
全身
发卡
个性化
避
8点
推薦
岭南
情侣
酱色
记性
北京
情侶
幌子
途径
成全
备至
新鲜感
斯玛特卡
固执
精良
丽江
蒙
大家
過
邂逅
深红
颂
大宁
大宝
遇
點點
出头
机子
性格
新建
遂
凑热闹
定位
诚恳
接纳
接线
种鸡
20分鐘
201
200
203
202
205
204
206
208
食品城
预防针
20%
一下
青蛙
超爽
20+
一一
20.
惊讶
格式
比热
可言
一个
保温
难民
渐渐
平底锅
最好
预约
后劲
余地
章法
早市
懂行
We
商议
商讨
先行
人影
倒闭
偶遇
果酱
get
果酸
锁定
老母
记错
果酒
展览馆
许愿
鹿肉
团里
书城
动弹
无赖
曾志伟
seat
吃大锅饭
精彩
wonder
力点
常客
enough
10月
解渴
天公
胸脯
清香
陈列
小黄鱼
CLUB
40%
来福士
拷贝
咪咪
张开
处在
不起眼
神户
fans
南极
篇
節
普丁
付出
篙
回到
江米
独具
餐饮
篮
一齐
五花八门
替
18:00
和亲
篱
实打实
恒
台湾
恐
吴江
恕
感官
恋
優惠券
^
纪录片
恼
清晰可见
联通
恳
恰
恶
恵
均匀
恨
恩
息
恬
支路
coco
16.8
恤
指数
罩子
五角星
哭丧着脸
拨打
多福
1分钟
無比
总的说来
华联
第一：
不仅如此
东湖
随时
出租
迄今为止
专人
别致
知名度
钟
信用
A3
岂
A5
死咸
夹子夹
殴打
居住
植
易碎
慰问
砂糖
网点
中奖
炒饭
服务流程
泡菜
欢乐
基本
独到之处
撒
闹腾
机制
诚心
脸部
思乡
each
可能
出门
战斗力
繼續
开学
了不起
沉重
尽收眼底
改用
宁夏
coupon
服务管理
悠然
笨蛋
无关
电线
热乎乎
嘿嘿嘿
不住
雨雪天
暴雨
,
660
家具
酒馆
天堂
架子
300g
长沙
again
时菜
山西
单时才
康乐
懶得
七分
真鲷
男女
陪客
周立波
488
484
480
种植
丢失
夹心
u
订餐
打球
三产
绿地
铺
gt
栗蓉
一阵
链
TAT
改装
三五
三亚
管理员
无影无踪
老人
饭前
指标
清幽
檫
gg
开放式
哈蜜瓜
檯
檬
摇曳
吃亏
油酥
花费
平米
公告
西提
———
普通
500g
其實
赶走
阶级
吱
嘻嘻哈哈
餐券
500G
愕然
个头
外观
啫
啪
啥
啤
啧
啦
啡
数次
发自
开路
酱豆腐
江南
500+
想象
問
啊
怪异
菩
商
啃
啜
流传
馒头
碍
6:30
帅帅
轻轨
湖面
字眼
轻轻
国外
左右
七七八八
American
铂
神秘感
多嘴
抽空
摄影
黑心
中原
美乃滋
睫毛
垫底
22分
牙口
本土化
风趣
记号
香烟
音响
微词
毛豆
摊主
相识
通过
coming
赞成
进城
鱸魚
晕厥
眼看
试想
大街小巷
的话
湄公河
鼓鼓的
居然
面积
致电
油條
26分
累计
主妇
向来
悠扬
耳熟能详
既往
慕名
委婉
菩萨
黄南
pesto
止境
切割
---------------------------
突显
拍桌子
花蜜
条款
流沙
复杂
无条件
打嗝
媽
欢喜
皮鞋
现实
家门
竞争力
于是乎
寸土寸金
打赌
明洞
责骂
零零星星
功效
较劲
绿叶
规矩
一辈子
有点
堅持
煩
入味
取景
結賬
省力
棋牌
浓烈
烘烤
中盘
何谓
门庭
微小
嘟囔
一两分
XO
不到
XD
不利
XX
横肉
发出
笔记本
留言簿
催讨
额头
不通
长乐
抽奖
放时间
周六一
早饭
长久
额外
兼职
冻豆腐
删除
口口声声
众所周知
尝
发誓
尘
尖
尔
木盒
少
小
對
尊
将
射
封
尾
尿
尼
尽
尺
點菜
一点日
就
恺撒
一点时
尤
记录
韧劲
espresso
温度
头部
一发
屬於
费力
苗家
浦江
4百
恍然大悟
;
亲戚
骑马
气死
容量
产生
佳肴
restaurants
预计
预订
植物园
捧场
骚扰
吃力
打哈欠
手头
送货员
费劲
闲杂
探望
绣花
出毛病
restaurant
开小差
财务
世上
哗啦
凉城
主動
转换
郊游
趁机
到處
肯
腔调
expensive
○
面点
肥
响铃
总而言之
整洁
經驗
卖掉
肠
场合
唐纳
干粮
上头
一般来说
上天
─
面目全非
标的
敬而远之
大锅饭
In
决计
汤加
经不住
猪油
◢
飞快
展览
◤
啊哟
龙虾
│
湾仔
冰袋
极为
天府
抱歉
石灰
普通话
肇
官邸
伤感
可是
职业
cup
皇后
稍稍
霓虹
抓紧
剖
球赛
嗜好
价格高
调头
1.2
總算
徐家匯
愤恨
风土人情
更正
absolutely
店员
富士
明珠
步伐
爪子
CHOCOLATE
心头
嫌
嫂
嫁
商城
孙子
嫩
寒假
驱寒
养鸡
嫰
冷冷清清
投降
不一一
新奇
死活
硬是
后跟
中意
北大
午饭
辛辣
扶梯
发呆
年末
下午
昏昏欲睡
4：30
類似
♂
年月
高贵
讨饭
残忍
今后
毗邻
cafe
喲
佼佼者
诋毁
生效
带有
高高兴兴
听讲
不言而喻
咖啡茶
玻璃瓶
好不
顺带
眼睁睁
复古
喏
城隍庙
强硬
善
各家
昌里路
埋
取证
视而不见
不过尔尔
国产
国人
冰粒
紧接着
喜
whisky
黑麦
三四
dessert
代官山
实实在在
細心
基
高个子
淳厚
明虾
这个
珊瑚
不一会儿
凄凉
占线
母女
指出
台前
附加
引路
砂鍋
苦苦
果园
胡涂
赔礼
牛皮
擦鞋
二年
主营
罪恶
好感
蔬菜
鍋
好意
和服
警察局
居高临下
块玻璃
俗气
电子秤
漫
贪图
九州
低头
冰鲜
堵塞
甚么
家中
造假
肉質
芹菜
进来
TOT
脱脂
小卖部
师大
改正
不入流
YY
掰开
YP
都会
销售
石料
王道
无理取闹
KFC
落泪
瓜子仁
破灭
比如
五千
五十
寒天
过路人
充当
对虾
20:00
亲近
乌鸦
乌鸡
监控
春笋
截止日期
吃请
宿舍
误解

亮晶晶
瑞兴
瑞典
下边
义无反顾
对待
获得
莫
莪
露露
莱
莲
获
莹
每当
莼
包装盒
莉
演唱
莎
莓
China
莘
密码
莜
昔日
途中
旭日
宝珠
非常简单
NM
脏字
来劲
重新
边上上
医生
马大哈
雪莲
通通
8-9
成人
平易近人
充数
附
人声鼎沸
工作服
人高马大
应聘
馍馍
12月
较之
千百
花哨
消除
bit
索性
预想
多余
圆滚滚
多次
狗屁
密密麻麻
漫不经心
過得去
暗喜
友人
have
漱口
废弃
农村
果冻
菜油
頓
領
称赞
增添
頂
全体
风情
经受
大款
頸
坦
顺手
揽客
扇子
頭
镜头
父
爱
爲
爽
初期
爸
爹
命运
爬
爪
此处
家长
天花乱坠
爛
爆
铁锅
中介
最高
此外
苦恼
水平
境界
熟透
好客
厚望
铅笔
酒味
鹌鹑
艺人
宽大
皱巴巴
连天
舞池
共识
进入
猪头
只见
街道
由於
餓
雁荡
餐
有损
吓坏
送货上门
淑女
5分鐘
放映
禮貌
期盼
花销
新品
雨花石
表明
非常容易
难吃
现身
专心
果然
选材
难听
可知
称道
木耳
劝说
配餐
亏了
开会
师姐
全球
三七二十一
值钱
裕
暖意
裙
補
裝
裂
装
裏
风靡
裱
真空
裸
裹
製
裡
裤
主观
水沟
合影
地瓜
李刚
具体
抗拒
漂
抵扣
到期
款款
格外
豆苗
赤豆
餡
辨
鸡蛋羹
表弟
码头
技术含量
28.
288
脸色
召集
280
叹息
285
夜总会
有幸
脂肪
活活
嫂子
套菜
端面
培根
胶东
彩虹
like
配制
热闹
边缘
荨麻疹
敬
热门
大批
楼顶
农民
没意思
年货
KING
天华
肉色
黃
黄
預定
黉
邊上
黏
黎
黒
黑
忌讳
點
黢
十七
十一
小杨
跟着
十三
绵密
依据
短消息
商榷
痣
大手笔
痴
血迹
人马
痰
管理问题
病
症
南方
以至
以致
痕
痒
痘
痛
扳
扰
扶
维也纳
鱼胶
找
承
扣
执
扫
扩
扮
扯
扬
扭
扒
打
扑
訓練
扔
帘子
扛
托
所
扁
卤鸭
扇
蠢蠢欲动
卤鸡
儿时
层次分明
扎
撕破
才
节能
加拿大
漾
生命力
言行
条状
墙角
想不到
贝贝
淇
全家福
排风扇
完好
倒閉
授意
占优势
漕
蚊子
放慢
念念
做梦
Z
夸赞
芝士放
笑呵呵
杨梅
黔
兴致
340
玛琪朵
礼拜一
香醇
@
超市
网状
口腹
闯进
口腔
有所不同
干果
约翰
爹爹
摇摇
晃悠
话人
动物园
踏
惊恐
blue
踢
毛巾
座子
踪
踩
奖品
问候
周二
踱
煞笔
踵
提交
马桶
职员
牛气
白天
添
11：30
科室
星座
政治
萨
馋涎欲滴
同時
甘露
尖头
无形
自卑
would
大牙
tm
一直
清凉
意識
写意
找到
那段
最少
所谓
excellent
工具
停车场
有如
东北风
无言
名号
寂寞
零散
古意
酱瓜
名叫
蛄
小提琴
泡饭
门锁
姑姑
围观
担当
有条不紊
萃
salsa
不三不四
品种
抽风
酒精炉
粗
粒
粑
選
触目惊心
粘
谦虚
發現
粉
前身
次生
精
40.
粽
40+
粹
东京
16.5
粥
粢
400
粮
粪
城乡
忍耐
撤
撩
撮
播
用力
乡里
撵
对外开放
以前
撸
栅栏
撂
撇
撅
回民
瞎眼
撈
纠正
撑
撐
翡翠
撕
撞
相间
慢慢吞吞
诱惑
服務
黯
夹生饭
杨浦
全国
自不必说
福利
灿烂
没事
店鋪
不如说
地主
W
厦门
要命
发菜
地下
地上
米糕
爸爸
上色
外语
mlgb
鲜有
一窝蜂
字画
感触
嘴里
曲子
坛子
魅
精力
感觉
身价
别
扑鼻
197
八月
摄入
190
分为
193
此起彼伏
语文
地形
在座
2-3
大吃大喝
客气话
指责
姓氏
酱黄瓜
该
目瞪口呆
辣子
追加
NICE
后头
黄兴
打烊
ever
熟路
大黄
后天
南部
离职
540
大聲
顾及
众多
元宵节
老李
委屈
洋洋洒洒
无能
老板
迷失
菠菜
平分
恩恩
茂隆
女郎
贵贵
5F
迎合
庐山
敬酒
喷水
抽油烟机
从前
酒楼
最低价
1K
天理
城区
合体
看得出
道工序
合作
航渡
回來
日语
Starbucks
笑脸相迎
巧遇
TORO
金融中心
行径
来临
炎热
13点
TVB
淌
loft
淋
用不着
淆
xxx
真身
工作效率
黄牌
淘
巴比
优惠券
毛猪
淮
淨
淫
淡
n
淸
淹
挽回
混
深
淳
爵士乐
天才
experience
涩味
单人
返还
果盘
弹簧
塔顶
制
刷
流感
不论是
到
刺
刻
掺水
刹
从今
判
別
删
刮
排定
刨
利
列
划
初
刚
创
刘
则
分
切
刀
刁
油然而生
清闲
肥牛
庄龙之
铁皮
出人意料
撇开
小麦
国庆节
天亮
掏钱
59
封面
分子
凑和
58
年头
八九
作罢
悲惨
平白
54
照理
阿弥陀佛
51
看上去
炭火
不同
频率
愤然
1L
戏称
级别
天井
星星
哥们
洋芋
大兴
dinner
褒贬不一
一股脑儿
数落
采购
24日
关掉
法律
枝干
潮流
千秋
评定
烈日
团圆
钉子
6
高性价
山林
样式
下面
2月
会堂
品德
正大
不合
鲨鱼
不干不净
异曲同工
汤咸
来访
严重
when
来讲
路途
一端
自重
销量
资源
环保
餛飩
黑社会
咖啡吧
招待
1800
公路
招徕
本身
葱葱
剃
训练有素
眼色
although
古怪
laksa
阿拉斯加
蓝芝士
everything
耶里夏丽
一两四
不比
红烧
贵阳
德兴
差別
到顶
差别
1398
pier39
金茂
疑问
神清气爽
番禺
抽象
impressive
笑嘻嘻
明文规定
評論
清凉凉
pork
乒乒乓乓
杂草
流畅
上衣
灵活
牧场
旅馆
場所
高烧
胆固醇
丢人
+日
壮
士
城里
壶
壳
壱
6-7
壽
壺
壹
个人
壁
空姐
名列
发扬
壕
耳聋
底
壞
创作
店
家门口
空挡
枫叶
彭浦
人气
积点
staff
良好
拇指
电信
喜洋洋
浓缩
展
話說
庄
庆
鸡皮疙瘩
适合
较硬
烦人
硬邦邦
鸡窝
同樣
窗子
对比
今天
谐音
局
围绕
浅尝辄止
烤鸭
脱口而出
我们
常有
民生银行
丝袜
BOSS
120
生来
傻瓜
按时
菜地
白鱼
鲜
小跑
陈慧
小路
山楂
会餐
增多
电脑
Italian
高温
鲤鱼
重点
游说
西红柿
总汇
灭亡
发现自己
杏仁酥
菜圃
萬
创新
1280
自行车
基层
荒谬
酸
酿
酷
酶
酩
母子
酪
酥
税务局
酌
海路
一扫而空
锡纸
唬人
拔草
白米饭
冒烟
自乐
山野
山里
浓妆艳抹
充足
毫无疑问
歌声
馆子
再次
99%
偷工减料
环境气氛
势力
茉莉花茶
收银
上次
Toro
愣住
咯咯
适用
嘟嘟
腹泻
出国
伊加伊
无论是
座位
冰沙
模型
葛
cheap
薄荷
中旬
3百
比美
阳台
浓厚
大部分
难忘
集中营
昏黄
断定
jazz
葱头
适当

眼中



预付
膻
回转
膳
膩
序列
同情
肉醬
膘
膝
膜
负担
嘴巴
生冷
膏
还是
膀
小雨
头痛
军训
甚麼
之际
包容
财大
舌尖
虫草
￥6
上交
表态
1月
分割
美中不足
慢慢悠悠
赶上
水面
谷底
冷却
铁观音
case
砧板
LUCKY
西路那
眼花缭乱
大哥
垃圾堆
接电话
⊙
光启城
XXX
色彩
while
到此为止
复旦
罗宾森
王子
week
阴差阳错
阻
短裤
阿
好心人
依偎
阳
7年
阶
阴
阵
暗藏
跳跃
阁
阅
阙
队
阑
阔
伯伯
初夏
黄梅
系列
定量
快餐
转告
定金
面额
两年
组队
高端
蟹黄
盖头
-!!!
道真
起价
短时间
大王
三国
上手
促销
老头
怎么办
老天
老太
11月
老大
赌气
评级
老外
孔乙己
昌盛
整体而言
昆山
顶端
敢情
Ps：
2600
发泄
代为
found
拿走
百一
魔术
处处
走动
鲷
出名
四五
果真
there
学校门
讲法
懷疑
傳說
放屁
讨厌
蒸蒸日上
院落
头儿
Mojito
脚面
桃子
两千
地鐵
蛮
taste
蛤
东坡肉
tasty
保证
蛰
蛋
蛎
蛏
蛇
水準
禁止
蛙
蛟
顺口
进货
非得
现有
黄记煌
彈性
強烈
问好
客饭
wifi
地盘
理由
大家庭
驾车
從來
偶然
那種
反响
报复
发霉
沙锅
鉴定
鱼汤
这儿
鱼池
白花花
立丰
巴国
年糕
惊奇
拉倒
疏忽
树立
火锅
MENU
list
瓢
院子
配合
台州
嘴脸
1星
狂妄
敏
刻薄
测试
选中
火炉
鳞
鳝
一刻
鳗
鳕
鳊
鳍
鳄
鳳
精华
替代
分上下两层
晴朗
树叶
鳥
或是
矿
吃不消
悲伤
石
浮想联翩
短
矮
矩
矫
知
一转眼
矣
donuts
爽快
charge
菜园
兼顾
印象
干劲
发现新
回嘴
龙之梦
二锅头
種類
收到
年份
西贝
鳗鱼
姿势
路子
老年
批判
唯一点
发掘
拉拉
凄惨
乱套
okay
寿面
克里斯丁
店主
脚步
虾仁
硬件
药材
煲
+5
德平
纪念
越洋
捨
捧
右边
月底
半夜三更
出差
下来
面朝
损
猴头
过瘾
改良
衰败
level
汉语
身高
急躁
按理
如何
两两
谜
谗
谋
谈
谎
平复
调
谁
鱼片
浮华
费事
短斤少两
裂缝
谱
皇朝
谷
血本
透出
谨
谭
谢
谧
谦
咕咕
兵马俑
700cc
鬼使神差
馋嘴
赶
提货
起
教授
席子
走
變成
早已
难以
反式
砖头
矢口否认
打破
小费
牛羊肉
无话可说
添加物
长裤
勤快
古美路
价位
store
资
故障
民国
不怎么
伙伴
because
维护
king
kind
赃
午飯
聽說
i
8:30
山楂糕
92
妇幼
喜歡
蓓蓓
朝鲜族
大奖
小贵
威尼斯
下放
17：00
幽暗
干线
赖
兰心
盆景
支付
干红
婴儿
大好
从头
祝愿
满不在乎
牛仔
榴莲果
满盘
经过
当然
粿
旁若无人
满目
游子
纯
古老
纪
约
级
纤
红
徽章
线
纽
纺
纸
纹
次货
纳
纱
續
笑容可掬
轻音乐
规定时间
防止
数据
回忆
暸
只要
下定决心
皮太厚
暴
供参考
太湖
规范
暗
暖
清新
全额
暈
饮料
暂
暇
任
这块
詢問
自习
过目
蛋炒饭
吊丝
交通
画像
拆迁
回锅肉
路易
诱人
不耐煩
脱水
本国
波斯
短暂
佛手
大个儿
粤
+时
大爷
6-8
估估
四分
sweet
声
信得过
污迹
瓶子
愚蠢
曲奇
甩开
日前
婉转
她們
砸碎
异域
里加
刘海
桑心
总额
必要
娇小
分别
一早
关灯
无端
乐呵呵
哈哈哈
换人
履行
蒜薹
菜市场
树荫
汪小菲
记忆
恶毒
9
其间
GOOD
赶来
香瓜
暴风雪
一团糟
相声
try
牛柳
筒子
撤销
鼓励
刮奖
寒暄
足以
成都
白酒
不足
谈吐
已經
无力
Chocolate
自欺欺人
一时
患者
2.14
大风
新旺
别有洞天
裸麦
电磁炉
打工妹
伸出
维族
拜访
传统
法国
田园
乘客
原形
屑
饭票
村姑
弯曲
七八年
检测
二分
增加
粗暴
气球
写写
多利
消气
5点
缩头
恶意
来者不拒
恶感
维生素
特写
标签
邸
百货
吵嚷
體驗
云南
倍
個
倆
篮球
倚
候
倒
們
倪
点击率
单纯
冠冕堂皇
long
倾
值
债
來
香味
直通
首屈一指
阴雨
连锁
激
濃
唾弃
钻石
雅观
濕
清酒
沙县
果汁
使用
物是人非
做法
碰见
2根
柴火
全家
犹豫不决
不符
菜名
nice
飘飘
回味无穷
看重
心愿
油脂
黄色
心意
浆果
繁华
天空
布朗尼
老早
點心
后进
某种
历历在目
愤
竹荪
表姐
至上
桃胶
P
单价
受气
盛行
协调
最佳
口齿
浦桥
落后
标记
吉利
何止
爱不释手
甚
风险
超强
建路
金玉其
胶州
六百
阻止
清冽
获赠
活脱脱
柜台
再接再厉
弯弯曲曲
相册
小偷
紫燕
半日
司机
有着
种菜
悠悠
app
正牌
正版
游戏
from
掩盖
另选
西瓜
九
节约成本
乙
Johnny
爹妈
箱子
3500
吃荤
疼痛
女生
延伸
餐桌
自然
乓
说明
耐性
挨骂
2cm
煙
服务环境
广而告之
素餐
说是
枣子
傣族
法语
简
滑润
沿袭
客人
风味菜
庆功
库
售价
中年人
管管
上身
瓷碗
mojito
空心
红绿
女孩子
恋人
好多
大名鼎鼎
1
出言不逊
端午
含义
泳池
静谧
苦荞
帶走
舍近求远
GO
空气
羽绒服
屹立
真正
老朋友
计划经济
指日可待
真话
真诚
空氣
夜宵
植物
算作
导致
真真
our
韧性
out
芝香
任何
咸肉
碰巧
尤其
迎面而来
门厅
建
延
WOW
廳
明知
明矾
三十五
友爱
发表
什么的
正好
空气质量
廚
g
廖
围栏
廓
小姑娘
称为
廊
廉
顺利
捣鼓
三角形
白乎乎
欺凌
厨房
一年四季
自觉
肥皂
自个儿
挣扎
65%
财源
拖拉
150+
部门
凤梨
1500
650
心理
外貌
美餐
女性
历时
油腻
150g
服务
谅解
醇厚
蒙蔽
涂鸦
阴暗
头面
回头客
不当
小伙儿
同样
口中
枸杞
堆放
屈指可数
肉
关系人
甜丝丝
一道
哪样
肉類
who
基本上
盛源
why
hk
售后服务
那么些
高高的
飞天
hi
33块
犯罪
小试
光线
气愤
车流
屡
煌
波动
伊藤
正方形
红袍
退休
local
当众
硝
漫画
礼拜四
GPS
冰碴
恰恰相反
游览
点直接
顺眼
增强
举
丽
丼
主
为
丹
丸
丶
临
串
丢人现眼
丰
中
丫
个
丨
丧
並
严
两
体育馆
丢
拜托
丟
丝
东
丛
业
世
且
专
丑
与
不
下
凳子
三
喜酒
万
香腸
七
丁
一
本该
海棠
招呼
Subway
觉得
公主
划不来
年夜饭
世道
廣東
海菜
狭小
十五分
价值高
监管
货架
小样
椒鹽
稍
Lily
每块
衰
挥霍
排行榜
半边
吉亨
促使
20分
点破
不成
停留
不消
香嫩
端详
~
经历
炒飯
迷恋
苦于
糖精
鲁迅
脖子
女兒
敬佩
阅读
顶灯
声誉
上岗
石榴
高傲
有生之年
粉絲
广莲香
专注
千里迢迢
花椒
层出不穷
169
节省
晚报
合同
红星
心静
否决
嘉奖
虹
举例
寻觅
奚落
茶店
发动
人事
還有
LOGO
茶座
人人
DOUBLE
反面
2點
新大陆
芬达
里带
把门
窗帘
领导
不如
化学
良知
不妙
gave
不妨
不妥
教导
豆类
糕点
理会
简易
亮灯
麻煩
pasta
冷冻室
rare
爆出
花生酱
强烈
摩卡
凌乱
半夜
隔三差五
鐘
冲剂
搜罗
风波
Amy
犄角
鐵
食用
半天
加急
随地
婚姻
平時
俨然
学生证
搭配
回避
东昌路
懂得
高声
江景
cake
收纳
2点
基地
海参
价格比较
背道而驰
辩解
讲讲
之后
圆桌
茶楼

莫名
点水
——————————————————————————————
全自动
霉变
未必
饮酒
寄存
看看
贵宾
竹笋
美味可口
浆料
堆砌
换车
引进
霓虹灯
颠倒
看清楚
半生
期望
眼角
開心
期末
难看
眼见
出生
上限
热泪盈眶
桂冠
全聚德
专用
未曾
遇到
直至
16点
东面
疲劳
邯郸
電梯
第一百
畅饮
现代感
NO1
延庆
带动
一身
麟
酱
果珍
违背
力争
带劲
对骂
窗外
亮堂
八分
松仁
希望
过客
明确
姐姐
前方
嗅觉
人烟
想当初
以假乱真
鲑鱼
开启
万豪
反正
五百
种种
可谓
演出
过门
扑空
丈母娘
过问
马卡隆
不至于
黄牛
relax
当事人
古丽仙
道别
糖分
麥
動作
闹市
绿油油
她家
六十八
焦糖
酒
丢弃
边角料
花菜
好久
走遍
生命
涉外
恨不得
想尽
配
下沉
听话
蓋
蓉
泊车
一秒
哪里
蓝
归功
特指
蓬
花花绿绿
单方面
稀奇古怪
为难
wine
海鳗
配置
走道
升降
群
一月
金字招牌
银河
热爱
一會
边角
老豆腐
一致
高原
企图
货真价实
事不关己
勺子
第三：
低价位
豆子
春日
木萨
二十分
三点
不但
10分钟
修业
套用
底子
陪衬
555555
调羹
动脑筋
大军
厂长
交接班
先后
国际
各人
食物中毒
心里
髮
山崎
8元
书本
高
精光
髈
停电
男女老少
免得
坚硬
179
178
175
173
172
170
偏愛
赶不及
口服
吞没
作出
凌晨
噩梦
燒
冒泡
燙
胖头鱼
冰霜
燎
燉
本事
二话没说
回合
蔑视
汽油
否认
观光电梯
愿望
智利
点儿
10min
寄放
灯泡
豆渣
person
轨道
豆奶
冤枉路
正道
斤
路段
12：00
星星点点
麻
十年
通红
鲜美
思维
装备
更新
出口
善良
出发
menu
陶瓷
成分
不济
旁邊
幕布
旗袍
修养
等到
重心
感染
洗手间
必胜
非同一般
刮目相看
芝士意
聋子
放在
现象
米酒
敷衍
王府
以往
康定
best
託
記
睹
訂
言
坚决
柏
料
附件
背靠背
抬高
年终奖
花纹
一级
春风
隔壁
一线
也就是说
柑
柜
258
259
250
256
应该
胜利
总监
拭目以待
节目推荐
梳子
章氏
江水
life
纵容
后台
视频
惊喜
柠
明亮
打通
打造
衣物
非常低
沙發
瞪眼
上级
明了
鼻子
散场
大字
中彩
东西来
等级
木板
红茶
大学
精湛
条子
18：00
大料
男孩子
兰州
侍
大方
板蓝根
自然而然
集团
ROYCE
卡乐星
父母
悠长
奋战
团圆饭
枪手
挣钱
穿行
茫然
碎
舒舒服服
霸气
猪食
换换
碗
碟
／＼
d
碧
沙子
远近
手段
远远
夜生活
穿衣
激情
切实
火箭
碳
碰
碱
飞鱼
茶色
正餐
people
金额
sure
很早以前
数学
东拼西凑
for
数字
Royce
凉拌面
12：
田螺
承担
盘腿
8月
就医
香橙
大屏幕
窝窝
號碼
清清楚楚
祝贺
甩头
大门口
牧羊人
有效期
快要
睬
星号
止住
蛋白
總是
绿化
熏鱼
盐罐
recommend
畜生
過分
2012年
咖啡馆
方向感
出没
道德
告状
放出
欠条
半点
洋气
此人
但是
相应
悔
除此之外
悚
悟
漕河泾
悉
悍
悳
妄想
悶
班级
雪球
患
悠
悦
悪
您
取笑
悬
严厉
美國
汤面
取经
明目张胆
紫砂
松脆
西化
大葱
半岛
盎司
關
建行
炼乳
海纳
旳
大黄鱼
言归正传
实话
价比高
反卷
其二
金針
豫园
顾忌
研究生
subway
先进
臭味
切面
绵软
冒火
歌曲
酷暑
比目鱼
坐垫
闵
离不开
避暑
木讷
形成
结实
当机立断
墨西哥
自找
抗
散漫
毛线
读者
姑娘
时节
自打
可见
消极怠工
闸
牺牲
鱼刺
love
嘣
热度
车门
好几
车间
嘴
起床
嘲
嘱
嘿
中英文
嘻
安顺
嘅
姨妈
嘀
反悔
嘎
嘈
嘉
巨额
嘗
大伙儿
嘞
嘚
嘛
嘘
槽
天晓得
05年
打响
取得
沙冰
槤
极端
Oui
槟
友善
款式
蚊香
会面
一两百
价值
勉強
师范大学
勉强
少量
分贝
隻
精品店
池
這裏
提升
店客
店家
鸡皮
停车费
2007年
热恋
百年
古时候
建设
冬虫夏草
酒杯
茜
姓名
hoho
仔細
齐刷刷
核桃仁
目前
慕名而来
下决心
气势
額
卖力
６点
战略
嘿嘿
进站
謝謝
调皮
老乡
民生
天下无双
脆骨
专卖店
顧客

不可开交
拆开
挑衅
橱
解说
冬天
试试
得来
罢了
睡
截至
奶制品
相待
黄金芝
四百
默默
租借
挥舞
2
西施
忆苦思甜
星马殿
撑住
不大不小
着
面的
夏朵
旧式
面皮
tasted
恋爱
转载
tastes
干洗
灵魂
哼哼
食道
卷子
岩石
虐待
take
干活
翻滚
恒隆
消费
自问
常温
試試
忌口
权金城
拐骗
草
草纸
gf
心地
雪白
鲜红色
转车
580
峰
峦
本来
后面
呀呀
招惹
工资
安装
麦克风
怀着
us
流淌
不灵
金牛苑
药
管面
泰兴
哎呀
史无前例
农家
欢畅
1:30
可愛
捆绑
雅雅
包围
巨无霸
秀色
近期
牛蛙
上端
揭露
心情
行动
貌似
不约而同
咧
肘子
分店
温州
FEEL
别是
餐车
事体
13.8
炎症
四
13.5
不公
洗手間
流利
不光
不免
刺参
耳光
长一智
助阵
胃病
乳白色
酸度
赫赫
costa
包間
1点
小鬼
傢
very
囊
囉
尽兴
物性
发扬光大
望眼欲穿
火上浇油
泥鳅
80分
美元
咖啡因
您好
华华
厕所
迎来
pos
逝世
乎
61
放肆
长时间
包子
令人堪忧
餐廳
围
闪闪
67
遗留
马维民
具有
双鱼
IKEA
训练
联络
breadtalk
虚名
赞赞
园
寿命
panini
川剧
盛开
青椒
倍儿
50.
毫无
每月
加盟店
死难
50+
囤
孝顺
透彻
情操
因
宁
它
宅
宇
守
安
宋
完
宏
存心
靠拢
宗
官
定
宛
宜
宝
实
客
宣
室
宫
宰
锅巴
害
宴
宵
家
部位
总会
宽
宾
宿
低碳
调料
柿子
后堂
橡皮
前夕
衬衫
前天
前头
淮海路
算算
ah
票价
an
as
at
不可一世
探究
五体投地
绝对
血
上演
搁置
兔肉
当晚
乃
早起
煎熬
心酸
换汤不换药
阐述
糖葫芦
迷你型
花朵
搪塞
机车
评选
dressing
陕北
镂空
综合
面端
`
赶场
服務人員
激发
久等
半斤八两
后果
高朋满座
叽里咕噜
谷物
堆满
暴利
游船
沫子
继续等待
不容
抹掉
马头
符合自己
不安
度左右
生财
不定
不宜
无所谓
烹饪
中午
重芝士
羞愧
果香
名不见经传
14:30
真的
甜香
活动范围
外部
高度
晶莹剔透
担担面
银杏
850
指点
仙乐
85%
略逊一筹
表现
谈天
七五
录入
土豆片
85C
不翼而飞
Cheese
冒险
平摊
恶语
悄悄话
接二连三
85c
俱全
长桌
山水
beautiful

三八
蜜糖
傲慢
sense
街面
巨人
接轨
18点
滑梯
渡过
追问
北欧
方形
赞叹
销魂
声声
认出
那儿
雅兴
灰暗
旺旺
象话
恐龙
帐篷
有效
接待员
许许多多
放水
办法
每個
改建
牙齿
放手
叫绝
19点
豆饼
计时
旋风
9点
中学
magic
出众
蔗
觉着
always
何苦
铜锣
诞生
除
好奇心
┴
焦黄
一百六十
焦黑
扭动
20.8
tiramisu
明明白白
纯度
料放
搭理
懊悔
致命伤
豬腳
21点
衫
Soup
作陪
预备
w
掀开
展现
不足以
期中
防
真人
性质
社区
特质
60分钟
理念
地狱
让步
体会
号牌
恶性
可比性
ps：
薄膜
薄地
本职工作
花錢
花式
般般
管理人员
唧唧
更名
崭新
别墅
Club
很小
without
歌唱
水塘
暖色
苛
苞
驚喜
开玩笑
晚上十
白费
苓
苑
苗
苔
苋
苏
金丝
豌豆
苹
英
鲜味
苦
若
风
之中
大汉
表情
同行业
布置
神田
飛
飚
飙
食
飞
窝窝头
段時間
大江
喧哗
麝香
飯
這種
薯条
飽
飲
结伴
冰球
泥煤
里间
偶发
回电
热火朝天
评估
人均
For
快捷
双重
WAWA

巡视
有利于
拎
资助
柠檬汁
搅和
验血
未能
辣椒油
解释
解釋
大厅
驼
大厦
呕
心惊胆战
着凉
優
迄今
自来水
微不足道
力不从心
更胜一筹
便服
三十年代
局限
改名
放松
栽
沙棘
账单
班
肚量
根
珠
食谱
現
版本
直言
珍
温泉
入场费
珊
千千
具体位置
同伴
珑
商人
巴厘岛
moto
最先
fat
套路
椰汁
三年
任由
子鸡
lxy
菜贩
老婆
不怕
非常少
黄浦江畔
滋
脚底
选购
俊男靓女
PAPA
蛋羹
地球
消费群
地理
收获
220
杏子
每间
一体
location
１０
放大
金针
感動
齐名
动静
简约
若无其事
品评
菠萝蜜
惟独
藕粉
栋
出出
杂烩
对
切记
愿意
豪華
苟同
补充
油鸡
下海
西西里
陀
旁边
be
bf
bb
太仓
不愧为
bt
bu
br
bs
光路
by
蠔
胡子
水蛇
anything
事實
蠢
冰淇淋
改过
蠻
改进
交界
圆桌面
方法
最为
毯子
精度
dian
表层
生长
line
热浪
舒适
获奖
不能
无奈
别有风味
卖价
无需
浓郁
避风
妇婴
状元
北新
北方
鱼子
20-30
赶集
单调
团结
姜丝
暗色
大吉岭
唠叨
大吃一惊
窜
窝
放风
窘
大鱼
窗
虾片
窄
突
隔
CHEF
车水马龙
个儿
像样
表面
100分
见状
热销
路上
限
充分
事情
开放
葡萄酒
記憶
辣椒
无谓
有待
开支
滑稽
扇貝
刀豆
璀璨
9年
let
粘稠
廣告
巧克力
一不小心
安格斯
338
馆里
330
333
定价
引人注目
工作
权
骂
灯罩
火腿
顆
儿童节
祥和
砣
560
類
老鼠
未知
八九点
披
始终如一
好样
抬
抢
抠
学问
芥菜
护
high
抹
油饼
抿
抽
押
抱
抵
远路
技
抄
抛
折
抓
奇怪
顺风
抖
現在
55分
毫不犹豫
顶级
闲坐
方方
咕噜
葡萄干
mark
学期
吃吃喝喝
傻乎乎
七十
俯视
自动
自助
豆乳
医院
老三样
絕對
比比
彼得
dianping
JEPSON
不要
须
节前
页
曹杨
缺货
人士
微笑
填充
落地窗
告别
败类
无序
外滩
人声
萨利亚
用纸
师兄
原生态
祖传
大个
婚礼
文峰
鹅卵石
大为
传来
垃圾箱
會員卡
告知
看病
惊动
浓香
冒牌
：时
形态
邻里
水分
田鸡
吾
吼
吻
吸
吹
吶
吵
吮
启
听
吭
吨
否
吧
清茶
吞
吟
吖
吗
吕
吓
吐
向
后
同
名
吊
吋
合
吉
讨论
各
考证
吃
高速
tomato
籍
瞥见
好友
现今
好受
司仪
颗粒状
渗入
机灵
OMG
籠
籽
类
价钱
米
股东
出血
出行
element
木纳
玉米粥
粗面
典礼
尼马
HOLD
相隔
玩具
皮真
打牙祭
TAXI
帕玛森
传说
沁
超细
临汾
科技
直径
银行
图章
临江
翻过
肥硕
交代
深海
元宝
土气
畅
济州
3：
子女
桂花
比
毕
毒
蛋壳
毙
毛
毀
毂
母
毎
每
饭厅
芝士球
真心诚意
饭桶
塑料纸
毫
土司
鄙视
融合
客源
正中
映象
阴阳
ダ
滴滴答答
甚至于
鲜亮
家族
意图
cn
合一
公婆
张口
电池
舞蹈
沉甸甸
情趣
咚咚
过滤
大肆
大肉
5555
70年代
空間
真心话
示范
实至名归
大肠
界
保险
2010
绿荫
饲料
盖浇饭
重油
里边
橘红
发言权
分光
心软
按钮
导师
楼下
楼上
睁
pho
软软
蛤蜊
马仕
快感
参见
自由
可不
参观
蝉翼
男友
蛆
勤
敏感
勿
勾
勺
岂止
勸
婆家
勇
勁
翻江倒海
勒
一一列举
字数
加减
金属
高高
市中心
加深
忠诚
世茂
慢慢
米皮
金山
话梅
起源
永恒
丰收
烦恼
元旦
名不虚传
原材料
冰棍
扑面而来
实验
奶皮
理睬
僵尸
口头
cupcake
一級
炸肉
冷汗
藏族
竟是
进展
处理
入门
斤两
进屋
叽叽喳喳
產品
几时
特意
MINI
职责
小家碧玉
主动性
反过来说
可惜
酿制
征服
权力
了解
氏
优惠卡
owner
打打
气
気
民
打手
香茅
氛
CN
氣
氢
打扰
里斯
水
打扫
氽
永
彼时
白纸
CD
戴眼镜
千
拗口
肉排
戈壁
168
协
劲儿
164
健身
海蟹
偿命
胃口
大连
大过
162
不道德
163
减免
内部
乡下
国旗
豁出去
而是
小朋友
口碑
转战
赶紧
2人
宛如
dish
线路
雷同
强劲
+
嗬
某某
强力
抽烟
满腹
恍惚
骨架
彩票
酥脆
二话不说
安徽
寻求
暂时
潮汕
环球
中餐
海带
柜面
妙
泡汤
妞
4日
妖
如
妃
妄
妆
妇
妹
发财
发货
醬油
提倡
苏打
小个子
妥
燃烧
瑶柱
套房
顶层
体力
碰上
券
伤心
H7N9
红焖
燃起
澳洲
静静
尽头
费列罗
凭证
中等
经得起
高校
实际上
中东
看热闹
步骤
迪美
体味
饭桌
龙井茶
平安
平实
缺德
民居
小结
诚意
零下
小组
血红
芒果
牌
佩服
限定
晴天
89
排列
长年
河鲜
铃声
咖啡色
含蓄
6.7
6.5
理智
大巴
6.9
6.8
头晕
他家
细微
then
them
红薯
they
六点三
鄙人
古话
六点一
补课
一点
二人转
急急
国泰
living
防腐剂
海风
其一
SHARE
員工
一目了然
驰名
半死
南站
克扣
蛋蛋
多谢
進
情怀
忍不住
逼
逢
連
造
粗粮
逮
递
粗粗
一视同仁
逗
途
维修
通
逛
這
速
逝
适
逃
退
送
逆
逊
越來越
选
粗粉
污垢
约束
B
高人
好评
酥软
右面
华东
港督
後悔
发消息
去夏
出游
剩余
华丽
も
ゃ
め
や
り
る
よ
ら
わ
れ
ろ
ん
查出
゛
ゞ
゜
午后
ア
变热
ウ
瑕疵
イ
オ
カ
エ
ク
13日
コ
グ
シ
サ
ズ
セ
ジ
ス
タ
独立
胆汁
甜橙
忙碌
原木
活络
号叫
每每
共青
水产品
原有
余香
环绕
豆面
7.7
7.5
7.8
7.9
眉头
拉皮
嗓子
---------------------------------------------------------------
主食
五分
隔膜
海碗
增长
do
dj
di
de
da
书籍
润滑
dp
dq
相同
各国
源自
原先
家鸭
温饱
区域
忽忽
明信片
咖喱粉
男朋友
上去
体型
BUT
和好
阿拉
无论如何
门外
笑眯眯
太太
困惑
羊羔
com
张扬
满月
三天两头
麦子
特有
车辆
唱歌
惡劣
扒拉
火药
一带
过重
过量
川贝
了事
章鱼
到场
赠送
想开
广灵
嗄
首先
禁烟
装满
马哥
鲜红
快乐
乱哄哄
缅甸
胶
联合
胸
能
胡
Y
河西
胖
胗
胚
胜
卡里
胆
the
点数
胎
背
難
離
跳舞
光临
雪
妙不可言
雨
各種
口感
迟迟
情有可原
雲
雷
零
异
雾
雁
雀
雇
集
仍旧
雄
找钱
雍
雌
生鲜
雕
雙
---------
雞
徒弟
雜
端午节
肾
指甲油
场次
到点
即使如此
雨水
有限公司
卤水
Tom
抽风机
罪过
冷餐
魔王


压力
放火
柔嫩
大喊
倡导
冻肉
凉水
亭子
金兰
团聚
为了
胃肠
不堪回首
熙
熟
有气无力
比划
湘菜
各异
瞎子
各式
20：00
外國
外圈
比哈根达斯
长条状
外地
汉族
外场
室温
格调
外在
出現
熏
一路
影响
3分钟
烧炭
夜色
拿手
多串
樓下
小苏打
12日
游荡
巧合
高架
从新
桂圆
最新
艰苦
矿泉水
新会
街区
together
照例
顶楼
本科
路边
急性子
搬走
这时
抵挡
熬
开元
有色
缓缓
margarita
港人
bring
选料
p
到时
血淋淋
开关
十几
優惠
冷眼
話
該
冷冰冰
评点
茨
竹篮
标题
饭量
源头
蘭
蘸
change
蘇
备选
拨开
蘑
川沙
逢年过节
莫非
评弹
龍
龄
热狗
说和
昌
拉拢
超過
归结
隔绝
综合症
胡扯
live
上辈子
关键词
三思而后行
望见
风韵
阔气
新梅
巧玲
广泛
不再
新疆
赔钱
失效
多样
旺盛
道具
鞋子
之後
just
铺开
麦盛莉
义务
芝士真
盆汤
均衡
决定
北极
crepe
曲目
台座
小毛
恢复
侄子
就是了
cold
惊叫
椅套
光棍
应对
占有
虾米
half
设施
呱呱
品酒
斥责
璐
刺鼻
泡沫
55分钟
el
鱼唇
开机
充值
比較
共同
一：
应用
自然灾害
er
开朗
吃闭门羹
最后
答复
蚊虫
08年
眼前
米左右
心甘情愿
会儿
毁灭
忿
就地
提篮
隐患
一吐为快
下雨天
梅子
墙上
碧眼
一扫而光
人之常情
早茶
可取
不停
ENJOY
可可
friend
第1
第3
第2
第5
选择
两三年
夏利
更换
想想也是
提成
泼妇
稍许
滑头
表妹
心
终止
下月
酱油
入住
忆
定下
轉
简直
饭局
毛手毛脚
转
轮
软
轧
轴
大大咧咧
忌
发麻
不说
七八
献给
反驳
Jean
明朗
222
心眼
明月
根部
大跌
first
野菜
好运
虹口
大雨
笑笑
省事
香喷喷
烘托
叙旧
白面
PM
大雅
不足为奇
20点
呼噜
招待所
这会儿
不要紧
12315
连连
故事
爱心
船长
姘头
支吾
马可波罗
特价
澄清
comes
价目
英明
演艺
鍋貼
断断续续
凉爽
定额
请示
肋条
卫生局
漂白
COCO
依旧
龙井
人间
一兩
老百姓
全方位
4-5
回应
总行
２８
GODIVA
失算
少数民族
巨响
可口可乐
芋頭
贵妃
工厂
何以
退换
相当于
弹琴
服务員
将近
饮用
来生
mousaka
便于
装傻
茼蒿
9:30
相宜
real
聋哑人
天南地北
浸泡
lady
十三点
家常饭
左侧
跨越
终生
日
资质
无
繁琐
虚脱
旺
旷
族
旋
旅
旁
宝岛
这里
戳
旗
素質
手把手
悄悄的
动员
花瓶
园林
来电
冷艳
运行
扎堆
调研
和美
这笔
想想
短斤缺两
电扇
阴天
施舍
穿着
鱼肉
小两口
打骂
有神
眼球
外文
五点三
污渍
自己
理赔
零售
了却
当心
能量
传授
別的
魅力
酒后
不俗
多半
骂街
周圍
横幅
中国
說說
进口处
老伯伯
悔不当初
食欲
空间
清水
空闲
监督
了
标准化
心包
僵
玻璃杯
價
皮夹
老是
有利
致癌
入乡随俗
果肉
不失为
milk
事
乐此不疲
｜：
接電話
确定
坚信
strong
确实
英国
单加
95
回老家
隐蔽
冰期
cookie
認為
扭扭捏捏
科普
拥挤不堪
時代
丝毫
相关
小区
公款
运作
吵闹
香米
7日
要么
相公
埋怨
久久
气味
法拉利
频频
十足
国度
蹄筋
国庆
渝
減
事发
听信
倒流
渍
伴随
清
中国馆
根据地
黃金
鸦片
和蔼
港
温
麦芬
班主任
武功
渡
渣
娶
作证
睡着
方桌
fb
照着
暴露
惹火
萝卜干
请教
南边
恐怖片
答理
海滩
嬷嬷
印章
粗细
糯米
叮咛
伦敦
food
绝活
主席
筷
大路
白色
eating
游戏机
瓶装
每个
涨价
拳头
90+
大限度
名称
将就
红子鸡
体积
汾阳
淳朴
高蛋白
pub
墨鱼
每次
只是
put
上场
二千
大呼小叫
由
甲
电
10秒
徳
标志
重重
徽
西服
御
半封闭
循
提到
徐
徒
画
骨肉相连
從
往
径
很
律
後
回头
取名
猪皮
淀粉
无不
错落有致
阴阳怪气
小青龙
开除
笑面虎
juicy
juice
干巴
my
尚
中饭
口红
团团
传神
茅台
组织者
club
分隔
The
泰康
约定
价格低
排名
门前
霉斑
生
简单
攻击
肉馅
角度看
初中
轻盈
礼拜二
小声
草鸡
对视
否定
小便
面向
无疑
包厢
正儿八经
伴有
起劲
around
确凿
服務品質
落实
wow
亭
won
某人
刘家香
服務員
不得
吹嘘
汤里
肉制品
出门在外
肉松
玄米茶
客户
調味
简介
21日
击率
止
尽量少
外灘
愣头愣脑
隐约
板子
else
流连
烟缸
似
月浦
呼呼
炸虾球
场所
不了了之
其实难副
叫声
失敗
女厕
错怪
油耗
7p
对象
金槍魚
赤裸裸
黑红
一块
变相
鱼缸
莲子
捞饭
违章
分工
旧社会
★
合盘
休
使
你
招架不住
佬
吩咐
何
佘
余
佛
作
但
佈
兒子
低
住
复兴
优
江河日下
$
伸长
777
昆布
春卷
Waiter
金城
13:00
外快
信用卡
所在
顶多
腥臊
新闻
狸猫
问题
广西
冬至
羽毛
腥臭
上佳
当今
冷言冷语
锅贴
当代
恐惧症
平息
城
加勒比
正在
橄榄油
百分之十
玄机
追逐
火车头
冰冻
词汇
冰冰
冰冷
73
72
米汤
垫子
链子
Their
漏风
怨言
Lunch
交易
军装
贝儿
荷包蛋
比赛
生生的
敌敌畏
手推车
dper
下辈子
霜降
手续费
疯狗
西芹
微薄
罕见
撑门面
豆角
尼玛
咸鸭蛋
拔牙
大酒店
氣憤
聚餐
为生
電影
漏洞
以此
----
生前
理論
宰客
鲜菜
呱呱叫
链接
我家
铲
银
核查
go
CAFE
假话
闸北区
铝
铜
铐
铃
铁
kitty
摩尔
帅气
酸菜
风气
冻死
食物
农药
婉约
底线
订婚
风水
自讨没趣
不管怎样
乱七八糟
冲动
二：
适度
不适
实属
逃走
动手动脚
soup
There
黄浦江
sour
适应
吃喝
后腿
调频
◆
风口
◎
●
以次充好
缤纷
享有
◣
◥
巷子
大型
痴迷
蛋清
八千
八十
午时
发怒
道歉
八卦
隔间
土家
明示
数目
前厅
合伙人
新鲜
外头
筛
原名
见到
砂锅
前去
donut
插话
153
確實
任然
私信
〖
筒
清晨
遗忘
筐
霹雳
『
哪家
男厕
恰好
作坊
一连
宝寿
女士
暖色调
下班
险些
存活
沾光
住院
黄花菜
添加
人才
人手
地面
慢动作
付现
虾皮
凝固
光明正大
下降
多样化
不齿
南门
顾客要求
delicious
编码
咔嚓
难免
暑
歌剧
内侧
一瞬间
南华
帮衬
细细
50%
落
11年
腹痛
钟情
土生土长
占领
营
萤
作祟
萝
萍
萌
山庄
转向
芋
声名
豆腐花
稀薄
阿拉伯
学员
飯店
灰蒙蒙
2-4
细胞
試
R
看好
支持
个性
一怒之下
菜根
呼啦啦
电路
巴巴
好歹
民间
披肩
无性
关键
15%
嘤嘤
强求
捣
各取所需
原话
成就
块状
沃尔玛
準備
后来者
臺灣
二十八
康熙
生理
侄女
anyway
言辞
圣久代
昏死
上街
放料
点击
12.
121
122
123
124
125
126
127
128
129
菜场
周庄
she
shi
咆哮
数量
超人
藏红花
孵
面相
嘲笑
相思
赤峰
紅茶
减量
Good
警车
经营
垃圾袋
景点
FANS
·
许留山
°
亲和力
乌鲁木齐
万年青
敲打
炒货
yuki
制冷
如愿
善意
环抱
評
问及
失误
问号
尽情
出动
基本功
馬上
brunch
改版
邹
变样
邻
比特
装扮
皆
皇
的
魔术师
決定
皖
皮
反差
礼拜天
西贡
皱
赤
赠
仪式
赢
赣
经常
赴
带队
如下
提起
赌
赏
高桥
赞
千方百计
邋遢
赚
赛
从没
珍珠
核桃
相貌
雅致
7分
实则
共用
星冰乐
白饭
折价
260
266
监视
胶原蛋白
candy
3月
抢光
打量
猴年
多时
吊扇
14.8
浮现
星尚团
继承
总体性
swf
犹豫
狂奔
践踏
大堂
解油
核实
月工资
鋪
干什么
泉水
无济于事
国企
常备
袋
客户电话
阿萨
茴香豆
舍弃
确
思南
硬
ha
花样
he
嘈雜
用意
手面
打鱼
酸梅汤
彻
大都
固定
崩溃
大部
愜意
着想
死亡
死人
短短
贵客
扭结
精选
參加
里弄
精通
释怀
若隐若现
不知所措
换位
交织
映衬
考察
交给
基于
正当
歧视
橡皮糖
妖怪
凳
阵子
菜饭
四十
歐
啵
离婚
鲍鱼
翻译
沉静
脂肪酸
歉
败兴
周六日
活动区域
十幾
材质
感应
new
颛
柄
设定
never
柔
某
整理
柒
染
狂想曲
柚
死
查
黄米
柯
欣喜
柴
柳
弟媳
墙壁
回潮
拖鞋
如火如荼
有求必应
雇佣
朗姆
无礼
还给
甜菜
1001
加上
曲径通幽
首饰
谈话
精神
特價
扩建
type
很难说
摊位
污水
饭后
卖家
人流量
称号
设宴
还有
大蒜
正
猪脚
才能
give
布袋
精确
当差
加州
哈氏
日日
鹹
經常
范围
字母
零嘴
技巧
歪理
椰子
扩散
凭
盆子
黄鱼
川崎
小个
胡歌
瓦片
水中
鸡毛
心想
盛
专属
东昌
漫天要价
ＭＭ
移步
罗里
财神
小丑
回
囝
申请
囗
魔芋
囍
用人
那会儿
图
固
消失
哈哈大笑
困
囧
申诉
高雅
团
囡
金逸
拳
轻纺
威逼
凸显
面粉
显现
无可
过家家
有名
surprise
胡椒粉
入场
許多
说道
甜腻腻
朱古力
逐客令
老总
解答
范畴
哈达
小儿
百威
硬度
宾至如归
相当
可能性
量
蓬松
单打
笑声
鼓动
的話
遮阳伞
甘美
速成
送客
绝不
来得
样
栲
格
核
------
年终
清清
机缘
栗
栖
树
便宜货
加工
栅
标
栏
融入
老伯
公园
好不容易
眨
木屋
■
尽力
少妇
不均
木屑
----------------------------------------
安定
腥味
安宁
开业
老一辈
运气
牛皮纸
不亚于
價格
热烘烘
乘着
自备
扒开
糖水
嗎
报警
仇人
提心吊胆
自夸
大菜
目标
盗版
胜过
糖
直接
大虾
糙
十一月
嗞
每天
生病
嗜
巴马
嗓
软绵绵
凉糕
温吞水
纸条
川味
纸杯
查封
加大
供选择
称作
冰塊
虫子
看齐
DJ
愉悦
吃得消
搅拌机
标准
新世界
拚
慈悲
颇
晚点
美容
倾向
涉足
金店
空空如也
光滑
鸭肫
is
估摸
it
认账
圈圈
in
小分队
id
法子
if
按说
Latte
深井
鮑魚
栏目
絲
23点
顏色
题
糬
糯
借机
找麻烦
爆肚
备受
超长
充实
代码
仙草
改头换面
100分钟
又是
必定
零零
關鍵
徐汇区
料理台
www
甚至
水蒸气
入围
2／3
JMS
字体
安远
把关
劝告
恭敬
嬉笑
和平
黑土地
公德
私下
何必
关注
肤浅
蛋卷
建議
爱尔兰
星期天
摊子
功夫
补给
一般化
k11
铺垫
好容易
粉放
公车
為什麼
消磨
赫赫有名
飯後
四点一
呼叫器
肆无忌惮
14日
四点三
薯條
好过
嘉兴
恩赐
补过
奉送
点评
一共
名不符实
多糖
shit
马雪
上算
火鸡
重大
▲
掀起
脸皮
震动
预料
舅舅
每晚
服务性
变为
滋润
明火
青稞酒
上桌
河里
过去
▼
回收
yummy
小小的
□
寒风
王鼎
举杯
恼羞成怒
喜宴
美不胜收
推陈出新
金刚
时分
顾村
心得
过秤
小本生意
代币
舀
與
时刻
初一
舅
初三
纸头
存在
同心
服务团队
此理
中間
耷拉
前途
礼拜五
累死
健健
奉贤
開業
敬业
别的
天气
天水
拥护
财产
天氣
先生
加沙
逃离
永遠
讶异
易拉罐
比不上
淹没
五粮液
15点
传播
钱包
black
萨利
大汗淋漓
味儿
315
万达
心算
杂交
初次
调教
喷嚏
成份
水豆腐
30日
调整
类似情况
震
送给
招商银行
色泽
细看
层次
旗子
完毕
海鮮
tapas
一番
慢悠悠
弯腰
及其
优质
勾兑
餐饮业
发疯
簡單
白萝卜
榛子
酸臭
然后
期间
荤菜
大树
小腿
借
见鬼
蓬蓬
原味
公款吃喝
难堪
列出
无微不至
逍遥
青岛
习惯
楚炫堂
當
绕道
倍增
Stone
杂技
话剧
工作室
3年
售完
月光
倩
骨气
发号
正午
隔音
出租车
前来
换卡
八八
安哥拉
应景
商厦
牙签
抓住
主人
九龙
山路
尾巴
叫花子
起碼
燒烤
卷筒
入座
were
国内
点头
始终
小白菜
内涵
锻炼
偏爱
筋肉
笑容
互动
皮面
冰爽
行为
一角
终究
一览
真切
舒坦
舒
伪劣
舖
舔
委
长白山
牛肉面
興
舌
舵
500ml
船
碗筷
笑盈盈
参加
￥25
￥20
￥22
舫
航
生活
￥28
般
调和
赤脚
偷懒
今生
呆子
排隊
驴肉
夏日
初恋
华池
55555555555
炒鱿鱼
浑浊
未成年
警醒
人脸
濑
汗流浃背
移动
jp
高科
引以为戒
民工
大灶
通话
说起
料酒
椒
大火
冷笑
指示
我国
鮰
鮮
元月
三分
大润
可怜巴巴
限于
活
大规模
鮑
LUNCH
的卡
忘怀
承载
身为
叫卖
车厢
黑面
魷魚
沉稳
尾声
呼声
电话
相提并论
丰润
包房
不假思索
左边
醇香
身上
仇视
腐败
一丁点儿
cash
下贱
二者
荡然无存
环境要求
油汪汪
断开
same
憨厚
诗情画意
放弃
龙阳路
放开
炒面
255
不一
液晶
对头
totally
大卡
万事
band
欧式
知道
大华
41
嘴边
野蛮
大半
类产品
眼镜
对外
水泄不通
堂堂
白云
克里斯汀
经久不衰
太原
殆尽
解放前
宽容
并重
不知不觉
4
万恶
白人
充电
饮茶
大不了
打哈哈
光泽
7选2
出炉
验证
搪瓷
典雅
供应
一晃
提示
殊不知
总数
New
寿星
波特曼
神往
Goga
秀才
吓唬
发毛
鲢鱼
换热
谢天谢地
淋漓
冷僻
豁
一类
使得
八宝粥
可心
结尾
帕尼尼
便捷
：：
薄厚
COSTA
老爷子
一些
广告宣传
地界
粽子
一二
悄然
马蹄
之所以
睡醒
臉色
媒体
咖喱
名副其实
COFFEE
炮
炬
炭
炫
淞
炼
為
炸
点
炆
炎
深表
炊
炉
炖
炕
炒
相对而言
炝
炙
喷泉
下次
若是
警
付帐
大眾
阪
冷热
雪碧
长条
陈年
前车之鉴
豆腐干
缘分
手术
贫乏
手机
首选
赘述
野生
蒙古
精心
经商
學生
优格
17
长方形
复茂
据说
便装
个体户
失控
讨债
走开
概念
相符
调试
玩意
武侠
酱菜
虾子
散寿
烧鸡
青菜
脚爪
K
19.5
事件
中性
送还
宁波
整顿
开票
校内
大娘
相邻
胖子
炉灶
键盘
炉火
疙瘩
西葫芦
罐
不人道
尊贵
梨膏
动不动
萎靡
专业
陕西
十点
检验
本家
要得
适中
报告
狡诈
培训
商业
三流
饮水
按规定
宛平南
一整套
畅销
+8
农业
老友
Pancake
越加
1%
What
房费
关门
沁入
自主
怀旧
梦想
q
涅
卡路里
吱吱
父亲
工业
于是
来意
时令
关闭
another
时代
时价
穀
涕
相见恨晚
穷
究
穿
空
穹
血腥
身处
索取
单层
懒
估计价格
10-20
懂
2009年
芋头
懵
蜜柚
胡搅蛮缠
奇想
软骨
人物
象征性
纸鹤
英伦
一系列
悬浮
衷心
厚實
鱼口
mama
亲切感
九江
做手脚
新春
不赖
句
售货员
想法
可爱
般配
定时
漏勺
例子
喜人
市集
豬肉
计费
艰辛
龙汇
哈密瓜
台下
平民化
单面
金玉兰
肥大
kk
跟前
河蚌
签约
颠
独到
憋气
赶路
无以复加
就座
农历
OVER
热忱
几近
哼
哺
哦
哥
搬
員
饱含
哭
哪
哩
哗
哒
哑
哐
哟
哝
加收
热心
哆
西藏
品
哀
哎
响
哋
哈
面纸
东泰祥
tender
脸子
连着
铺路
十四
巨型
55555
无论
常见
夸大
常规
旗舰
平均
K11
号
策划
袖珍
展出
多媒体
香火
录音
排外
形
房顶
沁人心脾
五彩
丽丽
HEI
铬酸
罪孽
Feel
临河
本性
争辩
岔
百无聊赖
約
穿过
屁话
紙
級
這麼
索
紫
累
部分
梦游
薄荷糖
以及
多种多样
顺道
樓
普陀区
下限
横
衛生間
汗颜
模
樣
樽
y
岁
可以
12:40
犯人
辅料
特长
嗖嗖
关门大吉
做生日
四点
保质
大致
马上上
烤红薯
外来
脸上
奶奶
海神
信誓旦旦
剌
指指点点
湿度
拍摄
分摊
出气
寥寥无几
back
蛮干
半价
跺脚
叁
per
天真
妩媚
核辐射
清脆
堂而皇之
文字
中医
蹭
当初
滿意
文学
殡仪馆
饱眼福
哈喇子
靠枕
导购
长假
STONE
缠绵
兴致勃勃
肢体
另行
对讲机
厢
厥
厨
厮
状态
去
县
厂
厄
厅
历
压
厌
5分
厕
厘
shopping
原
利奥
话语
颦
出自
烤箱
迷宫
窄窄
话说
道谢
递水
立场
市区
別人
自力更生
成长
过渡
过得去
流水
全市
多重
无色
饽饽
黑线
流氓
胡萝卜
聚集
畏
猎奇
和田
小品
小心翼翼
11:30
尤为
甸
面值
主页
向往
单机
气急败坏
555555555
嫌疑
深圳
由衷
空隙
1088
微微
大惊小怪
打卡
-20
一点一
时间段
事后
打印
有说有笑
受理
漂浮物
白崇禧
榨汁机
蜗牛
柑橘
人类
败坏
动画
空气流通
正宗
讲话
欢心
目不暇接
請客
浴场
单系统
叔
也罢
习以为常
愛理不理
沟通
粉末
得罪
撤掉
告示
粗犷
海水
氨水
慷慨
动车
寒热
咖啡豆
肚皮
心胸
轻蔑
本部
cappuccino
Party
不堪设想
蒙自
番茄
清远
百日
清迈
火速
一半
寿喜
流行歌曲
低劣
鸟笼
徘徊
横流
椒盐
空心菜
生产
冷柜
在望
当月
玷污
lg
世外桃源
la
ll
无暇
童话
12點
没劲
时候
让给
豆酱
婚
海伦
婆
婉
股票
明说
秃头
不耐烦
婦
招揽
停止
不像话
目测
忍耐力
2块
土人
场景
街上
进餐
red
良心
salami
超赞
老规矩
长度
茅根水
时鲜
离谱
古装
干净
498
纸张
中草药
典型
勒令
taco
音讯
挥手
何时
礼物
甩手
説
传
燥
光大
顺德
民族
一锅粥
光头
評價
复印
8年
形形色色
喜马拉雅
comfortable
友好
青花瓷
仍然
室内
痒痒
大众
期待
开水
返利
打電話
高峰期
好处
球状
记者
适得其反
这些
叶子
方面
活動
头尾
部
甜食
郭
预防
咖啡屋
风格
小车
都
浸透
郊
志同道合
郎
132
郁
略微
130
紫苏
郑
ほ
べ
み
ば
ふ
送入
に
な
ど
と
は
の
ね
っ
だ
不亦乐乎
せ
ず
す
一同
た
そ
こ
け
し
さ
ご
か
お
え
く
ぎ
き
が
う
一向
い
百分百
花園
高超
肠炎
开盖
气派
巴里
設計
卫洗丽
抚慰
街头
搭界
度假
战斗机
限制
掏腰包
冷面
周折
上方
租金
明快
摧残
狭窄
严查
value
新颖
双层
背着
怀抱
一而再
益
狭隘
机械化
豆腐渣
10秒钟
车子
上午
回锅
上升
雀巢
上千
上十
分鐘
算计
技术
即可
坚守
耻
小青
处于
坚定
处事
根本无法
耍
看望
考
圣诞老人
者
耙
面包车
耐
耗
耕
雪茄
hard
麻雀
滋补
1百
芬迪
￥9
￥8
包头
食品店
行规
￥%
桃花源
家人
丛林
饥饿
tmd
白水
误工
噪音
火山
盲
成败
侧身
圆圆的
直
不愧
铁将军把门
誘惑
之内
存货
欲望
这么样
老主顾
风度
馔
首
buy
馒
香
but
8分
馄
馅
馆
先是
馍
可想而知
糙米
馊
馋
88
馥
英语
馬
細節
minutes
错落
心细
护照
积分卡
狡辩
找寻
想必
ROSE
喇叭
然则
想念
狗仗人势
顶部
忍心
成堆
′
‵
苏北
※
发布
渣滓
‐
–
摄影师
—
讨好
爱琴海
‘
”
“
断头
花里胡哨
退回
汇集
偏重
往年
魚刺
能歌善舞
结缘
有口皆碑
小时
粉皮
依依不舍
佐料
规章制度
接线员
寄托
停停
14：00
金字塔
every
留
发酸
指向
味精
XMjkzNTEzMjA0
指名
enjoy
专业户
龙年
过人
street
资格
死硬
6年
高层
维多利亚
换盘
面食
一贯
滑爽
特定
付费
小辫子
最初
空壳
汗水
嘀咕
付账
配套
大吵大闹
TEA
寻思
sashimi
白纸黑字
马德里
洪长兴
秘密
裙带菜
敞亮
随叫随到
2元
路过
降温
受不了
亮色
菊花
9分
md
花篮
mc
mb
mm
18元
剧院
ms
mr
規定
豆腐
状
数码
犯
犬
添麻烦
肥胖
闺
同仁
龙景轩
犟
邪恶
犀
补丁
肉羊
戴
房价
生姜
四十五分
鸣
能耐
永久
开展
烤炉
戶
二月
尼尼
磨碎
小豆
喜气
卡隆
鹅
水上
围脖
承认
美美
裤子
风暴
鹤
鹭
避开
鹰
鹽
露出
CREAM
调解
活像
肉弹
精致
得以
会议室
南通
到底
楞
成心
俯瞰
早点
god
闹肚子
安靜
安静
一两点
got
愈来愈
看起来
匆忙
ACC
意外
动辄
黄灿灿
按照
无限
狼狈
鼎泰
大小
面汤
粉肠
奥利奥
鸡杂
萨拉
发放
×
é
è
交界处
一览无余
紫金
serve
初六
福气
Only
标价
可好
日本人
1600
左面
k
改动
专利
fashion
头骨
Sangria
失恋
死板
白開水
人像
-
拒之门外
威胁
蔓延
凤凰
8.00
节俭
妥协
既然如此
造就
椭圆形
幼儿园
550
躁
清亮
照样
兄弟
紧凑
后悔
求助
从头至尾
真实性
不久前
水晶
周一
身
妻子
躲
争气
躺
出马
明摆着
45分钟
牛油
牛河
挫
奥尔良
抵达
放置
虾
焕然一新
没完没了
瑪
恶性循环
认错
三：
瑶
个数
瑞
368
369
瑕
365
特色
360
boss
沙律
握
揣
揭
揪
提
提早
插
封杀
装腔作势
揍
描
干吗
揉
有别
零时
修路
账
桌上
贤
柔和
财
名单
beef
后遗症
been
克拉
回炉
长成
集中
闲话
换言之
明智
芥末
担心
翻阅
从容
胆量
俗话说
担忧
自愿
明显不同
帅哥
信箱
摇滚
來到
甜滋滋
漫长
several
大作
那个
转盘
梧桐
洗胃
)
救命
独门
1.7
启动
哈根
作为
极品
手绢
天麻
手续
贊
垂涎
磨牙
异口同声
酒鬼
保暖
妥当
直奔
分解
吉士
虔诚
D
米米
聚會
遭到
切断
细问
解决
贝
慢慢来
菜店
时时
有害
干冰
努力
自发
理直气壮
管家
意识
失策
干干净净
ice
诸如此类
砖墙
420
夸张
悦轩
东西
寿司里
老气
家园
一举两得
出身
20：30
阴森森
免掉
人命
御用
娜
雌黄
令人满意
好家伙
客流
改造
扩展
熔岩
六点
机器
季节性
超級
medium
块区域
诚实
香片
克莉丝汀
户外
费用
嗷嗷
26日
心花怒放
失色
气势汹汹
OUT
缘
缓
缕
编
缀
缸
缺
no
nb
缠
过节
缤
骨
升级
辦法
腰子
搭
A：
时光
搪
毫無
宝山
芦笋
搽
携
搅
考究
搁
搂
沾满
只有
搓
搜
搞
应验
饭盒
安亭
周围
四五十
蜜蜂
大桥
公交车
天山
惯用
丝瓜
清盘
解放
马甲
周四
总之
金融
清蒸鱼
青青
随时随地
夕
湯
吊针
满额
大马哈鱼
问
尼斯
季
钓鱼
实际
眼花
孩
凉菜
分手
迷离
劳资
翻身
15日
天生
虽然
鍋底
520
庄仲盛
业余
日月
松软
[
摄像
日本
冰山
因為
胖大海
小说
门
减少
紧邻
十分之
廣場
鲁菜
泰和
后坐
冻
25分
2分钟
冲
决
况
chocolate
珍惜
商务
冬
冯
难道
关怀
冤
冥
写
军
打喷嚏
冒
册
再
席位
沉浸
冇
眼界
间
youku
核对
空調
劲头
得出
瓜片
飞来
同一个
心声
后妈
试营业
低能
83
人脑
关联
蝴蝶结
无聊
炉子
动听
必然
夜幕
薪水
酸痛
公安
瓜果
不善
益菌
公家
胃炎
单收
善待
审核
斯文
之類
古镇
无情
头像
专线
中药
总店
伤害
加强
商店
崇洋
哗啦哗啦
喜爱
领略
来人
END
浓
浑
胖乎乎
浜
打探
微妙
浇
浅
鰻魚
济
浊
测
海
浴
100+
叫菜
全部
100%
浸
浦
媳妇
浮
全都
浩
度过
下岗
路那
国王
凑合
负罪感
尝新
庆春
路邊
正如
秘方
号码
辫子
hut
悸动
参考
27日
午睡
r
瓷盘
讲求
有益
歇息
蚂蚁
想象力
代理
斜视
围巾
舌根
漢堡
门可罗雀
亲自
他们
减价
寿宴
稀罕
被套
平盘
微微的
怪事
要不得
取代
八仙
值得
丘
寿宁
富春
赖皮
长岛
晚上
坐等
飞速
身旁
失灵
绰
娣
托盘
化妆
上
八佰伴
填
丈
总得
芝麻油
巾
塌
羊油
总量
塘
个个
锅底
个中
塞
塑
塔
塗
飞溅
锡兰
迷信
星期二
rmb
事物
恶臭
皱眉
彪
法师
面生
喷香
牛蒡
名额
纰漏
高楼
治愈
爹娘
功能
普及
搬家
大年初一
5.30
潺潺
烤麸
But
酒席
水管
渴望
上星期
切开
肉品
朝着
衍生
兜售
延续
无以
抓起
緣故
good
尽心
白板
小动作
无从
羊奶
草稿
红火
怎麼
搞搞
Juice
辱骂
罗汉
球迷
流连忘返
天地
放任
差劲
松松散散
看得见
督促
海龙
后续
姿色
武夷
自私
八百
不经意
消耗
格瓦奇
毫克
尊敬
部队
外套
自称
发明
匆匆忙忙
港币
圆台
退票
包饭
火红
：年
硬面
反应速度
敬请
藏书
第二：
圆舞曲
拔腿
传出
高中生
困难
赔偿
喧闹
水汪汪
年华
议论
心目
油菜
毅然决然
顺序
oo
on
ok
oh
of
蒸锅
权益
or
丁丁
比萨
推广
势利
较量
加班
门对
美其名曰
妹夫
各具特色
以便
烟灰缸
非机动车
长寿
血丝
750
空地
学学
主要
占地
画报
LED
选取
退还
全州
禅
敲诈
色差
钟爱
人性化
内存
物料
积水
公平
这样一来
零零落落
檀香
火枪
义愤填膺
呼唤
盗汗
剩下
韭
拦
ICE
辨认
環境
限额
猪肉
火警
鲜肉
跋扈
猪肝
猪肚
小镇
得分
幼稚
极致
擅自
古人
效率
飞涨
老板娘
剛好
worst
傍晚
感想
否则
什么
1.点
时限
知名
秋季
卡布拉
骂娘
探头
空旷
说不清
差点儿
KITTY
各地
赚头
忠于
澡堂
美滋滋
服務生
原则
愧疚
咬定
BABY
餐馆
泼辣
唯有
阵阵
應
卡布其诺
合情合理
次数
苏宁
功劳
酥油茶
∝
1900
∩
功力
残留物
大师傅
凤阳
圆满
7-11
往返
指甲
鞋
牛筋
上年纪
容器
赏心悦目
实力
客户群
布朗
建筑
畅谈
讹诈
两边
清风
透亮
反思
后者
愚园
舒缓
不配
衔接
憾
泥沙
里德
油香
何等
没说的
一等
周日
车程
所剩无几
圣诞
亲爱
清点
优雅
中西餐
诈骗
固然
館
艰难
骚
讲究
懊恼
无意
融为一体
寒酸
意向
建筑物
热水
比比皆是
包裹
信念
你家
罗马
包裝
经典
一手
上上
过后
包装
抵御
神秘
上万
会合
私人
透
------------------------------------------------------------
假装
专业性
从来
原故
蝦
蝶
十字路口
常理
蝎
艺术家
简洁
思
醺
如此
别具一格
厘米
青草
鱼类
来回
北风
配送
残破
幻想
卡片
梆硬
炉底
棱
尺度
上铺
抓饭
不以为然
胜出
点心
排队
长辈
碗口
吞咽
抱抱
醒
不时
结识
收益
敲门
大帝
收盘
单个
酱紫
乳猪
选人
开门
二五八
神奇
手指
声响
鱔
我們
菌类
b
购物
鱼
鱿
PHO
师父
特征
稳重
底气
醋
價位
2.9
南阳
2.3
2.2
2.7
2.5
10年
放音乐
美珍香
变成
哇哇
黄金时间
螺旋
唯独
AND
新鲜度
四两
油纸
同學
拨
越来越
虎头
暑期
二三十
满头大汗
着迷
其它
其实
乱成一团
墙体
ps
野鸭
熟人
士玉子
布丁
皮质
绽放
五年
甘甜
远方
腐乳
茉莉
笼
韓國
但愿
退步
每家
作业
｛
｝
｜
胸前
｀
幕墙
ｏ
交口称赞
私营
一点.
店小二
爱爱
苟
轻飘飘
跑题
阁楼
紅豆
非常高
作用
巴拉巴拉
电影
6日
一派
示
貝
昌里
貓
以外
耳目一新
PARTY
东郊
貼
素材
費
買
擂
貨
章魚
掉队
反之
地點
军工
灯箱
%￥
另外
太行
更加
消极
台上
3.6
3.4
3.5
关照
单点
3.8
要害
拐子
丹东
瞧瞧
常事
羡慕
建材
這里
只能
作假
常人
白
發
公关
大姐
导游
疑义
行政
常年
稀松
黄陂
大姨
fast
Martini
大明
7元
自有
狰狞
枉
相连
相近
朝气
深海鱼
林
143
忍痛
牛乳
地沟
fried
洛川
24分
服务品质
临街
热火
安逸
肉酱
主攻
等价
村里
果
lemon
悄悄
三四十
同感
公公
难找
汗
尽如人意
有限
黑暗
带路
腸
物超
起来
渔夫
儿童
西郊
哑巴亏
芝士粉
南丹
相称
终于
西部
陈旧
奶粉
枪
被动
嚇人
骨髓
大蝦
飞龙
广州
庄重
架
shanghai
匈牙利
薏米
录像
袖口
腔
滚蛋
上述
进修
全新
神
书香
Enjoy
腓
食指
外资
任选
反应
折中
支撑
决不会
得意
市里
花色
名曰
檸檬
回答
意见
cozy
永嘉
和气
假日
金鸡
相差无几
赶跑
吃飯
索然
监管部门
性子
安然
胃酸
黑脸
持久
墨迹
力宝
虽说
政府部门
此地
好意思
唧
冷漠
派头
few
清朝
换上
吐血
邻家
登记
性感
耐心
相好
失职
从中
使唤
抢眼
品名
敞开
失聪
一条龙
好在
溜鱼片
包间
社
something
皮儿
日益
且不说
新华路
消化
昼
显
昵
用场
昰
共享
昭
是
昨
只求
映
星
争论
礼遇
昔
减半
为止
昏
明
争议
别人
martini
昂
喜悦
名为
帮帮
中國
如此这般
天平
七点
素养
服务响应
干扰
指明
酒窖
加以
salad
普遍
宝泰
无穷
香椿
促进
解决问题
承包
呵护
现在
凑巧
地板
归来
本地
酒窝
现场
加仑
告诫
意犹未尽
漠然
在世
直面
星光
书柜
fine
浸润
菜馆
哇
稚嫩
棍
新馆
例如
深色
飲料
抑或
长篇大论
工程
御花园
小吃部
精灵
得当
晃荡
哉
古朴
图书馆
不算
剩饭
昂贵
纸质
57575777
神情
惭愧
不管
糕饼
单被
药膳
哗众取宠
皮肉
残
不声不响
阿姨
阿姐
皮肤
吉他
净土
品类
早晨
同类
啤酒瓶
麦片
开通
脸孔
打牌
句号
021
=
近视
太空
丽园
----------
净心轩
菲律宾人
久违
久远
普普
奶牛
南京东路
油水
得逞
手艺
广告费
杀手
10-15分钟
宁可
隔断
改革
鲥鱼
6000
孤独
清炖
差差
喝茶
BUFFET
made
拔掉
THE
qq
刮开
谁知
番薯
宴会厅
鲜蛋
不由自主
确认
垒
读书
垛
扒鸡
垂
再会
型
代谢
宝宝
一阵子
過去
好幾
垢
绝对值
垫
垮
潮
踏进
沙包
48RMB
潇
黄瓜
水池
潜
瓜子
影响力
迫不得已
肥厚
遗憾
创造
招聘
流口
规定
5分钟
阴功
吃素
降低成本
白砂糖
名人
令人担忧
领教
发型
看來
怠慢
富丽堂皇
八十年代
网友
二两
罗斯福
散心
2百
新西兰
絮絮叨叨
拧
二三
点时间
1斤2
五谷丰登
冰
现
认可
恶魔
婚宴
满足
系
上網
衰老
交叉口
据点
考验
登场
贵贵贵
响亮
就业
热线
骗人
now
做功
来得及
探索
记忆犹新
Greek
演绎
门卫
前段
30年代
保安
保守
T
周转
暂且
度假村
结构
错层
结果
茉
保重
千篇一律
茅
糖浆
茄
绿色植物
范
文雅
龙城
曲阜
2千
半圆
圆润
生水
竟然
思绪
喵
假惺惺
茹
木瓜
一點點
curry
卡龙
丢脸
惩罚
￥68
一点点.
甜蜜
要不然
人山人海
大成
层纸
偷梁换柱
卷边
鲫鱼
喊
肉食
幅
监狱
---
幕
幔
实惠
形同虚设
沏
茫茫
平
干
年
并
幹
幻
幺
實際
幼
广
幾
头疼
第九
瓜分
紧张
象征
培养
gelato
当地
春季
后门
复读机
撕下
律师
吉旺
广东
手动
拜拜
亲情
looking
合理
定西
推断
黑乎乎
是因为
SPA
锅台
亂
星期四
予
城市
讲座
于
云
互
井
五
些
亚
亞
酒糟
交
产
亨
享
京
亮
安安静静
鹦鹉
人
悲哀
见谅
兩
遇上
後面
圆
部长
坐定
肥瘦
蒙蒙
一個
蝦仁
了得
夕阳
N
服装
心疼
因素
农
指使
密室
存放
谎言
迷惑
紅
鸟巢
高涨
在
踪迹
服务行业
脷
古色古香
学好
过半
辈子
说三道四
开辟
标注
完成
保健
一下子
午休
难得
純
掉头
文昌
文明
何方
一点...
流质
素
碎块
手软
起色
紧
drinks
上当
势头
鲜花
不外
京东
不复
公安局
人行道
赔礼道歉
細
汇差
证券
不大
不夠
等
总经理
喜糖
棕
强加
在所难免
车位
古风
理论
棚
无从下手
边城
夏天
夏夜
rp
rz
汤挺
调戏
棉
旅客
樂
景德镇
圆筒
米醋
落入
区区
乌冬
托儿
破例
微波炉
谎称
伟大
油乎乎
川流不息
凑近
豪情
是以
上火
沙发椅
舒友
海报
咳嗽
霸占
地砖
熟客
听见
recommended
拖欠
然而
催促
妨碍
打碎
圆珠笔
骆驼
产物
内
烤羊肉串
came
任珍
粉状
韭黄
椰肉
window
应有
顺便
六一
魔方
初二
实话实说
土豆
闹市区
柚子
模子
六两
复述
创始人
閒
間
166
見到
閨
扣除
板凳
卡卡
1.25
號稱
放行
名言
放血
水门
供应商
都市
顶住
落伍
马克
￥18
别处
￥16
￥10
任何人
灭迹
167
相去甚远
力气
效益
飞行
门窗
从未有过
丰满
形似
停下
蕾
芙蓉
轰炸
原因
廁所
big
黄昏
立方
期限
可见一斑
陇
体贴入微
隔热
小家子气
降
米飯
陌
额
烛台
陈
窝囊
颐
THAI
情调
葵
台子
打雷
照耀
驴
克制
驱
驰
驳
先例
驾
手感
电梯门
苹果园
鱼尾
烹调
马
火爆
驚
矗立
国门
摩登
勤劳
售票
3600
魄
304
变态
裂开
物美价廉
亲口
合肥
谈判
置之不理
世面
櫃
抢手
放心
粗话
凭空
Wagas
不止
亲友
等号
阳光
地热
40-50
下功夫
芋艿
害羞
遗失
魔法
发愁
来说
突破
洁净
inside
脂
分析
德州
手上
151
精准
152
155
157
156
159
158
间隙
极限
量减少
配给
9.
七彩
迁就
爆发
痛恨
制成
人品
优美
99
宾馆
管教
任凭
滑
調
誤
柔软
随身
九月
說
5-6分钟
蹲点
誒
語
节省成本
94
篮子
97
此刻
南洋
坦然
春饼
软糖
张贴
抹布
经济危机
仓库
NMLGB
船头
sigh
30-40
石子
倒退
亲切
超低
万分
贪心
由此
Ipad
介于
回去
怂恿
滿滿
David
灾
漂亮
冒汗
手法
灸
汽水
灶
灵
灰
暖洋洋
灭
服务效率
突出
装修
导航
武林
溶
木头人
溪
还嘴
齐整
拌匀
复式
蜂巢
营运
奥妙
那阵子
PUB
长春
相距
四季
239
外侧
235
236
230
233
樓上
见不得人
惊诧
那种
附有
成功
勇气
碰撞
工作人員
心里有数
郊区
so
sb
顾客服务
刨冰
饱满
老刘
toro
等同
hou
侵害
上路
229
万般无奈
质感
塑胶
鱼种
叫骂
本子
结账
蚌
對待
肠子
香菜
时段
干瞪眼
蚊
新民
的士
頓時
堪称一绝
勤奋
套餐
码字
码子
油条
油松
据理力争
早年
答应
認識
特点
关张
竞争
举行
来看
油雞
态
怀
怂
怎
open
总
性
怡
怨
怪
自从
舒适度
配料表
市价
唆
缠绕
胃部
代金
沐浴
跑步
消灭
强词夺理
化解
贩卖
兮
blabla
唯一
供货
好心
入
大学生
略略
豪爽
划痕
圆融
重要性
到位
笋
笃
感慨
笙
综上所述
笑
笔
笨
懂事
average
符
羊毛
確認
清明
兒
丝带
往常
香酥鸡
农场
兄

普陀
连声
婆婆
10：30
難道
厉
咖啡杯
吃惊
出错
寒意
劫
赞不绝口
咸味
逗留
出处
That
恭喜
由于
Thai
黑压压
沉醉
BB
观赏
主持人
碉堡
弥补
厚
many
堵住
电视机
放养
异味
锤子
杂七杂八
只好
300+
3000
服务业
遥控
全名
岐山
占便宜
哈多
缩短
热情
品牌
订购
龌龊
倾斜
反对
现代人
助理
恰当
新村
斑斑
挑食
污浊
31日
TNND
劣等
油渍
热汤
汰
200g
习习
隨便
know
登陆
油渣
1cm
缩
平生
漏光
生涩
交通银行
楚
滥
楠
打架
極
楼
楽
机会
四月
巴东
客栈
毒害
欠缺
爽朗
乳汁
子弹
相對
正要
crab
喧
喽
喱
喳
姨夫
时差
喉
喂
喇
喘
爱人
喝
叨念
账户
難吃
踏实
喔
papa
烧酒
赔不是
挂面
尚未
乐手
流出
凉粉
耗时
her
hei
JW
餐会
哆嗦
惨痛
帮子
时装
IPAD
出售
House
唉
政府
附属
招架
脸红
难为情
工夫
money
五星
飞镖
10％
闲情逸致
赞扬
明治
进场
據說
卡机
当即
晒太阳
冒充
好解决
无良
征求
点菜
焖牛肉
口里
奇葩
指甲盖
流浪
tx
江西
停机
素什锦
to
ta
逐一
对不住
奴才
亲朋
哎哟
在意
蔫蔫
解毒
可憐
财经
逐个
侍应生
煤油
吓人
道路
遮盖
美景
一大早
安排
打败
乾隆
高考
关机
28：
头头
粗人
冬笋
地皮
盼望
瞎扯
芡粉
眼冒金星
茶馆
香肠
随意
金边
髓
髒
软磨
盒装
跟随
手套
虎视眈眈
17:00
散落
卡消费
小型
企鹅
属
取出
材料做
屉
屈
届
屌
屏
屎
屁
11:00
层
居
山
5千
三番五次
离去
屯
打分
甘蔗
远道
主菜
authentic
直达
利害
小家伙
Mousaka
一百分
阴森
和龙
纹理
1300
牛排馆
兴许
扫描
东华
七八十
算是
滋滋
余下
影響
枣泥
然羊
商務
华丽丽
坑害
娃哈哈
思路
1分
山西路
shock
返璞归真
下雨
材
独一无二
176
迷茫
分泌
它们
反过来
相中
上空
毅然
SHI
褐色
差
分外
埋没
划得来
一切
一分
弯弯
風景
巢
洋房
和和
荠菜
工
元气
协助
平头
guess
组团
指导
新奥尔良
摆谱
上好
游轮
两一
巿
两三
不禁
没准
过关
实习
无知
邀请
巳
巷
意大利
反胃
太平洋
巴
声音
燕
局部
瓷砖
辣酱油
擦边球
玩
怪味
安检
小时候
这么些
究竟
热汤面
主力
主办
一点三
主动
比巴贝拉
冰镇
却说
厚厚的
玛
别出心裁
愤怒
燃
罐头
飘香
罗城
阳澄湖
贪便宜
农民工
闻所未闻
老到
美术馆
战场
厕所间
100-30
反映
撤走
引用
流逝
fish
嬾
汤圆
平静
倒算
评语
宾客
惑
事业
评说
佐餐
后院
忙
吃光
接连
合意
接近
圆盘
赞誉
间离
试问
☆
一块儿
培
海边
黑名单
質量
回来
其实不然
痕迹
听说
一动不动
麻豆腐
慵懒
花果
复制
遵循
一品
紫薇
鼎盛
津津有味
让位
树木
轮椅
贺野
交待
极快
商铺
制定
漫步
飙升
美禄
连接
白斩鸡
拉萨
街景
甲醛
┬
料理
冲击
礼仪
千一
不在乎
年度
轻信
瞬时
负五
窗明几净
保税区
接受
五点
摆脱
排除
宽敞
波波
鳕鱼
奇遇
二流
南瓜
七两
大颗粒
克服
水壶
單
终结
荞
荚
黄袍
荔
荐
看似
飞虫
五颜六色
总的来说
荷
up
荫
荤
荠
荡
荣
移民
城外
会展
酒精
95%
有时
敢于
绕行
剩菜
难题
外层
眉开眼笑
出事
底下
出于
主体
贪嘴
原價
偏偏
侵权
海外
fresh
家乡
挨着
網上
櫃台
牌匾
红梅
大刀
腊肉
记要
宜芝
18：30
风干
破费
一般
ONLY
而后
花生糖
无须
凉面
蓝色
领导人
光芒
付给
惠顾
池塘
吸引力
1400
明顯
鱼鲜
薄脆
马虎
差量
零点
棘手
腼腆
{
动人
嘀嗒
误导
电子
ˇ
藓
冷冻
螃蟹
随即
茸
这样
一旁
一门心思
发音
温馨
模具
成像
对面
鼻祖
褶子
粉白
茶
龙阳
老實
題
年龄
举办
顧
什么样
顿
顾
项
顺
化妆品
阿根廷
顶
保管
贝拉
發覺
队员
总是
贴切
江户
回访
欣喜若狂
國外
猫头鹰
包票
用工
X
騙人
意味着
两岸
急需
漫天
下棋
2011
鱼鳞
袄
鄙夷
抒情
袖
广元
尽量
袭
被
一千
账号
香料
放大镜
————
保持住
妖娆
牵
肋骨
特
牢
铁门
物
硬着头皮
设想
牛
牙
即刻
片
牆
摸摸
中下
强制性
版
脱节
酱肉
二十四
麦芽糖
沉淀物
lol
急性
大程度
樓梯
送货
凶悍
之外
龙头
突发
大户
大面
观看
相对人
印度人
底座
PS:
大战
加奥利奥
叮嘱
中低档
大戏
北美
河水
持续
AAA
顶棚
做客
12.31
以後
抵抗
诚信
博士
4000
瘦小
400+
进
樱桃
身份证
主意
精肉
过
一星半点
face
400g
新吉士
业务员
恍然
匀称
清炒虾仁
夹子
造成
脏乱差
夜饭
追求
省掉
玛奇朵
福士
售货
次次
这边
熏陶
不外乎
不得而知
十九
金刚钻
婚纱
酒酿
你們
地梨
话环境
le
法
空虚
迭
方块
迪
刘嘉玲
迩
6月
截
房
堪
户
腊肠
戏
鱼肚
戈
戆
来由
lt
戟
战
戚
或
我
成
戒
乱跑
lp
劳动节
一口气
回顾
办公
害群之马
笼子
服务方式
ve
清静
改变
60分
改口
发邮件
奥地利
用
甩
甭
田
申
Logo
町
年青人
粗大
山鸡
asked
堆
甜
358
那位
卖好
山核桃
着呢
烧化
蚕蛹
大便
大侠
底偏
泡
风云
看见
沾边
寻常
流失
11：00
巨星
默认
譬如
默许
开头
公用
百合
此事
开外
金针菜
受害
喻
套子
相约
派出所
香油
暗示
本來
伯爵
早日
早早
悦达
欠佳
价格较
某些
显出
夹袋
昧
眞
流程
家私
工作量
无妨
白银
姑妈
ing
嘉士伯
2010年
反问
1kg
无异
470
-D
歌
歇
风头
歺
歸
陶醉
浓浓
赚钱
歪
武
此
步
亏
联锁
惬意
衣服
通常
家教
机场
掺假
满堂
坏话
双胞胎
chef
胸部
永安
米粥
米粒
闹剧
鼻孔
7点
照顾
米粉
开动
糕
糗
糜
糟
垃圾场
糊
糍
个子
缇
糰
上心
固体
回复
糠
糥
宫殿
糨
强调
打字
FUCK
季节
飘散
按键
回话
富民
main
下酒
请假
玉兰
规律
沦为
重头
合璧
重复
统计
稀少
555
椎骨
波士顿
赢得
洋蔥
争先
酸味
中西
补偿
有心
pizza
惹
少见
深深
2008年
卫生间
早上上
诉说
品位
一言不发
哈里
干练
美国
∩o
功夫茶
自己人
话题
东宫
东家
花盆
80年代
提及
哈差
东安
美味
--
七月
准时
谢绝
石磨
粉红色
logo
歌手
张华
吉野家
全然
熊猫
资本
瑞福园
standard
褒奖
随便
尼泊尔
狐臭
国籍
習慣
无味
+2
+1
痛快
+4
再度
05分
涌
消
关东
仲盛
乱叫
涂
筱
费城
涛
关上
清单
涮
涨
润
职位
香芒
涼
枯燥
液
势利眼
热茶
富士山
团体
房门
酷似
次写
幸好
推迟
分时段
谢谢
割
光阴
牡丹江
剥
剧
剩
副
剑
姚
剛
剁
面团
剂
湖边
則
削
前
好质量
烘焙
5元
端回
打倒
冰花
日记
炎炎
鳝鱼
心事
晚班
查查
糖醋鱼
金黄色
摆渡
临走
燥热
金龙
照相机
羽毛球
满意
装作
抽煙
思密达
海底
收下
领队
慢吞吞
素雅
俱乐部
违心
吹风
忍无可忍
1388
東東
相反
扁豆
翻脸
趣事
网吧
老师傅
居民区
外公
自以为是
水牛
失落
玉
﹐
wc
撤离
草地
中高档
雨天
称称
滋养
火鍋
居多
持平
宜山
哈尼
吱声
姜
上学
滑腻
不理
老太太
点货
黑板
上涨
貌
当日
骷髅
养活
掌勺
估计量
当时
燒鵝
开张
冰品
始
贸然
正点
撒尿
美感
醒酒
摸索
碌
五分之一
漫漫
京都
前年
留一手
喷
用户
拥
罗嗦
美人鱼
放下
匪夷所思
人来人往
糖霜
冷风
棕色
畔
小孩
小学
小子
解冻
小字
烫伤
禽类
畜
红彤彤
大
夫
天
寒冷
夯
夷
造型
夺
夸
夹
夾
处
/
复
钵
外
多
夜
拣
pose
收回
卤肉
改为
事实
体制
事宜
迥异
色素
实施
真面目
接触
请问
前所未有
多拉
ㄒ
严肃
ㄧ
中国银行
超时
way
哑巴
拷
was
油花
伟伟
义不容辞
回馈
正值
损失
星期五
高档次
谋杀
超重
麻痹
拆
工商
留情
秉承
絮
味同嚼蜡
房梁
荷花
量力而行
顶风
硬棒
拗
发现
祖国
29日
与其说
蘿蔔
女服
边上
進口
粉红
软饮料
盎然
Just
参照
推崇
副眼镜
叫好
毒药
采摘
甜美
酒店
醬
醮
扔掉
醇
利于
醃
库存
醉
揪心
至少
同学
低级
下等
浪费
翰林
百联
顺畅
华人
1851
ING
调味品
接听电话
严正
玩耍
决赛
餐飲
蛮横
腴
大約
腰
晃眼
脚丫子
腾
腿
腹
腻
腥
上校
佛寺
小队
同意
腮
腩
腐
做做
﹨
评分
cao
can
腌
CAO
topic
记事本
鱈魚
营业执照
生魚片
+泰
款待
有毒
丰衣足食
朋友
播出
胃肠炎
老吉
联系
王国
客户端
喇叭腔
bean
通往
贪吃
产业
里屋
合约
营业员
应付
muffin
windows
死命
利用
大吉
大名
大同
灾难
教育
鱼丸子
视若无睹
交相辉映
乐趣
红木
有鬼
时隔
89%
不见得
闻到
牛角
传奇
老祖宗
care
滴水
便饭
陪同
狼吞虎咽
后背
新意
深知
桌前
垃圾车
xo
上海市
xx
适逢
赫然
革命
ま
土耳其
买卖
高木
里面
制品
过来人
公鸡
描述
ぶ
酒精灯
上成
严谨
无缘
happy
3点
门庭若市
停业
陡
院
险
陪
陵
陷
陶
ち
不值一提
陆
文治
で
營業
陕
つ
宝地
看不惯
price
]
封闭式
韩文
家禽
竹筒
整
感动
镜子
二百五
数
歌词
独有
竹签
only
下滑
蚧
陆陆
蚬
蚵
蚶
须要
あ
血液
20日
任务
地铁
蚕
经常出现
標準
蚝
闷热
艺术馆
铺天盖地
工商局
白点
起因
代价
綠茶
国金
鼠标
为主
观音
最近
听力
原定
楷模
炸鱼
鸡肉
×2
小時候
轻微
叽里呱啦
言过其实
接著
到达
教
樣子
故
新近
烧饼
大忌
常驻
豌豆黄
高要求
不远处
青花
失败
好端端
南北
折寿
纷纷
补血
靠近
路牌
底部
南非
悲
专攻
汕头
下发
活儿
腐肉
南面
77
领取
共和
三思
程度
守信用
豆汁
风采
少年
当下
程序
木制
树莓
扫墓
之一
寄生虫
等候
宽带
欣慰
粉丝
龙里
灵敏
太子
等值
变脸
分装
骗子
t
鼓
建国
肉皮
相见
赋予
豆腐脑
客气
好吃
转动
惹不起
鼻
底盘
單點
71
一日
一旦
JUST
举动
两月
六月
既来之
鱼水
挖掘
打针
水灵
写字
细腻
３５
３８
小白
规劝
這邊
low
lot
店管理
用处
贝尔多
返
近
连
迟
远
这
迅
公共
迁
迷
述
追
迹
迦
冷飕飕
做工
迫
专卖
星空
情景
虾丸
垂涎欲滴
抉择
不用说
凑足
本当
恶人
宽畅
重要
眯
说不定
小气
霸王
3-5
3-4
眉
看
谴责
省
辣椒粉
送行
转眼
锈
-b
超快
搡
锅
检查
越是
開張
锃
窗户
7-8
-!
些许
-5
诽谤
-9
still
::
绿茶
每逢
医药费
尺寸
吃法
离开
开开
省心
继
外表
支出
喝道
免除
成员
正气
绿
family
跃民
汤真
发作
合格
鯛
激素
818
绳子
维
除夕
除外
佳人
麒麟
终
纳入
认清
着手
德克士
涵盖
游乐园
拖延
粗心
塞塞
集体
兑奖
参差不齐
特地
络
一气
开阔
balabala
业主
特约
结
程程
难为
花茶
畢竟
绕
报号
白雪
随手
敷
敲
help
雞蛋
數
敦
敢
散
敞
腮帮子
方便
清早
敌
team
效
yi
湖南
招数
扩张
客氣
yp
青蒜
公厕
ifc
出现
假山
零食
人心
End
刚刚
善解人意
消食
显然
撒泼
中标
勾芡
光是
各样
进度
象是
万岁
光明
绯
饭食
绣
绢
消受
绸
综
表示
胆小
绳
绵
绷
绊
练
织
细
绘
绝
统
绞
绑
绒
苹果
世纪
祁门
习惯性
鞍山
分发
幾乎
wonderful
不可思议
擦拭
当当
当归
多变
62
SWFC
這些
算法
開始
清真
艳丽
检疫
banana
以為
歇脚
香甜
庆生
橄榄
邻居
电影票
屋顶
门面
频道
善于
kao

市长
死去
拆穿
5-6
噢噢
厅堂
夹杂
有加
1.1
镇江
部落
家居
菲力
ω
悦蓉
π
水龙头
有力
忙于
一个样
probably
含量
瓦块
福地
回家
美仕
萨莉亚
可疑
办公楼
难以忍受
大体
价目表
耶
安全
十二点
开幕
少数
交涉
正巧
逃税
偏下
野猫
野猪
而
杀菌
蒸发
有人
澳
黄玉
澄
有些
间歇性
媲美
有事
TALK
窗台
金玉
耒
的確
窗口
自然环境
look
照相
不冷不热
依靠
一模一样
10000
随大流
承办
两点
颇为
注意
亮堂堂
1000+
心慌
完善
啧啧
重阳
东方
太极
敲竹杠
低温
偏
5块
假
蜡笔
做
停
所以
再也
总评
15.5
时常
健
偿
投资
偷
偶
力量
背后
烛光
书签
清纯
大茴香
绝非
供不应求
剔除
打乱
娱乐
熱
贯穿
孩儿
多多
衡山
车轮
海岩
许可
晾干
暑假
流动
素食
标牌
来到
------------------------------
汤浓
奶酪
一点两点
阿里
邻座
黯然
秦风
华贵
十分一
有點
密集
日子
好玩
大白天
這次
晚间
用量
2男
2米
深感
谎话
十五
山珍海味
至今
白痴
发育
大失所望
同名
转悠
队伍
入手
30分钟
一会儿
措辞
静安
5-7
上來
段时间
嘟
切块
结业
电话记录
酸甜苦辣
-点
事实上
出乎
5-8
淋巴
换句话说
发福
城堡
壳子
公认
粗略
长条型
大赛
Coffee
出来
石沉大海
Coco
：点
海盐
装聋作哑
低估
奇形怪状
2分
咄咄逼人
档子
中秋
果脯
小肚子
胖胖
一邊
一味
好声好气
累积
公布
溫馨
化工
差一点
天目
同桌
臨時
我会
证明
并不
曾經
强
客戶
职能
弱
強
计划
周边
zz
张
下不为例
sausage
弟
俺家
東北
引
有劲
弃
开
弄
夫人
服饰
做饭
红红
省得
因人而异
说到底
长相
图文并茂
宴席
年初
12点
遵守
金汤
再三
里里外外
俱
松鼠
正常
俩
修
客房
俞
保
下场
熟练
俐
俗
封顶
亲眼目睹
係
促
疑
俄
纹路
奔腾
万一
万万
推进
羞涩
13：30
生意
宴会
障碍
秋千
擅长
哭笑不得
四五百
围坐
意想不到
上十点
5cm
私房
欢
口出狂言
票子
山寨
bakery
一家人
罐子
怨气
顺着
冰柜
当作
豇豆
前往
拿出
恩惠
矮子
绝妙
手边
半生不熟
芝麻
一本正经
女儿
证书
刻意
来源
另一方面
illy
700
IFC
胚芽
千里香
发热
健康
发烧
嫩黄
基本上上
加油站
卡套
外面
电子优惠券
嫉妒
近邻
六七点
大计
六七十
好赖
工序
局促
对于
会客
伙计
乡巴佬
随处可见
介意
犯不着
人民币
试图
名不副实
电风扇
置
何在
解闷
爆裂
纸片
馕
舞曲
推开
自虐
害人
close
明细
恰巧
安全感
易于
甜蜜蜜
老字號
告示牌
美林
大嗓门
Godiva
小菜
地地道道
市场
玻璃
奢侈
macaron
传送带
MUSE
Sunday
2013
记忆力
(
哨子
2012
发光
降低
闹事
传言
╓
除了
绝佳
杂志
19：30
來說
╱
乐山
╮
虚弱
挑战
袋装
何物
汽酒
细密
無法
添置
臭气
阴影
呜呼
归
新年
七八点
冲洗
模特
呜呜
服侍
食客
国家
沦落
高大
治安
推出
国宾
识破
舞台
住宅
路口
训话
片子
序
And
无法
住家
住宿
恐怖
恐怕
6百
威武
清高
鑫
编号
士球
前无古人
大棚
星期六
警觉
凡是
点法
好气
1-3
1-2
1-5
风沙
会谈
爱好
百姓
well
国定
叫嚷
特产
内伤
脱落
乌鱼
作料
研制
牛黄
盖子
花布
蒽
蒸
蒻
哥哥
下泻
拥挤
蒜
蒟
很快
同时
下泄
怎么着
蒋
TMD
蒂
上座率
988
书面
插头
抛弃
抛开
凹凸
活跃
盛宴
今晚
是的
羊肉
只用
给予
粗壮
11点
不斷
搞臭
渊源
…
負
全程
拯救
里外
双方
镜面
亲和
里头
28RMB
九两
eat
扇贝
腱
解释权
’
服務業
要说
路费
说笑
非凡
MSN
好像
腳
水桶
盈盈
伴娘
体面
米斯
提个醒
过错
修改
端正
躲雨
变换
拖沓
friends
茭白
嫌弃
地点
料到
清一色
三星
翻看
三分之二
江浙
预祝
巫山
三六九
打消
结算
白熊
炸鸡
老少
Nice
老小
奖励
极难
Georges
鴨
苛刻
忘掉
小指
亏本
10+
10.
麻木
江边
10%
109
好比
打折扣
103
100
106
107
104
105
︵
︶
開
举止
焖
焗
焙
武汉
焉
正是
噱头
冰雪
然
街口
焼
無
印证
天知道
伊秀寿
温温
焯
路
跪
跨
跩
跤
憧憬
跺
V
践
下文
跳
跌
鱼龙
抽血
跃
跟
距
荣誉
天底下
汁液
连同
助
严格
免疫
历史
不好意思
12：30
凭据
质朴
划破
押金
奋斗
务
忧郁
指定
胶水
以后
劣
婉拒
阳春面
购并
设有
M2
长寿菜
超差
代劳
什锦
共五
铺面
状况
劵
白玉
励
厂家
劳
大喊大叫
兰兰
大增
often
铺子
决心
队长
meat
老大妈
凉风
弹力
装璜
木质
roast
没精打采
木木
side
直线
应接不暇
蜂窝
演唱会
心有余悸
热切
学会
246
240
照常
249
248
笑颜
末了
想到
马路
顿时
001
马卡龙
Cafe
吃香
Bund
包括
注定
出路
高山
惊呼
筛选
故而
电视
中年
舅妈
情绪
z
實在
情结
幸免
骨頭
五六分
期間
皆宜
mini
秋水
特大
错过
群英会
年老
庄园
评价
病菌
小摊
人生
楼面
出口处
两手
新浪
白飯
曲折
法定
自在
看待
祝寿
don
托斯卡纳
斗牛
白食
服务质量
xdjm
磅
温柔
倒是
平等
磨
急事
CARE
激怒
李
步步
杉
杆
杀
打印机
束
杜
徐汇
激起
派对
也许
姑且
村
杯
壁炉
杭
饭堂
杨
Over
来
杠
条
松
板
真是
攀升
杰
東
冷处理
东海
着重
成本高
大言不惭
去处
层面
点燃
02
吃醋
00
01
英文
05
收敛
乌江
辣椒酱
香樟
吉野
高压锅
380
差强人意
388
热天
娘舅
第二
魚翅
货品
衣食父母
口音
随和
干酪
全天
关爱
在先
网络
打火机
天天
弹奏
单间
店員
翻天
美金
衬托
新乐
3.点
make
不乏
三四点
佘山
粗线条
价格低廉
及格
butter
鱼油
缩手缩脚
日历
下巴
笋壳
瞎
乐迪
腊
教室
金茂里
丫头
高音
二百
景象
份儿
一点：
早期
竖起
生意经
嵌入
得到
生猪
肆意
果茶
台词
软语
位置
标示
毛细
味蕾
转头
手指甲
料子
大海
拿破仑
正视
芝心
水蜜桃
5百
不过
优惠
西
榻
贴心
人选
入席
榴
福音
榭
喋喋不休
榨
梦幻
榜
榛
起码
榕
事先
榄
完满
蚕豆
追究
花甲
素净
菲律宾
广告词
空空荡荡
立式
厚道
春夏秋冬
猜猜
馨
声明
波折
小熊
充其量
238
刚好
门路
韩林
HOF
噢
花生米
器
噱
依然
没空
耀眼
噻
流下
噁
potato
YAMAZAKI
噎
时尚
碎末
打下
舒芙蕾
打交道
乌龟
神气
小便宜
manager
在家
28日
价差
见解
橱窗
簇拥
收据
积累
me
乌龙
比利时
乐意
午间
两三百
价格
商业街
桃花
肚子
公斤
走神
硬币
鄂
kept
骚动
推诿
受到
嵩山
大片
哗哗
盛昌
沒有
枫林
仔细
re
幅度
症状
完美
锅炉
黑松露
后尘
粗俗
一行
到手
犹
蛮不讲理
需
面目
断言
烟火
筋斗
独自
隐秘
长凳
隐私
湖北
刷牙
天赋
极度
咸蛋
基调
老爷爷
抵赖
摆样子
稀奇
加之
永生
村落
烤
殿堂
入口
安吉
自此
温润
烩
缩小
小吃店
有生
區別
有意思
HOUR
end
man
誇張
瘦弱
有用
手指头
相當
古漪
talk
武器
忍受
今非昔比
生火
红糖
威海
天然
变味
取材
瞭
起步
樱
门庭冷落
涂料
业绩
狮子
层次感
要點
135
谦逊
尴尬
牢牢
山上
山东
地区
班班
刚度
冰水
無數
有关
甜面酱
無敵
汀
orz
崔
锅子
具备
烛
印子
流转
where
3.2
崽
thing
崩
饼干
cheese
大本营
1F
清雅
圈点
little
后怕
刺激
浪漫
锦上添花
汪
90年代
東方
11
12
14
16
19
七八分
冷盘
經過
1+
多年
冷门
肩膀
哈腰
次品
教堂
扣分
香草
散架
郁郁葱葱
薄冰
cheesecake
男生
日常
管
shot
show
初五
漓江
认证
由来
群众
dining
礼拜三
氧化
羊角
上市
片刻
8-10
梧桐树
上帝
第五
乖乖
发绿
quite
随后
发给
1元
长发
满脸
好转
圆圆
措施
780
788
789
完整
叽叽
结成
两回事
海膽
江宁
预先
惨白
生存
鰤
选址
根长
罗森
待续
并排
贴身
对照
成行
马奶
愤慨
下饭
遐想
铺盖
英雄
ＯＫ
地毯
垄断
门店
可樂
昆虫
扇形
杏仁露
手工
自行
oil
密
商品
富
寒
美食家
察
乘车
寡
倾心
寫
寬
寶
寻
寺
寸
寿
导
火灾
重中之重
买2
嘉宾
茶壶
一家
辞退
澡
台球
嘉定
古典
高调
亲密
搅拌
海蜇
女神
海派
毁约
日期
忽悠
消費
双面
德林
served
小我
赞美
永不
擦亮
４
下水道
精巧
14:00
６
别提
这般
現金
完小
40分
鹿
！
好似
健谈
实心
想像
海盗
冲绳
绝品
沙沙
25日
来日
催命
的哥
高挑
奇特
该店
鲈鱼
淘汰
台南
井冈山
general
＿
本能
优越
一动
F
不厌其烦
顿觉
宽裕
对偶
智商
鉄
无处不在
栳
三分之一
鉴
好戏
缺斤少两
接到
点滴
麻辣烫
原型
恰如其分
找事
还价
外宾
说辞
走过
和风
褶皱
心爱
新鮮
孤零零
适时
苦涩
影片
挚爱
不锈钢
印花
语录
栏杆
大油
冷藏室
协会
专柜
换台
聘请
评比
欢笑
做东
透过
况且
换取
做主
￥48
单行道
简简单单
通气
指南
活该
实用
凝结
快餐店
赖账
90%
仁兄
酒类
面包屑
丰裕
热气腾腾
wanted
eye
高热
how
认真
流量大
主次
厚脸皮
芬芳
花都
妯娌
困扰
奶油
歡迎
半信半疑
大号
過來
对应
某个
→
↑
←
↗
↖
校
盘子
米色
积分
芒
芝
芙
雪花
物价局
一眼
节
节假日
!
花
芳
芽
芹
丰富多彩
芥
芭
芬
芯
芮
尽然
灼
来历
+15%
酥油
價值
講
时间
管理服务
Donut
鸭子
来去
倘若
付钱
唾沫
水涨船高
时人
三三两两
24
25
26
27
20
21
22
23
照射
28
29
极力
符合中国
2.
打圆场
2F
嘀嘀
鮮美
complain
資
职业道德
树皮
翻翻
商巧福
15分钟
2b
归属感
掌握
往来
故居
荟
英式
执意
头头是道
破碎
酒吧
芭菲
鬆
气冲冲
下回
大气
装模作样
美德
色相
鬱
叫号
鬼
谨慎
猩
猪
à
猬
中信
情有独钟
知识
纸盒
弹
done
西边
肉鸡
猴
道理
蜈蚣
摊点
18.
180
猛
猜
没门
185
188
189
无法无天
猗
park
带领
朝鲜
盛况
荷塘
发达
闹钟
公里
老娘
便条
继续
过度
煞是
新贝乐
莴苣
弥
本本
最终
奖
门口
VERY
salmon
弘
took
most
错开
荒
个位
味素
奌
吆喝声
奏
娘娘腔
道场
收银机
道地
布艺
饲养
短缺
215
三国演义
奇
中央
背景音乐
私语
共同点
8
式
马马虎虎
宁海
个体
万嘉
218
镶嵌
研究
东道主
Anyway
面筋
尖酸
接通
地名
识
证
词
诈
缘由
马戏
话
诚
详
边门
询
曹家渡
误
语
包装纸
供应量
诶
请
说
诱
课
诺
读
诸
meal
地痞
囔囔
铜川
卡布基诺
4050
星子
一会
估
眼神
pancake
琳琅满目
宇治
蕃茄
官府
新潮
堪称
穿梭
喜出望外
一样
北海
spa
湯包
盤子
正面
鉴赏
念叨
工地
学生
投訴
打闹
不景气
晃动
行情
粘性
银子
点餐单
死角
僵硬
生硬
没法
崇尚
震耳欲聋
连绵
手枪
音量
打印纸
眼珠
普普通通
风机
站
荼
竟
收场
九十
竖
立
坐位
眼福
红松
防空洞
在场
至於
熟食
汉泰
端
章
慧
分层
慢
作品
慾
玉米粒
should
盛饭
慈
弟弟
回應
客户服务
8日
酒釀
根本
CHEEZE
想当年
香气
怒吼
302
老老实实
305
隐匿
30.
推测
菜叶
喂奶
背面
阿叔
道道
干面
曼
寡妇
鞋底
玉米面
静静的
SOHO
TX
风景线
荟萃
走进
还原
摆弄
下脚料
带走
待客
警惕
大清早
泥巴
拉动
百灵
飘荡
腾飞
黄河路
大婶
排骨
俺
珍宝
白菜
转基因
破天荒
汤锅
干燥
可喜
形容词
借此
工人
洋葱
探讨
亨利
市侩
深处
伯
四川
深夜
沮丧
先斩后奏
不见
不觉
說是
新四军
信
福
过敏
不解
晶球
木门
致歉
乘坐
劝阻
等待
赞赏
洗洁
極其
说客
3Q
3P
聚会
常州
3F
3D
俊
Orz
翠绿
说定
古筝
活人
440
唰
-----
松松
禁
众
39
38
脏乱
Chinese
吻合
33
洗洗
31
30
36
35
服务元
躬
年轻
收工
這個
煮沸
惊人
领悟
管理
再說
张爱玲
綠
依次
浑身
崛起
想起
網
大路货
电瓶车
stone
耳机
耳朵
逼迫
保质期
苏州
殷
段
殴
f
殿
殼
1000cc
看电视
掂量
favorite
只不过
交错
口径
菜价
其
命
呼
呱
呵
呴
周
呢
浓度
员
呛
伞
呗
负责人
呃
呆
鱼腥草
约会
鲜明
受害者
111
死党
贫民
排场
6.30
丧失
悬念
中暑
满清
稀疏
装装
抽筋
贝类
算清
外國人
1.3
葱
乳酸菌
教养
洽谈
类型
风貌
分公司
烟雨
使劲
运输
度数
讲理
撤退
丽人
9月
湯頭
相差
烟枪
指挥
驾驶员
分散
大腕
家庭
多面
掉包
可气
大腸
113
上上下下
以此类推
容
金银
怀疑
顶尖
桂林
受伤
中老年人
伏
mix
破口大骂
斗争
画册
推介
山葵
合乎
弥漫
自家
售
妮子
点餐
保障
庆典
较厚
明年
熟识
打发
信任
湯團
霸道
饮食店
摩托罗拉
瑟
省去
瑜
黑土
武昌鱼
泄
泉
泊
打成
落地
客户要求
泓
泔
泛
镇上
空白
波
注
泪
泰
泳
步行街
泷
懒得
難得
惯
冷水
永别
橘子
身量
围攻
长城
冷气
18:30
兜里
揽
55555555
不已
匯
弄堂
匠
开设
光面
区
医
匹
谈笑风生
停顿
远去
火车
包
饱受
化
-0-
蜘蛛网
轻薄
S
盛赞
不巧
洒落
百思不得其解
傻子
金桥
升华
牦
两侧
欧洲
毛毛
地处
算数
交换
金桔
挪威
PONY
almost
換
尹
霍山
转角
甘愿
包场
电视广告
牛健
2选1
嘗嘗
近日
虑
略带
网址
莫名其妙
估算
砍
幻灭
养成
板栗
词语
转手
潮湿
作呕
定做
6：30
2星
做成
浮动
场地
开始聊天
耻辱
risotto
50分
冷库
公费
看不到
慰藉
年关
负一
孤单
求证
绿意
无理
安心
猪排
傳統
2200
唇
批准
about
海河
哪儿
会员卡
大肚子
吞云吐雾
倒立
看走眼
服务区
甘肃
beer
武宁
压低
配色
散客
cpi
南国
山芋
碰碰
不屑
人大
辛苦
裝修
凉飕飕
70%
往往
河鱼
血粉
农庄
欧巴桑
只得
48
49
46
44
恨死
43
4.
special
粉碎
姐
姗
4S
进一步
4F
楼梯
姆
金卡
姿
金华
姨
印尼
姬
传单
花木
不一会
ラ
リ
ュ
メ
ャ
ミ
危机
フ
バ
新婚
ノ
闭门羹
废物
チ
现代化
ッ
SUBWAY
合点
提拉米苏
份量
原来
8：00
不单
桃园
紫菜
糖尿病
零分
明眼人
婚纱照
釜
质量上乘
铺位
成本
西宫
闻名
榴蓮
登录
环顾
穿堂风
塘沽
战术
新手
音乐会
失常
形式
寧願
恶言
童子
Menu
惡心
稠密
て
分钟
上口
水果
浑水摸鱼
上司
上台
不知所云
血压
舟山
物件
化妆师
花旗
未尝
草帽
见仁见智
遮
遥
荤腥
遠
酒柜
馬路
卡座
遍
源于
火星
同一天
粗糙
遛
達
道
前后
じ
脑子
當時
对了
用料
空手
长长的
少爷
家伙
禽流感
焦点
態度
无缘无故
老人家
污蔑
与其
赵
足足
眼巴巴
童趣
不悦
waffle
漫游
临近
公馆
邮寄
透视
边料
冷嘲热讽
面包干
跋山涉水
鼠
BTW
三部曲
深入
胡乱
杏脯
汇
新区
瓷器
赶到
top
一年
组成
一并
话筒
too
张丽娜
tom
广告牌
热衷
卡普奇诺
喇萨

排比

佩戴
凡事
冷饮
揭开
披萨
BREAD
糅合
肩
肫
肤
股
肿
肺
片片
肴
鲜蘑
囡囡
肌
肋
拥有
肆
肝
肘
肚
肖
硌
渗
15年
though
旅游团
整套
结合部
一生
特权
阻拦
适可而止
当之无愧
龙柏
安徒生
刷子
报应
报废
here
预
西安
烧火
悠然自得
激烈
多么
狼藉
食品袋
客流量
洞庭湖
noodles
恬静
手中
泡沫塑料
外高桥
对岸
餘
结合
文汇
石材
餅
笔者
主角
餮
露天
蒸汽
莲池
20RMB
仁清
九宫
处理结果
警告
外围
办事效率
外国
知觉
忽略
休假
法拉
无奇不有
前者
四肢
气魄
感叹
漏税
缭绕
相投
受骗
过分
或许
福荣祥
嗝
头彩
动作
典故
压榨
情理
您老
有所
寒心
大年夜
持有
重點
成年
出场
迈进
合并
得体
长龙
意境
更为
瑟瑟
選擇
关系
55
放学
56
50
53
52
5.
5%
徐燕
显眼
观光
角
觉
视
规
觅
观
见
嗤之以鼻
补救
遥控器
独特
醋酸
人民路
私心
解
ORZ
BRUNCH
摘取
人民
荒唐
特性
人氣
plus
形势
家庭式
发送
订单
出尔反尔
看家
渺
贵族
超支
蕉
一樣
预算
白灼
夜里
右手
腰果
曾几何时
合成
揩油
错误
茶叶蛋
风声
家里
清洁
汗如雨下
牛肝菌
圣地
地步
转发
海面
违规
置于
人家
瓷
地块
公子
九六
定餐
预估
怪兽
屁股
语调
无心
428
至极
像模像样
environment
围住
护理
捻
捶
皮包
据
比如说
换
cool
捞
全家人
辰光
捎
捏
捉
捆
捅
捂
惋惜
老兄
就坐
mall
老公
前不久
开开关
远离
马铃薯
扫荡
2013年
圣诞节
注重
香港
上班
釜山
泡茶
等位
冷天
名片
手下
进贤
iphone
临时
墙纸
不仅仅
陈述
千岛湖
故乡
柏万青
节食
带回
無線
那些
杀人
水路
嗖
吃药
设备
请求
骑车
切身
整齐
当家
幻觉
仅次于
包心菜
同胞
食品厂
Cake
吃水
双休日
走样
上梁不正下梁歪
Morton
识字
时期
一流
胶原
低落
大队
末子
时机
心血来潮
不详
名义
资金
偷走
脸
服务水平
name
熟视无睹
距离感
乘兴
╲
节约时间
穆斯林
闭
╰
23分
摒弃
认为
蝴蝶
中层
中山
幫忙
糟蹋
╯
诸位
搭伙
脖
适口
╭
风范
霉
蕨
松散
主任
place
厚实
╥
摇头
義
羯
用材
脚
胆子
够味儿
羹
羽
羅
羊
美
羌
倒胃口
宝山区
羔
难以忘怀
密封
羞
斯
方位
脏
施
於
方
输给
copy
素有
受罪
新
巴掌
斌
斋
跟踪
文
改進
斟
集合
费心
限量
head
确切
藐视
较为
虚报
细长
男孩
盘面
男子
挑选
菜市
西北
353
日光
女人
忙乱
绞痛
潇洒
暗红
空前
西区
拍拍
唻
入眼
喷水池
H
單位
清蒸
PASS
传承
不问
男人
唠
扯皮
vivi
春节
熟悉
麗
富贵
电台
风风火火
拗不过
圆场
its
outside
品嘗
責任
准则
毕业
相对
唔
就近
带刺
Margarita
園
卡拉
5點
化验
欺人太甚
6.
60
63
64
65
68
69
圆脸
缝
草堂
500
nnd
摊贩
50G
白葡萄酒
能夠
香精
一无是处
奶瓶
问话
问询
50g
能够
罗非鱼
卫
工钱
量估计
总价
自知
琉璃
人群
說話
價比高
诅咒
影
瞧不起
牵强
html
偏僻
谷乐滋
350
wasabi
管辖
潜质
hour
欺诈
碰头
打击
清汤
清江
位于
缪
岚皋
儿
彼
滚
滿
滴
滷
滨
有余
滬
活生生
满
40分鐘
萨克斯
古琴
让利
熄灭
熄火
氣死
胡椒
泰國
切入
冷清
瓜皮
TRY
东北
斑点
_
纤维
乌骨鸡
纤细
卡住
shrimp
搶
人意
城管
实事求是
抗议
团子
三五成群
税务
随笔
异常
整体
取消
吸烟
搀
1027
间或
受得了
搏
服务要求
照看
▔
汁
融化
環保
睡眠
昏倒
50-60
小半
要人
鼓掌
all
不伦不类
p484
茶泡饭
缩水
网页
迷你
坏人
小米
流行
坏事
必经
工薪阶层
思想
要点
每种
浆汁
1：30
重阳节
awful
ε
周期
冰淇
虹桥
心思
大理石
大大方方
哪些
判定
废品
遗漏
what
八佰
终极
苦味
没关系
缩减
地址
咋舌
曙光
孝
闹哄哄
睡衣
▇
37
笑脸
自便
要端
加上上
介紹
欣
工行
变化
海鸥
欠债
果斷
闲聊
洋快餐
港台
藏式
v
煮饭
果断
pony
皮筋
管道
依赖
念
忽
忠
忧
快
提出
忒
志
孩子
忘
财物
跳水
必
迹象
秘书
忍
宠
西餐厅
赠品
清醒
展示
鸭梨
▎
style
闆
难
绝顶
既然
语言
5秒钟
隆
受潮
隊
扩充
拘谨
小鸡
交大
expect
信心
随
由此可见
隐
东瀛
借用
不平
不幸
小鸟
辣酱
凭着
神仙
颗粒
公民
马克西姆
常态
DPer
宾主
肉饼
feel
窝头
呼喊
服务能力
抱有
质检
穿插
原來
盘点
南伶
住户
珍爱
芝士
优待
夹层
鲜果
当中
绝壁
盤
百花
对味
伶
伴
伸
乐器
高估
伦
高谈阔论
LG2
伪
蝽
抱怨
会
伙
餐巾
企
7P
伊
四五年
欺骗
到处
公众
75
分批
为由
70
nothing
表哥
拒付
79
78
利索
假象
66
過年
变差
命令
镇定
腐竹
白搭
每周
徐徐
火气
镇宁
公约
表达
值班
停车位
悻悻
引导
灯
以上
以下
喜好
生地
长子
以为
膳食
虾油
通胀
妹妹
Bistro
前提
贬低
非常
撤出
充耳不闻
证实
家电
NND
小野
报纸
抢先
耳
两者
梁
笔录
张江
选用
西方
面红耳赤
11點
备足
還是
足额
结块
漲價
台灣
纠缠
小有名气
生动
怎样
19.8
木地板
田林
HGDS
涉及
决不
肉汤
去掉
龙
总计
蒲
還要
不同凡响
作弊
超高
来往
插队
光盘
birthday
救
遍地
隐藏
线条
但凡
格子
念念有词
一边
怎樣
保罗
15-20分钟
火候
偷偷摸摸
非法
俄罗斯
▃
▁
眼里
对劲
▆
▅
▄
█
▏
△
大大降低
返回
值得一提的是
▽
路线
汤头
冷清清
放眼
露
手機
霸
测验
苗头
乐观
先前
霖
恶狠狠
霞
順便
不可不
飞蛾
残羹
-...
鸽子
外壳
海蜇皮
前卫
华灯
听取
领养
宣称
功底
米饭
猕猴桃
悉尼
出产
呼吁
椰树
收銀
恐惧
为何
运
留言
冷
心灵
周末
连带
once
中段
可贵
写真
住宅区
green
点距离
雪梅娘
冠
开场
液体
茶坊
运用
新城
优势
博客
海之幸
剧中
土路
交加
泰国
失望
烧肉
起先
杂粮
成山
?
答道
有空
蟲
蟹
王品
蟮
喜事
蟑
河豚
偏激
母鸡
类似
培訓
结冰
身体
异议
蜡烛
劣质
除此以外
￥
麻蓉
胸口
麦当劳
驱赶
款项
总理
伊比利亚
后悔莫及
向上
ALL
底蕴
面临
跟头
可口
记账
猜测
抬杠
毕恭毕敬
辨别
老牌
塑料
粤语
螺丝
手掌
坚挺
錯過
错觉
34
該店
light
眼泪
表揚
坪
13.
133
131
136
134
139
138
星期三
积极
车库
盈
盏
急匆匆
盆
盘
监
盐
盗
盖
高点
柠檬茶
盯
盡
相
讨巧
盼
观景
18人
8.
鱼翅
82
80
81
86
87
85
嬉戏
扭曲
发抖
那里
违
前人
相似
相伴
相传
相会
算盘
满分
单身
破损
set
蛋粉
6点
於是
工作时间
their
灯笼
各位
面巾纸
提价
爷
纪律
格格
今儿个
末日
调查
南京
货
败
责
购
贬
贩
质
贵
贱
贾
贺
费
策略
打招呼
scone
回族
运动
which
负
經
各有千秋
情不自禁
五脏
气温
谈情说爱
沸沸扬扬
BS
酣畅淋漓
急忙
希尔顿
开饭
一筹
不欢而散
礼拜六
校园
低声
与否
外包装
虬
发丝
青睐
变色
方便快捷
150-50
开怀
吃饭
还
可可粉
水温
纪念意义
映入眼帘
不置可否
苍蝇拍
焦急
烟灰
人满为患
生菜
重在
工作台
计价
转弯
略胜一筹
离
进出
昨天
巴蜀
昨夜
张望
岁数
要不是
苛求
信口
禄
或者
串通
素质
没事儿
適中
雪梨
意料之中
循环
號
機會
隐身
剑河
帽子
五六十
烂泥
本着
订金
徒步
上车
沿着
路過
whole
点点
韭菜
momo
卫生纸
棉袄
星级
母夜叉
14点
似乎
例外
修正
叫
残渣
全线
擦掉
MOJITO
西餐
痛苦
什麼
佛教
在内
屋
组织
日文
一连串
规整
极
打法
金发
阻挠
阻挡
枝
高高在上
枣
冷落
枯
枫
負責人
进化
叽
数额
甜味
汉堡包
土地
豆豉
友
潜在
叉
又
粗制滥造
口味
殷勤
东南亚
止步
动摇
海绵
芝士+
*
二分之一
看场
受
天花
名堂
空调
后娘
自作主张
不容乐观
钱财
谁料
服务生
问路
暖炉
没错
层次丰富
切片
鐵板
老
加強
绿豆粥
当着
死鬼
谈论
29.9
29.8
提醒
没用
￥12
来源于
團
土
圓
圖
國
圈
商場
场
圾
地
一落千丈
圣
残酷
耀
聽到
棵
违法
棠
供顾客
森
棒
检
默契
CoCo
棋
僻静
蛋黄
唐镇
泰迪
薄皮
抽屉
两百
心急
心性
哈尔滨
浙
浆
心态
心怀
西域
308
流
日后
油光光
三四年
100.
98
越发
91
90
93
hold
教学
96
知足
稀烂
本地化
细碎
hoF
广岛
唯一一
索迪斯卡
倒好
hof
倒水
烫头
察觉
hot
空空
A
拆封
随口
金牌
手帕
异类
中路
教师
浪
1000
文革
微量
属于
1000CC
google
到头来
见习
玉子
没法儿
钻空子
罚款
口罩
相聚
awfully
迎
咱们
街坊
货物
多久
看管
烦心
惆怅
巴贝拉
接待处
残余
画画
气息
大相径庭
优良
大抵
SET
侍者
金玉满堂
汽车
发源地
金彪
长
州
川
花枝
巨
當天
巡
巧
已
己
工本费
衬衣
选择性
金谊
碧绿
起点
空气清新
早餐
口吻
夏威夷
干贝
拥堵
嘗試
身材
瓦
干货
口吃
8分钟
209
潜台词
馅儿
28.8
品種
可怕
杆子
可怜
冤枉
厌倦
討厭
面前
698
气孔
时髦
沙鱼
两码事
分得
一再
头顶
玉米
藤原
无线
岂能
年饭
赶巧
晦气
乳酸
口气
John
火焰
宽阔
講話
烂乎乎
芝士都
肮脏
买不起
心不在焉
阳春白雪
演奏
30秒
唱主角
108
打的
天花板
成鱼
101
白灼基
前面
开来
汉口
趁早
︿
装有
盐汽水
红色
餐饮管理
回转台
软件
暗暗
１２
民以食为天
养颜
贡
配有
奶
any
脸盆
区间
容许
二十五
贯
骨折
丑恶
负责
tuna
95分
大象
现如今
You
仙霞
同志
女
和面
吉祥
小商品
指手画脚
伊拉
剥削
汇总
反應
康乃馨
贪
无人问津
pot
乌东
难闻
熏肉
潜水
right
old
未经
永华
幸福感
林立
冰块
抽出
谁家
装饰品
上海港
回味
GOD
星巴克
JAZZ
保准
已经
o
韬奋
间距
权衡
只管
easy
跪坐
特此
奥
蒸饺
新式
焦
逛逛
貼心
HELLO
转变
迟缓
摆摆
传统意义
摆摊
seafood
b1
电饭煲
习气
校门
分寸
爱情
菊花茶
要是
南区
總結
之下
清明节
冷藏
母亲
文盲
小心
管用
门牌
懷念
warm
time
歪打正着
兜兜
锋
贼
销
锁
锚
错
键
锤
卡号
锡
狮子山
名誉
练习
最大化
下方
特级
坚果
手脚
狮子座
平整
眼力
高手
同声
白玉兰



出人命
军舰
骨盆

如云
难道说
一两年
营养
中肯
25分钟
咖啡店
耍流氓
面部
稻草
跑
北面
不严
上面
景泰蓝
梅花
游玩
米面
平平
技艺
家常菜
淋漓尽致
葡
算账
投影仪
調料
￥38
BAR
￥32
上来
舞动
潭
今儿
7：30
通融
伪装
排放
次等
latte
壁纸
such
学人
占卜
批评
WHISK
茶具
course
186
蚝油
有時候
菜单图片
转台
930
菜种
认知
私自
弱势
塊
KAO
危险
增进
几
抒发
BK
风俗
调动
火车站
猪仔
有失
何况
藏
物价
藉
雇用
藕
MB
人性
说穿
拉亚
藤
首要
侠
社会
统统
帝
爱美
细节
立马
河鳗
姜汤
燕云
帮
人员
10-15
say
冰箱
服務費
差不离
不久
咬牙
宗旨
成熟
大中小
蛋黃
盖饭
餐具
大拇指
概率
亚洲
朝日
玛格丽特
发脾气
袋泡茶
制作
透气
无所事事
代名词
这时候
生物
白兔
slow
30+
速食店
乌烟瘴气
going
实价
幽雅
马英九
烧
烦
烫
热
高级
烹
烂
烈
主人家
烏
累人
新版
烘
眼尖
盐都
東西
土腥气
洁癖
眼帘
洁白
豆漿
时空
大肠杆菌
冬菜
宏伊
多元化
薄饼
油膏
酒瓶
菜谱
眼见为实
发现问题
过年
神经病
提拉米蘇
川菜
如果
老婆婆
外传
断
活动
丧事
同道
潜力
收費
come
低俗
活力
榴莲
白细胞
差点
可观
牌子
沉默
走廊
嘲讽
丝米
叮
ribeye
斩
观摩
100-50
盆栽
班车
剛剛
排烟
為了
216
214
212
210
219
烧制
反倒
塑料袋
满意度
只顾
家喻户晓
愚人节
台风
名字
报名
连续
回绝
浓浓的
底层
煞有介事
较
交接
木桥
方正
解馋
木桶
无可奈何
辈
總之
平板
HONEY
木桌
渔家
盖章
中式
不相上下
送达
年轮
尊重
突兀
Tapas
紧致
妇女
安康
家鸡
前前后后
接手
观点
手柄
同上
条例
斤斤计较
达
菜刀
所以然
35分钟
拉米苏
体现
繁多
洋酒
九分
小龙
高人一等
辦
时下
箍
箱
长条形
箸
省钱
墨黑
箩
柱子
箭
写明
闻喜
虚伪
1700
合法
一整天
庆功宴
月亮
人格
折返
多种
亏待
hello
她们
若非
CPI
哺乳期
出門
钢丝
龙须面
小宝
Eat
进行
据称
地道
西式
顾名思义
沒什么
月子
小册子
增色
京城
合口味
900
非但
观察
憑
憋
君子
杰作
广大
瓜
平型关
随行
打滑
从天而降
憨
荷叶
白芍
随之
烤鸭店
敌人
长老
一应俱全
简称
答應
巴西
247
現場
争执
果仁
小兄弟
公然
松树
防滑
vip
矮小
电话线
粗鲁
发话
老同事
稀饭
商贩
惊叹
玩笑
钢
缺少
嚴重
salty
耗油
空运
橘汁
金钱豹
用水
动手
摆平
电子称
空档
供货商
震惊
购票
--------------
零碎
耗子
榖
最底层
attitude
499
唤
唬
唐
过程
饱嗝
窃
心烦
恐吓
总分
結
絕
給
尽快
理发店
考核
无误
细心
佳
公共场所
早晚
银色
really
加酸
大开眼界
矮个子
胡洪
空间有限
6點
东平
斜
即将
颜
国家规定
而言
相亲
小牛
排序
释放
菜花
专程
争取
RMB
IB
大城
完结
葵花籽
Macaron
暴殄天物
叙述
定睛
陰功
转移
直流
優雅
斗
听到
打样
摇椅
迫于
一家子
夫妻
开心
將
从头到尾
地中海
钳子
乐乐
牛排
If
酩悦
硬梆梆
长风
得利
皇宫
斑
带头
红心
心里话
斐
徐家汇
软硬件
草莓
介绍
回音
布衣
硕
9：30
人次
安稳
4月
7.30
宝钢
土鳖
请勿
綜合
中号
口角
执照
#
灰姑娘
橙汁
岩盐
金
满贯
追随
园区
老年人
无言以对
第二点
寺庙
不予
口
叠
另
只
环路
叨
可
叭
右
史
台
叶
叻
叹
司
美观
叼
会场
加温
及
蝎子
反
双
嘴唇
发
踏入
取
叙
韩风
叟
介
中用
友友
打动
味
口接
言论
仟
流泪
神速
無味
木鱼
切切
方向
粉料
different
昨日
皮赖
大片大片
取而代之
孕
此时
闲逛
营销
斜眼
鱼米之乡
關門
满眼
高品质
字
交谈
豪气
体系
飞碟
来客
居家
赶忙
直播
童年
取暖
藏匿
死脑筋
沒法
得
开瓶器
梨子
照片
意思
摔倒
顶呱呱
基础
长此以往
甲鱼
脸谱
茴
显示
全世界
玲珑
鲜嫩
摩提
点歌
帮手
小吃
城楼
水波
漠视
进驻
并且
报到
白塔
甜酒
文件
从来不
丰富
孙
关西
降低服务
炸弹
写字楼
忐忑
鱼松
影院
高中
下星期
断然
亲手
溢出
茅草
不得不
维洛卡
ago
口头禅
茶社
拉低
汤勺
鸡心
哈赞
电炉
近乎
里海
延安路
双双
：分
识趣
甘草
残留
贴近
磕
分配
专职
潮州
肉汁
单薄
渗透
真实
店名
great
闲适
江山
叔叔
碧螺春
拔丝
没辙
两分
来宾
舌头
心旷神怡
麥當勞
避讳
头绪
整修
顺心
歇歇
布局
差额
爆满
欣賞
地域
闽
花儿
酌情
8：30
杏
奔放
+点
撒娇
西多士
落座
闪亮
較
出
同比
把
杂
小巧
Q
久光
上百
动画片
夜场
秋风
步行
寂静
沙琪玛
200ml
月饼
伴奏
錯
錶
拦住
五一
见长
希腊
十分十分
传闻
杆菌
照旧
接单
所有
b2
管理局
躲避
管理层
人情味
麻辣
冰糕
冰糖
投
领头
损害
下厨
领班
石化
意味
外地人
芷江
柠檬水
肉质
Very
花园
小量
气泡
午餐
拉面
小工
讽刺
心底
景色
情愿
长宁
肉桂
翠轩
葡萄汁
情感
杵
这么
忘情
鞠躬
ILLY
叫嚣
腰包
小巷
退货
阿久
排挡
意义
1：
千年
比额
蒜苗
羊肉串
幸运
小曹
美容院
蔗糖
提炼
七點
树枝
浮夸
下來
妹子
合计
拾金不昧
真假
领域
香槟
瓦罐
犹如
梅园
过道
假币
男士
atmosphere
鸿运
经理
亲爱的
哄
瘦子
害怕
潜伏
通道
襄阳
不錯
唏嘘
勾当
POSE
膨
h
杂碎
btw
不慎
跳闸
发冷
老师
超越
学子
輪
轻视
爷叔
饭钱
湘西
年青
幽默
帝王
一点儿
菠
華
做出
秋天
评判
露面
片状
菇
明清
菓
偷税
花草
小葱
8.5
8.9
8.8
丰盛
管理方面
并非
蓝山
评为
坚强
大量
你好
五两
绝对差
注册
凉拌
开胃
生鱼片
礼拜
-------------------------
114
下载
嘴角
液态
优越感
保證
4.5
吃喝玩乐
占用
大力
活蹦乱跳
豪放
硬邦邦的
美琪
跟不上
会馆
工房
往昔
暴发户
激动
模式
美食城
满嘴
便是
粤菜馆
苦瓜
坏处
达到
5
火冒三丈
顶嘴
咬咬
选定
作成
同一
独
狮
情調
狐
狗
XXXXX
公务员
西装
狂
他們
食堂
卡服务
静安小亭
消防
鉴别
曲阳
個個
够格
多伦
视觉
饮品
跑遍
共计
怕生
當場
炫耀
客客气气
脱离
发糕
块半
卢湾区
豆芽
添加剂
9.8
茶汤
门脸
采取
家常便饭
使用费
锔
扣留
敦煌
得了
辣味
许多
种田
游泳
下去
异国
世博园
单品
包租
45分
鸭蛋
余味
一定
褒
鲜活
顾客
水泡
時候
水泻
橙子
各式各样
截止
双阳
三星级
乞讨
闪光灯
地利
苍白
地标
负数
麦
广播
回过
忘本
麺
麼
从小
4分钟
巨大
回热
另当别论
味道
长进
长远
乘兴而来
whisk
心满意足
299
296
290
扑克牌
阁下
大山
快活
-------
117
〔
着火
超大
惨不忍睹
told
朝思暮想
照应
着实
毛毛虫
旅游
週
锦
举家
去年
烤肉
指引
枕
满心
除非
幸亏
值得一提
阿宝
华芙
森林
疯
haha
疾
疼
疲
疏
那個
大米
长海
活泼
扰乱
惯例
眼光
far
有序
南京路
云雾
汤汤水水
需求
法兰西
软座
放生
某年
入口处
饺子
公房
会上
』
那边
六年
願意
order
批发
薄片
分开
迷住
叫法
烟蒂
放纵
450
小强
其貌不扬
体重
吴
老鸦
吳
尔必思
份饭
一清二楚
bread
枚
炒腰花
成团
鱿鱼
芸豆
之间
含
掰
超标
掼
控
接
探
十一点
掩
节约
器具
整整
掛
处罚
乌梅
掀
掏
蹄
蹈
晚饭
蹋
炒米
開門
珠子
权利
君
毫米
蹬
白肉
蹲
Mango
蹿
冬瓜
11：20
诚然
触角
一秒钟
明显
考试
烧坏
要略
離家
明明
一一点
风系统
tea
市面
景区
业务
往日
份额
吆
大门
ktv
堪忧
早安
管理能力
免去
周三
大伙
大会
亲人
116
腥气
總
给面子
直爽
字样
小桥流水
大伯
考量
满怀
行李
气焰
哪门子
周全
帮助
周六
热乎
东倒西歪
折服
巴旦木
输入
商业化
名符其实
油滑
商业区
盼头
澆頭
皮带
开具
白汤
网
低价
罗
终身
罄
干巴巴
署
权限
罩
罢
steak
作风
点子
漂白粉
乍浦
發生
珍贵
架势
10RMB
人头
不出所料
菜肴
皮萨
玩偶
电话响
脑袋
皮球
预留
诡异
誠信
书房
时不时
紫砂壶
speak
助消化
遭
类比
感覺
目光
柏树
和谐
坐坐
擠
擦
蒜头
擺
擀
跌倒
擅
清扫
操
全面
经
四方
积极性
领事馆
职工
油亮
如同
踢皮球
散步
妮妮
众望
啤酒
地方
餐巾纸
挨个
looks
绿色
fusion
弱智
大麻
飞机
绍兴
秩序
打点
黑森林
口语
心血
∕
左手
莲花
伱
干柴
信号
太贵
转来转去
凹
管理水平
素鸡
得知
自理
样品
工艺
名牌
∠
河南
心境
击
通货膨胀
凸
世界
尸体
凶
从事
凯
凡
看门
跳槽
凛
Beef
凝
凑
金奖
念书
凉
减
凍
交警
准
心中
金子
毒死
便秘
心上
或多或少
意愿
老闵
烙饼
鞭
摸黑
倒霉
情況
驾驭
从此
盛气凌人
急于
变质
补足
锦玉庭
干脆
鞠
刚巧
热气
消费者
要素
上数
插曲
妖孽
香花
租界
小刀
奉献
懈怠
glo
车站
装点
误差
白金
面茶
四五点
brownie
兩年
水准
铁盒
爱惜
大概
洒
20年
洗
成色
债主
DD
谨防
洁
关于
洄
洋
纵然
吹毛求疵
泾
谈天说地
洪
打捞
午觉
台布
无动于衷
板鸭
浇头
對面
好性
猪蹄
类别
不周
海逸
劳累
会员制
都木木
都行
呵呵
有的
几率
红包
华山
竹林
曼谷
季度
时日
背景
姑奶奶
间隔
專業
垃圾桶
匪
祈祷
瘪三
黄埔
体谅
木头
操作台
八两
透露
天价
爱好者
见怪不怪
天仙
日出
当场
10cm
八一
下属
lucky
5.3
汤品
下课
所在地
非常明显
飲品
中点
过来
増
墓
聚集地
中空
通明
腐烂
生气
廚房
刀工
唱
鬼子
能力
转给
口福
纸巾
执行
影子
蒿
嘈杂
打听
元宵
你报
难当
瀑布
满满
利落
简洁明了
人造
无精打采
划水
入选
留恋
大红
that
死死
先入为主
传到
大约
茶室
脚下
醫院
概
连锁店
年长
因而
通情达理
山药
大米饭
畅所欲言
粵菜
从始至终
差勁
价格便宜
摆放
下脚
毫不
散装
河蟹
马尾
众人
皇上
17点
1／3
豆制品
见面
男男女女
宝莱纳
假货
锦绣
忧伤
细软
百分之八
急急忙忙
让座
浪費
叫号码
小贩
欺瞒
拘束
90分
青春
入秋
青海
说白
蜿蜒
乌贼
青浦
平和
图片
相比之下
摇摇晃晃
后边
盘香
空余
虚假
用来
教师节
方才
思考
服务台
得空
25.5
马来西亚
菲
麻将
新郎
口子
像话
招来
——
夏季
低下
阿门
纯净水
黑人
菊
国
etc
梅龙镇
认同
伽
陪伴
迫不及待
多如牛毛
延安
同行
责任
井然有序
卢湾
听装
不在话下
逻辑
彩蝶
door
30年
环形
打劫
媚
令人
堵车
過程
段距离
包庇
匆匆
石板
儿子
抹杀
满载而归
半路
湘轩
含有
噪
臻
business
提问
应变
至
1933
很多
臣
演变
漏水
邮件
实情
韩
量变
韧
噶
头天
音
your
短袖
area
16：30
噼
油腻腻
去除
仁义
布雷
会计
看样子
超出
金灿灿
1200
噌
吉满
团团转
芭比
遥远
低廉
交流
素菜
一刀切
损坏
you
噔
盘古
噗
实践
盒饭
魔杖
挤挤
有意
改天
壮大
服从
吝啬
走下坡路
上下
江阴
菜汤
如愿以偿
抢占
思念
鸳鸯
重头戏
非洲
风扇
北
上周
关节
三千
套装
三十
铁塔
舟
通行
住处
反反复复
第一点
枣茶
上报
独具匠心
齐
掌柜
Espresso
足球场
鱼儿
发廊
重温
水滴
那时
鲶鱼
房间
不顾
桂圆肉
裏面
水族馆
不易
强大
说谎
感到
基本一致
娘娘
結果
立柱
偏向
触须
雄强
淮阳
答谢
不是
芯子
tried
蜡
收
宝贵
血水
伙食
看成
thai
蜂
蜀
刺耳
蜜
辉煌
荡漾
鲞
鲟
tnnd
捷
油画
鲈
鲁
鲅
鲇
火热
鲶
actually
鲨
鲫
芝士香
五六百
鲢
鲣
桌椅板凳
高兴
不菲
黄山
搭档
查处
差异
细致
浙江
四星级
深究
背影
玉米饼
货色
起初
齁
遥遥无期
艺术
柔弱
大幅
检讨
蝉
大年
局面
terrible
吓倒
凯旋
1日
脚癣
伤
蝇
指头
主流
浸入
忙忙碌碌
miss
付款
凱
储存
没戏
灯影
临时工
抑郁
得益
房客
黄豆芽
尾部
比价
掉价
雨后春笋
水漂
低调
鼎茶
换班
面对面
沙拉
计算
草本
薩
势必
倒腾
断档
敲敲
宽度
DIY
接送
汉
远洋
生涯
杯杯
那邊
红艳艳
改观
齊
覆盖
敬告
靖江
速溶
脏话
推脱
薰
着落
麻醬
去向
延边
烟花
达标
double
开发区
瞄
气量
无花果
收取
瞒
馄饨
瞟
瞧
瞪
侬
回国
豚
豔
就诊
豉
狮子头
是不是
当道
豪
豫
豬
观念
吊顶
品行
盈利
阶梯
自杀
離開
侨
荞麦
接收
变通
青梅
交替
缸子
刘翔
难事
3根
保鲜
烧香
报单
一口咬定
吹牛
狸
漂流
警方
航站楼
倍感
精瘦
狼
责备
眼
面条
看相
趾高气扬
试
things
中庸
做菜
滇
大多
大大
挑花
条头
黄连素
棉花
综合性
烧烤
狠
笼屉
抽奖活动
天壤之别
点火
門口
血色
四分之一
橙色
祸
闵行区
四分之三
祥
划算
晚上十点
票
祭
仁者见仁
祛
避免浪费
消协
下意识
祝
離譜
吃一堑
犀利
some
燕尾服
陈米
浮油
然後
迟疑
节操
前世
金黄
豪客
菜单
停车
着装
土匪
加长
老哥
坐落
晶莹
迟早
可嘉
出面
137
面试
中试
湿
盛情
泰国人
发臭
和和气气
不闻不问
reel
用餐
角落
其他人
文火
乐都
書
曹
曾
曰
曲
更
曩
年轻人
曝
A2
A4
翻开
难以置信
AA
AB
成绩
1288
记得
也許
换乘
As
复习
让出
手里
网上
计较
配备
侃
脾气
一方面
视角
折扣
市民
资料
可用
84
折磨
蜘蛛
JP
哒哒
引来
大额
延长
染色
动机
世界杯
JJ
桑果
内脏
桃源
搭讪
料想
嘎嘎
东荫功
帮忙
间接
长椅
机构
痴呆
大江南北
饭碗
小看
小伙
厚重
喝西北风
明显减少
废纸
有过之而无不及
埔
域
埃
环视
总共
挂断
鮮肉
至此
开车
本质
TOP
his
丸子
兰溪
老子
天边
置身
大多数
騙
干部
保险公司
近似
指不定
不等
药品
剖开
千辛万苦
汽
伐
落脚
乘凉
保洁
耿耿于怀
整数
乱来
化学品
手巾
總體
出品
情人
兰花
头油
多多少少
熊掌
豆花
22点
贡献
单据
面带微笑
漠
强行
经济
coldstone
漿
漱
漲
汶
作废
节制
家里人
漏
召唤
卷心菜
漆
may
听从
让开
演
清净
醋精
久
警察
电梯
梅川
责问
耐人寻味
断电
quality
犒劳
ー
99.9
陷入
柳暗花明
9.9
舍
优先
9.5
亏得
2.8
体育
are
LEMON
内行
BLACK
need
屡次
雾气
兴国
57
啊啊
闪烁
童工
许久
怪里怪气
１００
汤团
课程
包装袋
辅助
５点
轮流
理所当然
黑山
矮胖
横向
跌价
划伤
庭
伊利
点头哈腰
度
座
府
废
庙
应
庐
一百五
床
炸药
改改口
好奇
红粉
陆续
overall
此时此刻
智能
为名
瓶盖
玻璃窗
刀叉
寥寥
好好
薛之谦
滚滚
椰子汁
主张
ン
流动性
═
把戏
台北
觉悟
鸡头米
經歷
平底
徽菜
烟头
邓丽君
小姑
酸奶
耽搁
神似
可不可以
起伏
谈心
音乐声
分清
收款
-.-
70+
实质性
面包
膻味
欲哭无泪
拖把
死气沉沉
迷路
养生
坑人
ル
彻头彻尾
死去活来
要饭
振振有词
引发
调价
坐镇
119
肉类
不由得
呆板
施工
BF
假期
BA
BT
BR
求婚
老字号
打扮
徒有虚名
地带
那樣
告诉
南新雅
农夫
粘连
B1
治理
耳闻
牛肉
礼节
受氣
對方
抄袭
发挥
午夜
對於
采光
奢侈品
头颈
卷发
论文
美妙
5555555555
Simply
烘干
水泥
野鸡
乾
ポ
逃生
pp
乳
何故
店址
书
习
乡
乜
複
游艇
也
乘
乔
乖
乐
捡
进油
乌
乏
么
义
之
二手
本次
マ
现状
强项
沧桑
独具特色
崇
伟
百闻不如一见
污点
猥琐
比重
此生
休想
倒贴
从此以后
彰
坏东西
安格拉斯
楊
上楼
鯰魚
纯净
喉咙
印度
吸管
捣碎
吭声
高汤
酬宾
褪
portion
プ
留学
证件
志愿者
跟上
灯饰
庆贺
财富
系统
普洱
attentive
奇妙
一点一点
录
晚飯
久闻大名
融洽
年代
饅頭
庙会
硬撑
ビ
滩
爱理不理
莲蓉
MLGB
民乐
even
小林
此后
MOMO
白兰地
生还
模样
阴沟
小钱
警示
离家
环节
风景
放在眼里
凶神恶煞
创意
七嘴八舌
煎饼
120+
茶艺
ド
北極
罢工
崎
休息室
趋势
谄媚
惟
麵
此类
须知
令人发指
～
青色
纪念日
闯
叫唤
第四
闪
麽
闷
waiter
闲
闻
吸收
闹
拼盤
拼盘
头里
毕竟
降价
借鉴
运营
花鸟
紧紧
一大
一头
預訂
轻柔
WAGAS
旗号
对口
在下
All
茶点
think
テ
高档
枕头
明码
姐妹
心虚
有机
银鱼
鸡蛋黄
龙骨
better
前景
诸如
焦味
疯子
上阵
听听
彼此
遵义
勇于
劳动
went
太平
千呼万唤
STYLE
汉子
投胎
影城
打开
发酵
遇见
298
行业
称得上
藤椅
领到
总公司
买
进进出出
291
7點
给
响声
蔓
晓得
蔘
蔥
起名
蔡
蔬
蔫
導致
美食
发票机
火腿肉
紙巾
火腿肠
白吃
强势
乱
热诚
啤酒杯
小吃摊
摩托
字字
饮食业
涮羊肉
凶狠
予以
价格昂贵
茄子
POS
不慌不忙
肉包子
chess
四：
动迁
长长
即日
寿桃
找茬
干妈
慢腾腾
講究
何其
definitely
这话
争吵
名声
时时刻刻
端庄
久负盛名
搜索
骑
骗
器皿
化冻
事项
核心
骄
验
五星级
骏
13
15
粉蒸肉
bar
深厚
聒噪
细菌
内在
bad
内地
18
光火
麦德龙
百分之
邻近
购得
加进
调调
新衣
said
进去
历程
杏花
乒乓
C
细活
大胆
鱼虾
透顶
歌剧院
水军
40分钟
35分
貴
会后
1.
发慌
白米
小拇指
家用
应声
three
遮挡
不可多得
指指
岳父
把握
要好
二十
洋面
小姐
CS
165
160
161
乖巧
鱼塘
享用
110
报
浓重
sushi
一来
:
112
王牌
油光
找头
识相
正逢
凤尾
袖子
21：30
契合
雪域
捕
燒肉
机密
多此一举
20分钟
洋鬼子
隔夜
麻油
出去
肉眼
单比
妇女节
小坐
妈
座机
受宠若惊
熔
熊
相机
熄
表白
偏好
不明不白
过日子
广场
边
身心
后人
super
画面
滤
小推车
懒散
保持
集市
兴起
鉴于
邵万生
this
妳
拼凑
牡蛎
不会
些微
妮
烧卖
就餐
228
225
卤味
4-6
一概
老妈妈
拍照
约莫
卵泡
原谅
背心
捐
零零碎碎
嬉皮笑脸
梅陇镇
一两
澳门
shop
巴春
威斯汀
WC
不远千里
插嘴
蒸笼
突然
福建
奇异
宣扬
外甥
徽州
bartender
侧门
瞳
外边
diy
一百
18日
赐
电影院
开拓
爱上
认识
这天
可有可无
wait
全力
嬉闹
1.25L
乡村
疗
充电器
尝尝
云集
When
题字
折回
倒入
creamy
價錢
可否
07年
六合
别家贵
兰亭
出奇
所謂
筋
筍
觊觎
王中
闺女
答
結帳
三宝
开始服务
倒掉
筹
签
拨动
来着
扫地
造访
惜
天涯
惊
伍
想
登
惺
馥郁
惠
公交
惨
景致
乐园
粘乎乎
17：30
wagas
没收
游乐
因此
自我
真
腰花
华德
揭发
孤陋寡闻
比方
原始
狂欢
不行
走运
走近
冷不丁
張
德庄
自相矛盾
橱柜
羞辱
平庸
嘉杰
拐弯
拢
波尔多
秋葵
三角
女王
药水
3分
辉哥
笑容满面
铁青
霜
奶糕
菜色
兩三
标志性
弯
嗨
嗯
佳节
嗲
嗷
带来
嗒
嗑
DM
DB
DP
DQ
训斥
眨眼
WiFi
其他
饰品
不祥
留念
MAO
魄力
维洛城
江苏
忍气吞声
瘦肉
抢购
莫尔顿
萧条
不可避免
团队
旮旯
QAQ
转身
钢琴
饮食
３０
office
韵
手快
百般
情
浅色
分数
山茶花
成比例
汤米
廉价
次要
办公室
房租
fries
现代
投诉
现价
一隅
啼笑皆非
三两
非吸烟
椅
点开始
摇晃
面貌
瓷杯
也好
老三
兆头
圆圈
指望
椰
100g
电视节目
12:00
发芽
补贴
如其
霍
打瞌睡
比较
再有
大头
电源
延迟
外景
自娱
跃跃欲试
成群
嗓音
补货
忘不了
两面
酸梅
SRW
收拾
草原
投影
pad
逐步
窒息
扬长而去
口袋
提供
理性
黑幕
高興
代言人
加芝
相得益彰
在理
纸箱
弗
血管
三十八
演示
独创
长兴
18分
美誉
岗
每年
吸取
发言
岚
岛
說實話
大自然
disappointed
高额
岸
view
豆瓣酱
岭
岩
小市民
12年
气锅
纯天然
人流
新娘
音乐
尖叫
玩玩
随机
备注
二点
370
鮮奶
闽南
黑森
按摩
玛莎
今年
空位
17:30
行程
有效率
近来
掺
居民
古道
锅盖
礼品
放到
包含
筷子
春天
鲜牛奶
塞牙
蟑螂
货源
起泡
推
掖
蜜桃
海胆
19.9
排
再就是
懦
红绿灯
掐
茜茜
递给
配角
回想
过于
咨询
无辜
筛子
估計
掂
瞬间
餐盒
餐盘
正直
流水线
掌
沉淀
110.
即便
掉
富含
躲开
干掉
burger
鸡肋
桌边
有生以来
吵架
高低
兑换券
透风
恭
钟点工
烟消云散
逼真
汤匙
名家
展开
溶化
拨通
汤包
售卖
夜班
门帘
自诩
反而
┻
注水
逃跑
学徒
介兰
孔
折合
子
孜
介入
存
学
蹦
为准
孰
孽
學
耳边
share
虹泉
13年
签名
天津
大块头
现钞
￣
食品
肉丸
拐角
强盗
肉丁
上座
南美
肉丝
生日
滞后
一点点
一刹那
别扭
5:30
知会
山石
味觉
:点
有心人
逸
理解
Bar
好些
乌鱼蛋
好事
撬
HAPPY
好人
其乐融融
烙
前辈
残疾
7.
分割线
寄
皇家
五香
￥88
皇室
终点站
19：00
逐
不对
成语
El
本色
贝西
本钱
免费
诊断
应答
华美
引起
查找
每人
寒碜
麦粉
肠胃
有史以来
波罗
weibo
明星
吹捧
务必
實
小调
童子鸡
层层
半透明
回报
----------------------------------------------------------------
内幕
寨
松松垮垮
郁闷
笋鸡
市容
外露
God
不错
梅林
违约
思南路
红红火火
统一
半價
诬陷
讲解
适宜
气氛
13:30
21cake
黃瓜
紧缺
微弱
酒足饭饱
责任感
加盟
View
太后
find
做事
推卸
waiting
做人
老虎
好话
簡
不明
交往
Set
倒不如
流露
热点
真心实意
破烂
清晰
双子
油迹
过意不去
试试看
山泉
汉奸
酸乳
Terry
好笑
King
士粉
好说
新款
身段
拉开
内疚
魔力
旅行
友谊
不說
蜂蜜
开发票
影像
茗
洋人
茎
通俗
埋头
茂
x
茬
生氣
KDS
光光
担保
受热
扰民
龙眼
を
芦
王八
反省
KTV
灌装
中文
大渡河
脆生生
口渴
属实
新加坡
原地
西湖
调出
情願
软塌塌
人们
キ
伏特
VIP
见方
颈
颊
领
颗
風
头脑
阵势
颤
荔枝
羞耻
高下
成天
10分
腾出
长征
变更
餃子
四季豆
今朝
亮丽
两三分
祖籍
酒钱
温暖
中档
欢欢喜喜
胡说八道
导演
意志
餐厅
是否
说了算
旅行团
B2
am
&
路程
功课
原本
不堪
公道
随随便便
老实
壁画
一百年
改掉
假如
避風
老家
名厨
2年
盛器
便当
椰林
瞠目结舌
真相
红润
号召
小小
消費者
洗澡
念头
配料
诟病
推翻
涩
拼接
毅力
详细
配方
%
论理
16日
經理
车上
箩筐
门铃
VIEW
讨价还价
200+
200.
市井
2000
真理
鱼香肉丝
2009
玖
肠道
衝
衕
街
表
衬
衡
衣
补
衹
做好
智者见智
无名火
糖果
兩點
琢磨
一侧
為何
通风
众目睽睽
司空见惯
青葱
抵触
丑陋
投入
玲
或許
乍
玫
屋子
环
忠实
4：
玄
后半夜
王
17日
香河
发条
可靠
撂下
宣传册
复印件
FB
截然不同
遭受
怎麼樣
欢快
怎么样
厚厚
0.0
纠结
是非
礼
十二
冲开
长短
以至于
不复存在
小曲
罚
调配
桌子
發票
大雁
无形中
咀嚼
dd
ABC
起哄
风向
植物油
凶恶
标明
清洁工
无非
老盛
约克
迷人
出乎意料
┏
田地
掺杂
HOHO
臭
轩
<
言语
泔水
趁着
勾引
钱
古董
工作日
自
便利
饺子馅
短期
day
疯狂
报价
满座
不可收拾
搞好
罵
醒目
妥善
特特
罪
破败
方圆
饭铺
盲目
车
对得起
熟菜
不屑一顾
谦和
５分钟
大杂烩
鲳鱼
F1
一个劲
春
结婚
万寿斋
倒数
水城
世贸
六日
如意
赶快
四年
四平
雖然
出彩
短视
平衡
ipad
取胜
莉莲
呕吐
慌忙
动力
略
番
糟糕
近年来
日落
spicy
易
打工
南昌
载
沙发
商标
326
328
撒谎
孝敬
择
拼
拽
拾
拿
真心
拉
破旧
拌
拍
2011年
担
拙
招
拜
拐
拒
拔
拖
--------
饭粒
来时
YOBA
童
威力
去年底
柠檬酸
夢
酒香
剪
无视
刘谦
依依
夠
西门
起家
成型
故地重游
面料
固有
惦记
黄酱
师傅
风凉话
卫生
摆设
黄酒
轰
抬头
文化
复合
装置
普罗旺斯
一干二净
餃
疑虑
太
玩儿
留心
印刷
舍不得
460
内蒙古
高昂
胡瓜
娜娜
外衣
万年
过时
寝室
空腹
众口
张嘴
大钱
立志
毁坏
此行
cod
钳
没什么
韩语
愚弄
黑白
Laksa
加价
thought
笋干
风味
冬季
阴险
人去楼空
懒洋洋
topping
正义
关键问题
普通人
联想
必将
发短
吆喝
儿女
怒火
臉
失
晕倒
soft
再而三
簇
大头菜
助兴
浮云
钉
周到
尽可能
簿
墨魚
制造
原价
头
次日
厌烦
石门
炒作
欸
欺
兑现
款
诉苦
欲
39.9
次
用到
来自
可信
搭建
庭院
马上
嘱咐
上课
肉丝面
D24
567
国有
内心
暧昧
咕嘟
梅川路
自尊
行家
pie
收集
請問
侃侃
辗转
极化
管理制度
分享
按铃
泥土
花头
经不起
样子
Costa
连理
涵养
快递
五官科
金箔
汽车站
Salad
深山
努
气度
加
GG
GF
GC
原产地
带水
温和
速度
公社
劝
办
力
头衔
借口
备
碟子
西点
50分钟
This
踏足
冤大头
盅
一律
执法
猖狂
递减
莫过于
超薄
100-20
同日而语
红衣
石斑鱼
有偿
家常
Cold
狂放
推辞
豁口
筹备
不和
法文
房間
知晓
缺陷
脸颊
学长
团伙
掉落
预言
餐费
高个
翻腾
嚣张
muse
must
设立
夏
心仪
空荡荡
云云
打假
乾坤
草籽
bund
燕窝
降临
原汁原味
打折
檀
江
资深
杠杠
乳酪
魔鬼
肉冻
污
汤
海里
邮局
率
阴冷
拉家常
over
独独
剔
西北风
那不勒斯
名气
動
家属
适量
海洋
灵石
外帶
必不可少
韵味
力荐
提议
盒
托词
草坪
布奇诺
扫把
泛滥
场面
必须
赠券
富有
柱
物质
逃脱
free
对不起
HD
花园里
天上
天下
斑驳
趋之若鹜
冷静
公分
长崎
上浮
横竖
字号
上海
着色
有助于
小女
吭哧
上浆
喜庆
袜子
之一.
奔
套
舒服
奉
奈
坎坷
好
够
麻利
她
奸
奴
本月
18.9
18.8
耳背
总部
海上
发胖
18.5
绑定
奢
店面
几乎
人头攒动
葱花
法式
画廊
胃
胀
做作
安慰
病人
传真
组合
疏松
光秃秃
常熟
纸币
停水
宏基
目
取决于
花香
成果
外婆
說明
鳄鱼
金枪鱼
四十分
砰砰
飞扬
留意
知心
玻璃片
clean
娘子
5000
橘红色
准备
夜市
稻
趾
行
服务模式
女朋友
稳定
合适
果木
耳根
而且
低端
破坏
1.5
足
娄山关
雅座
千千万万
解決
大饼
口直接
啰
讲述
龙凤
火暴
恶心
合伙
苏武
零钱
糖蒜
采
驱车
野
重
里
释
大麦
PIZZA
放棄
日货
车票
Room
递送
心平气和
舒畅
有别于
盒子
三百
骂骂咧咧
得天独厚
眼熟
元素
小肠
靠垫
越
句句
進去
waitress
牌号
要冲
杏仁
土腥味
崇洋媚外
光顧
光顾
初衷
电脑系统
不买账
20-30分钟
HK
刷刷
HI
牡丹
Life
热热闹闹
散发
雞尾酒
上前
调节
纽约
拿到
竭力
攸县
脾
需要
two
鸡头
脯
中老年
脑
小院
進來
鱼网
1／4
脊
脉
巴麦隆
西藏路
暴躁
丰厚
西南
口水
外带
凶相
敷衍了事
捎带
音效
荔浦
check
挑起
奢望
科勒
眼睛
不知
萎缩
攀谈
别墅区
熟知
国内外
二十年
点折
火盆
铭
避免
服务费
障
便餐
景观
豆瓣
咽下
大喜
九百
得人心
下水
一心
骨肉
长衫
water
接受范围
华而不实
冷食
充饥
台灯
刮风
明天
微型
打断
对峙
金杨
那麼
良久
早
拼命
厲害
长宁区
RICHY
称心
岳阳
记住
风凉
坚持
重庆
光荣
工作餐
旦
喧嚣
蜜饯
building
cocktail
玻璃门
恋恋不舍
地头蛇
招摇撞骗
猖獗
海味
宣布
开始
余姚
费解
76
虫
勾结
对折
虽
既
正规
优秀
虎
虐
處
土豆泥
考慮
芡
虚
預約
折射
河边
本分
靠边
产品
谢意
学校
更年期
虾酱
大别山
哈哈
半数
南浦
蛮劲
宇宙
闲散
凤
竹笙
三明治
高空
探亲
大理
优惠价
不曾
环镜
漏斗
留住
桑葚
舒心
一品锅
称之为
次序
卑劣
为人
浩浩荡荡
滿足
凌
期望值
缺点
沙龙
净
齿
垃
旦旦
酒店管理
时
90分钟
折腾
博多
缅怀
总归
花钱
感情
Laris
实物
小天鹅
物体
着眼
密友
7分钟
功
眼馋
引以为鉴
＝＝
当地人
那裏
刚才
瓶
哗啦啦
正门
拉扯
将信将疑
一部分
纪录
专区
外甥女
一點
古
不怎麼
时过境迁
记不清
半死不活
+3
刺眼
承認
大都市
人口
review
效应
人参
10
除去
带子
尽早
豆油
挤出
满满当当
豆沙
输
透光
辛
笔挺
辟
规格
辅
吃苦
辉
限度
门槛
辱
辰
优点
说理
辽
辣
楼房
锋利
辫
老本
牛菲
瓣
通心粉
豁然开朗
震慑
充裕
流血
j
档次
因小失大
睛
睐
嗓门
纠纷
泡泡
潘
see
音箱
IT
滔滔不绝
ID
失手
Is
It
偏见
串门
女仆
美丽
2B
免不了
2L
顾客需求
纸板
汇报
说实话
诱导
時間
2K
揣测
猫腻
团鱼
爱恋
集会
纵观
青龙
发黄
格局
客厅
咖啡
table
兴奋
乱糟糟
通知
愕
容易
鮮味
电视台
恭维
多排
米其林
好景不长
瓶口
油污
面面相觑
骄傲
親切
利益
那样
进价
皮蛋
较老
四周
光景
430
根据
体育场
感受
搅拌棒
蓋澆飯
小生
超
动感
觅食
晚上上
4.6
4.9
4.8
看出
诸葛
笔记本电脑
洞庭
咸鲜
免疫力
有时候
事故
74
盱眙
大半天
公司
仓促
代表
双手
土包子
逊色
最低
欢聚
装做
大同小异
过不去
noodle
不管不顾
菌
蔡嘉
睡觉
挂羊头卖狗肉
and
害人不浅
完了
热腾腾
回归
笋尖
高跟鞋
好听
鵝
黑色
酸黄瓜
改
攻
兴隆
政
攤
支
攒
为辅
说不过去
鬧
到家
這么
逃避
凉白开
召
望去
面包房
纯真
总体
海金滋
轻声
迅速
提防
地摊
跳棋
開胃
了不得
大楼
拿下
炸酱面
正月
拉长
5.1
好生
5.5
5.6
5.7
5.8
清洗
黑木耳
标榜
不可同日而语
精美
京剧
舒適
范儿
废话
錢
文章
神韵
猫
过路
驻扎
偶像
员工
怒斥
贝尔
献
奸诈
索赔
娇嫩
菜
L
吸引
慣
黄豆
面上
丢面子
撒旦
半成品
陈醋
早上
dong
灵芝
定点
温水
远处
机器人
控制
挡住
走向
慈禧
腊味
一會兒
人身
金陵
家小
十月
旅行社
惊愕
Shanghai
BBQ
包住
打入
晚宴
洛
司令
小叶
小号
洞
紅燒
就要
定位置
P484
点卡
公正
要不
傍
傣
催
琵琶
傲
傳
命名
洲
湾
真谛
湖
虹梅
香蕉
湘
JZ
一尘不染
各种
JS
JM
朵朵
派
JC
寿司真
恼火
杂货店
举手
萦绕
津
甜椒
发票
慎选
酒水
风和日丽
him
好日子
分离
贯彻
客串
空洞
5-10分钟
见识
唱机
见证
布朗宁
对质
至于
扬言
起跳
领会
刁民
GKK
单位
Japanese
汆
c
叫做
知青
方言
公寓
山城
待人
征询
过去时
埋伏
当成
打电话
彷
排位
晚会
彭
彩
提前
当
-------------------------------
各色
彈
兴旺
除掉
俏
外挂
锦江
立即
rib
德克萨斯
湖滨
露馅
m
蘚
明白
咗
席地而坐
即时
广发
销路
菠萝
肉末
龙门
自选
不必
不忍
调侃
螂
不快
山珍
大雪
牙膏
百
分歧
龟
godiva
新石器
十分
宽松
唯
姿态
老大爷
電視
乒乓球
服装店
并未
黃魚
侵
急诊
便
完事
侧
看头
価
侯
说服
依
￥5
百分之十五
供
辞
理所应当
一对一
例
维持
覺得
欺騙
115
法院
视野
尸
公事
牧羊
﹌
盐巴
打翻
何处
韩国人
小方
增值
顺势
战斗
領班
尬
118
嗦
知己
心灰意冷
以防
贵姓
要紧
拉稀
电费
套套
年前
金沙
we
平方米
上當
待会儿
WASABI
氛围
马小倩
辆
冰凉
逐年
软化
乳山
立刻
阶层
尝试
笃定
环境
浴室
协商
7788
似曾相识
1525
富豪
滩头
种地
博物馆
呼吸
關門大吉
广告
颜色

国宾馆
盗用
辜负
柯达
稍微
变动
創意
说话声
无语
Awfully
休憩
明太鱼
挑三拣四
http:
apple
馅饼
崂山
基友
尊严
略为
岗位
食用油
心脏
人数
普吉
头等
备料
傻笑
打退堂鼓
冰糖葫芦
小年
飞舞
笑话
面人
古旧
达成
刀子
服务中心
嘉善
清谈
先知
估计
对付
可比
澳大利亚
相比
要求
健忘
呆滞
电视剧
┗
┓
成本价
曾经
┛
own
━
┃
海南
┳
到来
金橘
活物
各类
声张
松露
钩
钥
钦
钚
得过且过
钝
钞
趸
紧跟
针
奢华
分家
地雷
忘記
181
木椅
風格
板油
稀释
反感
单子
悔改
报销
发高烧
销毁
不過
黄澄澄
格式化
氣氛
人丁
187
后脚
把手
牌坊
鸡翅
人为
建议
饥肠辘辘
虚心
上层
穷鬼
未免
房子
离奇
鴿
下层
评
如今
豬排
保举
俺们
下旬
纯朴
台面
带到
树根
冬荫功
格格不入
⌒
趐
诉
烟
诗
KK
兴趣
KT
饭店
忽然
楼层
1.6
至多
皮夹子
冰火
夜猫子
饭馆
无锡
小妞
威宁
参
压制
匮乏
雪山
现成
好记
体质
上地
体贴
购买
辩
VELO
常用
23日
练就
葩
××
杳无音讯
chicken
董
往事
著
葉
罗汉果
墨
花瓣
999
小妹
墩
words
膨胀
珍品
Tea
规模
利润
丁香
吸血鬼
層
上门
九点
签证
阶段
CC
前台
用品
撒气
DDP
夜空
自费
境
漏掉
5月
证据
研发
爱国
归类
10分鐘
闪电
忙音
那年
小聚
治疗
4元
终归
正常人
bbq
STARBUCKS
跳蚤
冰砖
蜜枣
相互
墙
will
唱片
座椅
凯撒
讹
雅
反比
Pasta
震撼
空无一人
19:30
幢
3星
欣赏
蛏子
幫
PP：
方方正正
五谷
延期
point
谈不上
心子
other
粒子
屏蔽
菜单内容
被子
外加
幸
毁
幽
純正
茅坑
营业
胸卡
填写
11.
﹏
订位
菜牛
七年
白果
青年
光点
跟班
钥匙
热饮
三晋
after
重申
责任心
偶爾
面对
勉为其难
趣
单字
趁
饭庄
煎
丝绒
莱福士
藍
抬举
趕
弱点
无处
落寞
残疾人
私家
超乎
示意
﹃
門面
背部
book
幽静
贵人
开灯
煞
自助式
地铁站
黑炭
煸
煽
煮
照
煤
表皮
煨
doc_mat cost:240.870000s
doc_mat cost:2.940000s
Train cost:504.080000s
[  5.  21.  89. ...,  12.  34.  73.] 
[   3.    8.    2. ...,    5.   62.  120.] 
[   7.    2.    6. ...,    2.   86.  175.] 

6518696.0 
5462872.0 
5922108.0
##################################
[-14.080747   -12.64566248 -11.20154854 ..., -13.20527826 -12.16382439
 -11.39972547] 
[-14.41487293 -13.43404368 -14.82033804 ..., -13.9040473  -11.38635083
 -10.72599347]
#################################
Test Cost:537.140000s
#############################
positive precision  :0.801887 
positive recall rate:0.710554 
positive F-measure  :0.753463 
negative precision  :0.794835 
negative recall rate:0.557905 
negative F-measure  :0.655621 
neutral  precision  :0.680427 
neutral  recall rate:0.956000 
neutral  F-measure  :0.795010 
right rate          :0.742373
总计耗时:799.280000s
